2016-02-29 18:14:12,638 [10] [INFO] |5VMKEIB2SSRJmMxLZ5Kp2daa/oQ=| Client subscribed to LiveScout.OnOpened
2016-02-29 18:14:12,638 [10] [INFO] |TVbn6aol/GKAtpDM/q3lmkqOo30=| Client subscribed to LiveScout.OnClosed
2016-02-29 18:14:12,638 [10] [INFO] |7R4nKrKbIklTDPQtqNYk8+LwfOw=| Client subscribed to LiveScout.OnLineups
2016-02-29 18:14:12,638 [10] [INFO] |3uahYfJVhY2DOT8MGZYUcbjQQ50=| Client subscribed to LiveScout.OnMatchBookingReply
2016-02-29 18:14:12,638 [10] [INFO] |lLECcvQ3ouzcRPRJa8e2KTiCNgA=| Client subscribed to LiveScout.OnMatchData
2016-02-29 18:14:12,638 [10] [INFO] |G0EkHkdph6VCuzIe6SvHdzHlw/Q=| Client subscribed to LiveScout.OnMatchList
2016-02-29 18:14:12,638 [10] [INFO] |xfin3+UwegQ8QHnqHWs8LaiEkBg=| Client subscribed to LiveScout.OnMatchListUpdate
2016-02-29 18:14:12,638 [10] [INFO] |sAsjeqS1QlxSedr3QWBNwBJ32ww=| Client subscribed to LiveScout.OnMatchStop
2016-02-29 18:14:12,638 [10] [INFO] |lCYxlELnEx8gECVD0uqjejQ1lbg=| Client subscribed to LiveScout.OnMatchUpdate
2016-02-29 18:14:12,638 [10] [INFO] |Xm5PW1YXG2T2K1qbPR1PwLQiFGo=| Client subscribed to LiveScout.OnMatchUpdateDelta
2016-02-29 18:14:12,638 [10] [INFO] |RS+UvcgkXlsF6/7yE1HSNPW5N+Q=| Client subscribed to LiveScout.OnMatchUpdateDeltaUpdate
2016-02-29 18:14:12,638 [10] [INFO] |aW8arAj40bWgRGmlii1bUljBaSU=| Client subscribed to LiveScout.OnMatchUpdateFull
2016-02-29 18:14:12,638 [10] [INFO] |2V4pkqnOJfl18vwV5NHbQ2S4OMI=| Client subscribed to LiveScout.OnOddsSuggestion
2016-02-29 18:14:12,638 [10] [INFO] |pj1S0G3TpOhaVrCLNi1HHMoiJ9s=| Client subscribed to LiveScout.OnScoutInfo
2016-02-29 18:14:12,638 [10] [INFO] |d+AMmMyhf7JSGlCiATCwUviHvS4=| Client subscribed to LiveScout.OnFeedError
2016-02-29 18:14:12,668 [10] [INFO] |jA05IvHSvBQDLPYHvLFB92GMcks=| Scout.GetMatchList: 6, 2, False
2016-02-29 18:14:13,988 [17] [INFO] |C2/RLSphN9Z+NI/CST2c63uL1Qs=| [Elapsed 00:00:00:00.0000000] Scout.OnOpened
2016-02-29 18:14:14,378 [Dispatcher1] [INFO] |GIRGWY7FnQ2Lui8k3Kg8oCZwqXI=| Scout.Subscribe: [8994185;8994183;7898420;8780194;8990403;7761556;7770460;8994991;7935922;8402458;8402460;8402464;8402468;8854426;8987465;8994989;8047694;8884890;8987469;8987489;8995227;8995229;8995233;8995009;8995021;8995225;8994985;8931357;8987479;8854428;8927124;8994997;8994981;8987491;7608036;7608038;7608040;7619792;8047752;8083664;8159434;8444224;8926188;8948587;8994731;7705810;7885462;8083650;8854430;8939349;8971157;8971175;7508158;7627828;8194422;8939361;8957685;8981193;8994999;8995127;8994987;8994735;8560038;8994729;7494866;7588622;7607612;7689174;7838818;8036546;8564342;8947335]
2016-02-29 18:14:14,438 [Dispatcher1] [INFO] |DmxzXXvwoUPCYqu4GprldbADWsU=| [Elapsed 00:00:00:00.0639286] Scout.OnMatchList #72
2016-02-29 18:14:14,788 [Dispatcher2] [INFO] |KQTdDJKf0hkCKMSInL3ZKBgPQJQ=| Interesting match id 8994185 has come to terminal state
2016-02-29 18:14:14,838 [Dispatcher3] [INFO] |k33NQ7n7mbjHXWuA4XDrhBipOvk=| Interesting match id 8994183 has come to terminal state
2016-02-29 18:14:15,148 [Dispatcher2] [INFO] |tL9MjjQjuvuC3RJAc1kXnvCFvCc=| [Elapsed 00:00:00:00.3010117] Scout.OnMatchUpdate 8994185, ENDED
2016-02-29 18:14:15,148 [Dispatcher2] [INFO] |iAQfk8QWzmL06Et13TfUOE/wW4Q=| [Elapsed 00:00:00:00.0003622] Scout.OnMatchUpdateFull 8994185, ENDED
2016-02-29 18:14:15,158 [Dispatcher1] [INFO] |Awj98Uy1teguGu+y1wHcc3vH7ac=| [Elapsed 00:00:00:00.0066498] Scout.OnMatchUpdate 7898420, NOT_STARTED
2016-02-29 18:14:15,158 [Dispatcher1] [INFO] |BZFhUN35e47raN/PF/ljWH3uG/A=| [Elapsed 00:00:00:00.0007474] Scout.OnMatchUpdateFull 7898420, NOT_STARTED
2016-02-29 18:14:15,188 [Dispatcher3] [INFO] |nHm1WVTz/WQL9xvE6mH5oEiXhrU=| [Elapsed 00:00:00:00.0152298] Scout.OnMatchUpdate 8994183, ENDED
2016-02-29 18:14:15,188 [Dispatcher3] [INFO] |jJv5HWu5x+CV+IxLaHwqOuiqSS8=| [Elapsed 00:00:00:00.0021213] Scout.OnMatchUpdateFull 8994183, ENDED
2016-02-29 18:14:15,338 [Dispatcher2] [INFO] |KaAZZz73oh2b2EiDv8F3vh5to4Y=| [Elapsed 00:00:00:00.1506907] Scout.OnScoutInfo 8994185, #4
2016-02-29 18:14:15,338 [Dispatcher2] [INFO] |+ivq3YK0e5wud2npaUfkSbh0fzc=| Interesting match id 8780194 has come to terminal state
2016-02-29 18:14:15,378 [Dispatcher1] [INFO] |rI2VDx2iK8MWpveou4QG4JTUuDw=| [Elapsed 00:00:00:00.0404274] Scout.OnScoutInfo 7898420, #4
2016-02-29 18:14:15,418 [Dispatcher3] [INFO] |c0Lf7J9VvZchVvwIv2lk26KJlxg=| [Elapsed 00:00:00:00.0404274] Scout.OnScoutInfo 8994183, #4
2016-02-29 18:14:15,478 [Dispatcher2] [INFO] |AfIyA5cZDibYThp5cwJDaYOrfB4=| [Elapsed 00:00:00:00.0404274] Scout.OnMatchUpdate 8780194, ENDED
2016-02-29 18:14:15,478 [Dispatcher2] [INFO] |mcekmxxBRMVDbTPR3UDgN4Qk4Lc=| [Elapsed 00:00:00:00.0009017] Scout.OnMatchUpdateFull 8780194, ENDED
2016-02-29 18:14:15,488 [Dispatcher3] [INFO] |OAuFxzO6/QJzoSwXZFD5O0hNuQ0=| Interesting match id 8990403 has come to terminal state
2016-02-29 18:14:15,558 [Dispatcher2] [INFO] |GTTgkrI2qznMYgQ8Xm8IGmnsxyI=| [Elapsed 00:00:00:00.0672272] Scout.OnScoutInfo 8780194, #4
2016-02-29 18:14:15,678 [Dispatcher3] [INFO] |sLT/5TWJI9MsnKtWIvhrEPX2Ryg=| [Elapsed 00:00:00:00.0672272] Scout.OnMatchUpdate 8990403, ENDED
2016-02-29 18:14:15,678 [Dispatcher3] [INFO] |qibmlOKE3xBx1LNs47ZczMSX1E4=| [Elapsed 00:00:00:00.0007622] Scout.OnMatchUpdateFull 8990403, ENDED
2016-02-29 18:14:15,748 [Dispatcher3] [INFO] |oHDsvFJiWexB9Oz1nuRgTwLw8pM=| [Elapsed 00:00:00:00.0693657] Scout.OnScoutInfo 8990403, #4
2016-02-29 18:14:15,758 [Dispatcher1] [INFO] |8o7q/8jFyz5rAxNOAPQ2EhuQB/I=| Interesting match id 7761556 has come to terminal state
2016-02-29 18:14:15,858 [Dispatcher1] [INFO] |+oHHIia/kvrVszzZArpD6+GItCk=| [Elapsed 00:00:00:00.0969297] Scout.OnMatchUpdate 7761556, ENDED
2016-02-29 18:14:15,858 [Dispatcher1] [INFO] |g1STtI29xOS+Orn6JhK4+pbV4zU=| [Elapsed 00:00:00:00.0007519] Scout.OnMatchUpdateFull 7761556, ENDED
2016-02-29 18:14:15,908 [Dispatcher3] [INFO] |Oy2q2icvgdkex/fuMnGMSV4xMfA=| Interesting match id 8994991 has come to terminal state
2016-02-29 18:14:15,938 [Dispatcher2] [INFO] |kUibEghRAZqxI+lWlJ8BjiIjuA4=| [Elapsed 00:00:00:00.0314161] Scout.OnMatchUpdate 7770460, NOT_STARTED
2016-02-29 18:14:15,948 [Dispatcher2] [INFO] |KsD+D/2k9Qva588xhB8Lsn/62YY=| [Elapsed 00:00:00:00.0011231] Scout.OnMatchUpdateFull 7770460, NOT_STARTED
2016-02-29 18:14:16,038 [Dispatcher1] [INFO] |hVhFuaF1C9xGNjtCuARZVhpSRL4=| [Elapsed 00:00:00:00.0924441] Scout.OnScoutInfo 7761556, #4
2016-02-29 18:14:16,038 [Dispatcher1] [INFO] |Imx2O4CwE/PYX4w/W8wiwGLpsiE=| Interesting match id 7935922 has come to terminal state
2016-02-29 18:14:16,108 [Dispatcher3] [INFO] |zxkTN78tOHhcBem/BxVDP2V0BxY=| [Elapsed 00:00:00:00.0715630] Scout.OnMatchUpdate 8994991, ENDED
2016-02-29 18:14:16,118 [Dispatcher3] [INFO] |YdKvBX85GwD0+wANb+ejGgAQoXc=| [Elapsed 00:00:00:00.0116065] Scout.OnMatchUpdateFull 8994991, ENDED
2016-02-29 18:14:16,248 [Dispatcher2] [INFO] |RmknlnNNEL/s1fskZ7Xs/riLvM8=| [Elapsed 00:00:00:00.1275830] Scout.OnScoutInfo 7770460, #4
2016-02-29 18:14:16,248 [Dispatcher2] [INFO] |siFwnpGI80r6TFbCJUw63w1jETo=| Interesting match id 8402458 has come to terminal state
2016-02-29 18:14:16,258 [Dispatcher1] [INFO] |lXjwMa+vlX41ezqySbcIQt6CXQE=| [Elapsed 00:00:00:00.0096743] Scout.OnMatchUpdate 7935922, ENDED
2016-02-29 18:14:16,258 [Dispatcher1] [INFO] |XWWgmS38qHA3Jmx4torNQzIV95A=| [Elapsed 00:00:00:00.0005938] Scout.OnMatchUpdateFull 7935922, ENDED
2016-02-29 18:14:16,328 [Dispatcher3] [INFO] |Tt0TCwR6GnJwC+5I0Wje+owAo0M=| [Elapsed 00:00:00:00.0672043] Scout.OnScoutInfo 8994991, #4
2016-02-29 18:14:16,328 [Dispatcher3] [INFO] |Dw6vXSt1OYt7gopLBfGrleBnPsQ=| Interesting match id 8402460 has come to terminal state
2016-02-29 18:14:16,448 [Dispatcher1] [INFO] |F8BBY6ACCUS78RYxDp+VS5bouKI=| [Elapsed 00:00:00:00.1258478] Scout.OnScoutInfo 7935922, #5
2016-02-29 18:14:16,478 [Dispatcher2] [INFO] |NUv/TnRoUH1E2vkAxwRN6o26bzg=| [Elapsed 00:00:00:00.1258478] Scout.OnMatchUpdate 8402458, ENDED
2016-02-29 18:14:16,488 [Dispatcher2] [INFO] |aK5Fyzw6Mgkp+e9bo0TMM+V5TU0=| [Elapsed 00:00:00:00.0057206] Scout.OnMatchUpdateFull 8402458, ENDED
2016-02-29 18:14:16,528 [Dispatcher1] [INFO] |psFHR5mnU3keDjUdX3oRq9J9J8E=| Interesting match id 8402464 has come to terminal state
2016-02-29 18:14:16,548 [Dispatcher3] [INFO] |Cmj9Pnv0mGYRwO+mbJuXpke2Tcg=| [Elapsed 00:00:00:00.0231269] Scout.OnMatchUpdate 8402460, ENDED
2016-02-29 18:14:16,548 [Dispatcher3] [INFO] |FJ+V6WCUVWJi4gTNHWvsm6bpPeU=| [Elapsed 00:00:00:00.0011176] Scout.OnMatchUpdateFull 8402460, ENDED
2016-02-29 18:14:16,698 [Dispatcher2] [INFO] |poJNA3N/BCIrwub0xHtAYC/yaaI=| [Elapsed 00:00:00:00.1474849] Scout.OnScoutInfo 8402458, #5
2016-02-29 18:14:16,698 [Dispatcher2] [INFO] |KW1ZomZ5zYvYX3CXcAUmWRtSvNc=| Interesting match id 8402468 has come to terminal state
2016-02-29 18:14:16,708 [Dispatcher1] [INFO] |tOmgRLH+NevbseLudkyl0KqIlTM=| [Elapsed 00:00:00:00.0136314] Scout.OnMatchUpdate 8402464, ENDED
2016-02-29 18:14:16,718 [Dispatcher1] [INFO] |8RZDMV1macL6o8upsgPvfuhkqTs=| [Elapsed 00:00:00:00.0006051] Scout.OnMatchUpdateFull 8402464, ENDED
2016-02-29 18:14:16,758 [Dispatcher3] [INFO] |tpdnAOsvYrbM7c1WbbUTOCJ6sxY=| [Elapsed 00:00:00:00.0406570] Scout.OnScoutInfo 8402460, #5
2016-02-29 18:14:16,758 [Dispatcher3] [INFO] |ir8K6Ye+iJuCxnqjUreiM6rgALc=| Interesting match id 8854426 has come to terminal state
2016-02-29 18:14:16,888 [Dispatcher2] [INFO] |KB5xWuOeztuHYpaUEFnIsLOqE4A=| [Elapsed 00:00:00:00.1299620] Scout.OnMatchUpdate 8402468, ENDED
2016-02-29 18:14:16,888 [Dispatcher2] [INFO] |eWdn7UmgjCgAxUPZmk2a4lA5eI0=| [Elapsed 00:00:00:00.0012620] Scout.OnMatchUpdateFull 8402468, ENDED
2016-02-29 18:14:16,958 [Dispatcher1] [INFO] |vzvHg/+1Ider/O/JG3QdfW2pSZ4=| [Elapsed 00:00:00:00.0663316] Scout.OnScoutInfo 8402464, #5
2016-02-29 18:14:16,958 [Dispatcher1] [INFO] |XvDM1xUlUuOIRo39Wv4AypWezWY=| Interesting match id 8987465 has come to terminal state
2016-02-29 18:14:16,978 [Dispatcher3] [INFO] |maDfu+qA80m2TKooKx4D5YByXqA=| [Elapsed 00:00:00:00.0230188] Scout.OnMatchUpdate 8854426, ENDED
2016-02-29 18:14:16,988 [Dispatcher3] [INFO] |R5QUacG6e6ai4mjbWjjxT1sBrKM=| [Elapsed 00:00:00:00.0053901] Scout.OnMatchUpdateFull 8854426, ENDED
2016-02-29 18:14:17,058 [Dispatcher2] [INFO] |4f3Ecw+TW0LcAyPQjTUYoxoTDy8=| [Elapsed 00:00:00:00.0707006] Scout.OnScoutInfo 8402468, #5
2016-02-29 18:14:17,058 [Dispatcher2] [INFO] |M7YTLeUM4PM+r9wZSaPtt2X5kVk=| Interesting match id 8994989 has come to terminal state
2016-02-29 18:14:17,188 [Dispatcher1] [INFO] |bXveiaWAa88Kdv6zOh8RiMDTc6M=| [Elapsed 00:00:00:00.1285405] Scout.OnMatchUpdate 8987465, ENDED
2016-02-29 18:14:17,188 [Dispatcher1] [INFO] |jDrQUvgH1NNc6YoRbrNbFABq0rw=| [Elapsed 00:00:00:00.0007276] Scout.OnMatchUpdateFull 8987465, ENDED
2016-02-29 18:14:17,198 [Dispatcher3] [INFO] |5nlmXtIqQdDWeG+jZ1n7fShXmGg=| [Elapsed 00:00:00:00.0095765] Scout.OnScoutInfo 8854426, #4
2016-02-29 18:14:17,208 [Dispatcher3] [INFO] |lJSDvpug4vXMX/eh+gSeCYy4ROo=| Interesting match id 8047694 has come to terminal state
2016-02-29 18:14:17,308 [Dispatcher2] [INFO] |zmcwXdVAsP7kaMZCKSPwkOir/Nk=| [Elapsed 00:00:00:00.0998386] Scout.OnMatchUpdate 8994989, ENDED
2016-02-29 18:14:17,338 [Dispatcher2] [INFO] |br/dD1LIz+W+YZQFigC9UazS49I=| [Elapsed 00:00:00:00.0255822] Scout.OnMatchUpdateFull 8994989, ENDED
