2016-03-07 12:05:27,063 [9] [INFO] |6zKfLbY9odhIr/UqA2C1YIHRA5w=| Client subscribed to LiveScout.OnOpened
2016-03-07 12:05:27,063 [9] [INFO] |FmJTxTUIF0PJhK6EGHrjYi5uRmo=| Client subscribed to LiveScout.OnClosed
2016-03-07 12:05:27,063 [9] [INFO] |LdAtXHZnW/CbaGTiOcfMRM5xz/k=| Client subscribed to LiveScout.OnLineups
2016-03-07 12:05:27,063 [9] [INFO] |UBxnpZT5GNrv36GH/g5aI/i7tq8=| Client subscribed to LiveScout.OnMatchBookingReply
2016-03-07 12:05:27,063 [9] [INFO] |tbQpQlDxQfC8IXUpWlUMnsQVJOI=| Client subscribed to LiveScout.OnMatchData
2016-03-07 12:05:27,063 [9] [INFO] |KXAlyoyIh/DOeF29NYP+vQe/0Lo=| Client subscribed to LiveScout.OnMatchList
2016-03-07 12:05:27,063 [9] [INFO] |Nr1yUYQbqaRPrMPyvOMCfxCU/Ak=| Client subscribed to LiveScout.OnMatchListUpdate
2016-03-07 12:05:27,063 [9] [INFO] |mtXhUuEfPHmsnBDkywmpteokdDo=| Client subscribed to LiveScout.OnMatchStop
2016-03-07 12:05:27,063 [9] [INFO] |NCd3xrpHQZg9oBUTMWUJd+yIDzc=| Client subscribed to LiveScout.OnMatchUpdate
2016-03-07 12:05:27,063 [9] [INFO] |wM/vngDg1rowA1RUPbPypOt0o6E=| Client subscribed to LiveScout.OnMatchUpdateDelta
2016-03-07 12:05:27,063 [9] [INFO] |btcOLxudBSqbe7AXOjPMM+g/c24=| Client subscribed to LiveScout.OnMatchUpdateDeltaUpdate
2016-03-07 12:05:27,063 [9] [INFO] |WD1RyF//WiJUPyk9cqz3xjYtH94=| Client subscribed to LiveScout.OnMatchUpdateFull
2016-03-07 12:05:27,063 [9] [INFO] |d+EfufQFp52iglFSPVbGXiBcAGA=| Client subscribed to LiveScout.OnOddsSuggestion
2016-03-07 12:05:27,063 [9] [INFO] |UQbailt0A3gEqIurXkuqbQohhis=| Client subscribed to LiveScout.OnScoutInfo
2016-03-07 12:05:27,063 [9] [INFO] |xTm9673tyTzSBkGK8Uv24wJhCvg=| Client subscribed to LiveScout.OnFeedError
2016-03-07 12:05:27,093 [9] [INFO] |dNSaSLlHGZoS9agR17bq26EyYjg=| Scout.GetMatchList: 6, 2, False
2016-03-07 12:05:28,961 [16] [INFO] |rM2DJimJYCYzAz71XaHKIty6Tn8=| [Elapsed 00:00:00:00.0000000] Scout.OnOpened
2016-03-07 12:05:29,141 [Dispatcher1] [INFO] |csoHoytHOGmzuw0R3BDkFaE3qZI=| Scout.Subscribe: [9046475;9046469;9046603;9031167;9044541;9046461;9046489;9015621;9044543;9046491;9046487;8990955;7560204;8760008;8806642;9046961;9046963;9046965;7545770;9046689;9047015;9046973;8759852;8720242;7720596;8173598;9027885;9034681;9044895;9046699;9046969;9047157;9047163;9047175;9046967;9046701;8990959;9046695;9046971;7761580;8699210;8779354;9044549;9044847;7507454;9027611;9044701;9047099;9047105;9047161;9047167;9047169;9047011;8028802;8402478;8402480;8402482;9047263;9047267]
2016-03-07 12:05:29,335 [Dispatcher1] [INFO] |iIeZN8tdLyVgYemqhrQ7yNHRw4M=| [Elapsed 00:00:00:00.2073589] Scout.OnMatchList #59
2016-03-07 12:05:29,627 [Dispatcher2] [INFO] |M1yqXN/VMR0yHag3ejz3Ul0Otgc=| Interesting match id 9046475 has come to terminal state
2016-03-07 12:05:29,759 [Dispatcher3] [INFO] |owEGjFcwVri1a98ZJ7ac+Pu/VhQ=| Interesting match id 9046469 has come to terminal state
2016-03-07 12:05:29,789 [Dispatcher2] [INFO] |cA44A60CeCJQLBjDvmUbVXaZ7f0=| [Elapsed 00:00:00:00.0317269] Scout.OnMatchUpdate 9046475, ENDED
2016-03-07 12:05:29,829 [Dispatcher1] [INFO] |EsAUxnvZevf8p3KKUwf6Ss4LIbc=| Interesting match id 9046603 has come to terminal state
2016-03-07 12:05:29,941 [Dispatcher3] [INFO] |uPR55eSx5JGwmchiijGMem96Hac=| [Elapsed 00:00:00:00.1144771] Scout.OnMatchUpdate 9046469, ENDED
2016-03-07 12:05:30,153 [Dispatcher2] [INFO] |HU/DD0u75sAZw/VbPz7uXCPZXmg=| [Elapsed 00:00:00:00.2049259] Scout.OnMatchUpdateFull 9046475, ENDED
2016-03-07 12:05:30,293 [Dispatcher3] [INFO] |7OGWIWcIZuZLtmu/b9YugmAlc7k=| [Elapsed 00:00:00:00.1422729] Scout.OnMatchUpdateFull 9046469, ENDED
2016-03-07 12:05:30,354 [Dispatcher1] [INFO] |RUMOcC3q9uMmD7Pf2X0ukfnThDo=| [Elapsed 00:00:00:00.0707675] Scout.OnMatchUpdate 9046603, ENDED
2016-03-07 12:05:30,485 [Dispatcher2] [INFO] |LcqpYCMq9l35t9qrK969mk4Yu9c=| [Elapsed 00:00:00:00.1230528] Scout.OnScoutInfo 9046475, #4
2016-03-07 12:05:30,485 [Dispatcher2] [INFO] |98leTecWJXgNBLMC0Uec6W7tSas=| Interesting match id 9031167 has come to terminal state
2016-03-07 12:05:30,705 [Dispatcher3] [INFO] |gifMWGedk481HSneFwgkzV0tpik=| [Elapsed 00:00:00:00.2137893] Scout.OnScoutInfo 9046469, #4
2016-03-07 12:05:30,705 [Dispatcher3] [INFO] |3e+/g4vw7iFsmcQMCWpP75hnsQQ=| Interesting match id 9044541 has come to terminal state
2016-03-07 12:05:30,715 [Dispatcher1] [INFO] |Z+30+jiABrgOXjmTzkVfneqyew0=| [Elapsed 00:00:00:00.0113251] Scout.OnMatchUpdateFull 9046603, ENDED
2016-03-07 12:05:30,845 [Dispatcher2] [INFO] |r/ghgug6oUFWFYaKPtnfZ0K3JlY=| [Elapsed 00:00:00:00.1106274] Scout.OnMatchUpdate 9031167, ENDED
2016-03-07 12:05:31,015 [Dispatcher3] [INFO] |k3p4MMutwZd/Centxg8zR5FhuI8=| [Elapsed 00:00:00:00.1692669] Scout.OnMatchUpdate 9044541, ENDED
2016-03-07 12:05:31,095 [Dispatcher1] [INFO] |kvcV6rzbARJPc8KbKHzEpKmu07Y=| [Elapsed 00:00:00:00.0737266] Scout.OnScoutInfo 9046603, #4
2016-03-07 12:05:31,095 [Dispatcher1] [INFO] |pv+E8mmElVTgdctazdS+BWuN3Lw=| Interesting match id 9046461 has come to terminal state
2016-03-07 12:05:31,195 [Dispatcher2] [INFO] |mdPr1f8zruNWlCTzp3madEQbRdk=| [Elapsed 00:00:00:00.1002725] Scout.OnMatchUpdateFull 9031167, ENDED
2016-03-07 12:05:31,375 [Dispatcher3] [INFO] |N5/FsqKzbV4biymJRyQLLnYXqd4=| [Elapsed 00:00:00:00.1795429] Scout.OnMatchUpdateFull 9044541, ENDED
2016-03-07 12:05:31,557 [Dispatcher2] [INFO] |myTvsdgYG5vNS9f/OUpivyeaDUk=| [Elapsed 00:00:00:00.1881490] Scout.OnScoutInfo 9031167, #4
2016-03-07 12:05:31,557 [Dispatcher2] [INFO] |VxBbxXkG6FgNBArpviYQ8q9oTHk=| Interesting match id 9046489 has come to terminal state
2016-03-07 12:05:31,607 [Dispatcher1] [INFO] |JAW4vQuTi2FWLNPSzUHYEOkWRrM=| [Elapsed 00:00:00:00.0496121] Scout.OnMatchUpdate 9046461, ENDED
2016-03-07 12:05:31,697 [Dispatcher3] [INFO] |Sck5c17ow9uQg73QtxsSBZ8CYco=| [Elapsed 00:00:00:00.0817550] Scout.OnScoutInfo 9044541, #4
2016-03-07 12:05:31,697 [Dispatcher3] [INFO] |U7AskNysFoIYsABI/pSDNa6gdFE=| Interesting match id 9015621 has come to terminal state
2016-03-07 12:05:31,877 [Dispatcher2] [INFO] |ij0KQyKOkzRB8zynzjHAdWoK+4E=| [Elapsed 00:00:00:00.1881241] Scout.OnMatchUpdate 9046489, ENDED
2016-03-07 12:05:31,967 [Dispatcher1] [INFO] |Go/Bv6a3zl42eN1t2krf/bVsXZA=| [Elapsed 00:00:00:00.0887800] Scout.OnMatchUpdateFull 9046461, ENDED
2016-03-07 12:05:32,057 [Dispatcher2] [INFO] |xdlaaw6rEoUryLdtbPMuxhTycfI=| [Elapsed 00:00:00:00.0818111] Scout.OnMatchUpdateFull 9046489, ENDED
2016-03-07 12:05:32,147 [Dispatcher3] [INFO] |kGENSS1RFediTgatvEl48bQcDH8=| [Elapsed 00:00:00:00.0943795] Scout.OnMatchUpdate 9015621, ENDED
2016-03-07 12:05:32,207 [Dispatcher1] [INFO] |INvcPHqin0TVKvyFUB1sAGwBiLk=| [Elapsed 00:00:00:00.0586271] Scout.OnScoutInfo 9046461, #4
2016-03-07 12:05:32,227 [Dispatcher1] [INFO] |BAJIxpwQdq9enTYqWcyWn3X+i6s=| Interesting match id 9044543 has come to terminal state
2016-03-07 12:05:32,297 [Dispatcher2] [INFO] |7kEd0J1r+C7B/OtyE+hHw7y30PY=| [Elapsed 00:00:00:00.0702331] Scout.OnScoutInfo 9046489, #4
2016-03-07 12:05:32,297 [Dispatcher2] [INFO] |Jx12+/hjmQKZO5WY0lcTvBQPO58=| Interesting match id 9046491 has come to terminal state
2016-03-07 12:05:32,401 [Dispatcher3] [INFO] |LDhZDvgv9e8ipEu93P37aLWOsf4=| [Elapsed 00:00:00:00.1146704] Scout.OnMatchUpdateFull 9015621, ENDED
2016-03-07 12:05:32,549 [Dispatcher1] [INFO] |A79lyvb6WIdQgwadq7Z4qU2pKYk=| [Elapsed 00:00:00:00.1312858] Scout.OnMatchUpdate 9044543, ENDED
2016-03-07 12:05:32,609 [Dispatcher2] [INFO] |XFUJ9iAUUMEDjWyaDdvKJj5nQsw=| [Elapsed 00:00:00:00.0536650] Scout.OnMatchUpdate 9046491, ENDED
2016-03-07 12:05:32,659 [Dispatcher3] [INFO] |tq1fCpn0gz4AseiOWREW+Uh0B6o=| [Elapsed 00:00:00:00.0491985] Scout.OnScoutInfo 9015621, #4
2016-03-07 12:05:32,659 [Dispatcher3] [INFO] |o3xUmjCGuebP5cnZEnIDzAbVKOo=| Interesting match id 9046487 has come to terminal state
2016-03-07 12:05:32,759 [Dispatcher1] [INFO] |sZRAHgIoyF9G8KBrzgjv+pqIKdw=| [Elapsed 00:00:00:00.0999930] Scout.OnMatchUpdateFull 9044543, ENDED
2016-03-07 12:05:32,829 [Dispatcher2] [INFO] |gEHZDqrLidIPQmnY5nc2Qqy19KI=| [Elapsed 00:00:00:00.0699731] Scout.OnMatchUpdateFull 9046491, ENDED
2016-03-07 12:05:32,969 [Dispatcher3] [INFO] |Xj3+1sTVeqdl71cKNP1LYEGfocc=| [Elapsed 00:00:00:00.1390890] Scout.OnMatchUpdate 9046487, ENDED
2016-03-07 12:05:33,059 [Dispatcher2] [INFO] |3uAa1yeBhpVfizdwVdON8/twPrA=| [Elapsed 00:00:00:00.0959155] Scout.OnScoutInfo 9046491, #4
2016-03-07 12:05:33,059 [Dispatcher2] [INFO] |5791fLhtMTIJ70+mknOhvjXCFnA=| Interesting match id 7560204 has come to terminal state
2016-03-07 12:05:33,079 [Dispatcher1] [INFO] |cZrlnsFY+tzPVJAeLxZuBE/UwX0=| [Elapsed 00:00:00:00.0142856] Scout.OnScoutInfo 9044543, #4
2016-03-07 12:05:33,079 [Dispatcher1] [INFO] |fRZhceTZVm67dY7cuhBfbPELGbA=| Interesting match id 8990955 has come to terminal state
2016-03-07 12:05:33,159 [Dispatcher3] [INFO] |MFMUzdqxO37oHTfViHdrqvjbTR4=| [Elapsed 00:00:00:00.0856194] Scout.OnMatchUpdateFull 9046487, ENDED
2016-03-07 12:05:33,289 [Dispatcher1] [INFO] |axDiyPQEIX8G0tgCp0i5OO1pG7Q=| [Elapsed 00:00:00:00.1277666] Scout.OnMatchUpdate 8990955, ENDED
2016-03-07 12:05:33,409 [Dispatcher2] [INFO] |dkyNRn90LX8tm16HfpStKDP1TNE=| [Elapsed 00:00:00:00.1212968] Scout.OnMatchUpdate 7560204, ENDED
2016-03-07 12:05:33,419 [Dispatcher3] [INFO] |VzkdrLITJsCcL942G2sl1mydsvU=| [Elapsed 00:00:00:00.0114319] Scout.OnScoutInfo 9046487, #4
2016-03-07 12:05:33,419 [Dispatcher3] [INFO] |I4inMo4uh5+N9PoFSucGi5ROYNk=| Interesting match id 8760008 has come to terminal state
2016-03-07 12:05:33,551 [Dispatcher1] [INFO] |eA5xNy8ULT05CNoBPj6nSRyfcas=| [Elapsed 00:00:00:00.1319546] Scout.OnMatchUpdateFull 8990955, ENDED
2016-03-07 12:05:33,731 [Dispatcher2] [INFO] |np4irCF2nCfncsbvTTk3uH5u1nQ=| [Elapsed 00:00:00:00.1792695] Scout.OnMatchUpdateFull 7560204, ENDED
2016-03-07 12:05:33,741 [Dispatcher3] [INFO] |Me0VU1wtbBZLGoKrs8AqqDuNLXA=| [Elapsed 00:00:00:00.0104141] Scout.OnMatchUpdate 8760008, ENDED
2016-03-07 12:05:33,821 [Dispatcher1] [INFO] |ksGHsK/CB17QAztWdthFkwFOpp4=| [Elapsed 00:00:00:00.0713309] Scout.OnScoutInfo 8990955, #4
2016-03-07 12:05:33,821 [Dispatcher1] [INFO] |ppnqNuxgPmXJ0LcOKM0vT7s0EWI=| Interesting match id 8806642 has come to terminal state
2016-03-07 12:05:34,071 [Dispatcher3] [INFO] |xdprGZL5K8cAlUSTaRRcJ0evagE=| [Elapsed 00:00:00:00.2543862] Scout.OnMatchUpdateFull 8760008, ENDED
2016-03-07 12:05:34,082 [Dispatcher2] [INFO] |+a4UuSMr9xougQoWlxqFW/ZoHNg=| [Elapsed 00:00:00:00.0241548] Scout.OnOddsSuggestion 7560204, #0
2016-03-07 12:05:34,183 [Dispatcher1] [INFO] |IcOyrKmVDRyS+Mz4hfkwfREVxwo=| [Elapsed 00:00:00:00.0835825] Scout.OnMatchUpdate 8806642, ENDED
2016-03-07 12:05:34,303 [Dispatcher2] [INFO] |WxQkdEwbvcSk8ErIhxORv1jWatk=| [Elapsed 00:00:00:00.1202247] Scout.OnScoutInfo 7560204, #5
2016-03-07 12:05:34,353 [Dispatcher3] [INFO] |Dcw2DR2sGnWVd4oy2ixhEYPAJPg=| [Elapsed 00:00:00:00.0466779] Scout.OnScoutInfo 8760008, #4
2016-03-07 12:05:34,353 [Dispatcher3] [INFO] |hnjWJ5HhhXwbUUT5xk+0KiCV548=| Interesting match id 9046963 has come to terminal state
2016-03-07 12:05:34,475 [Dispatcher1] [INFO] |Qaz+0evmPsFhc0RANlEUVPsvti8=| [Elapsed 00:00:00:00.1264642] Scout.OnMatchUpdateFull 8806642, ENDED
2016-03-07 12:05:34,565 [Dispatcher2] [INFO] |joc68uUFS77sf1PZIi+G5+/TUf0=| [Elapsed 00:00:00:00.0858735] Scout.OnMatchUpdate 9046961, THIRD_SET
2016-03-07 12:05:34,667 [Dispatcher3] [INFO] |SDuLdc1cg0UxjOOwBVqgSE2QwhU=| [Elapsed 00:00:00:00.1060840] Scout.OnMatchUpdate 9046963, ENDED
2016-03-07 12:05:34,717 [Dispatcher1] [INFO] |J5ufcIzoC/cbqdRQOB/30oHBKGk=| [Elapsed 00:00:00:00.0450588] Scout.OnScoutInfo 8806642, #5
2016-03-07 12:05:34,717 [Dispatcher1] [INFO] |cUXI+vCI04qE4fKnZFBcV+zeSMs=| Interesting match id 9046965 has come to terminal state
2016-03-07 12:05:34,807 [Dispatcher2] [INFO] |S+qyMpgDzZJL870tAR5kjyB63PQ=| [Elapsed 00:00:00:00.0973787] Scout.OnMatchUpdateFull 9046961, THIRD_SET
2016-03-07 12:05:34,957 [Dispatcher1] [INFO] |Q00RF4Ks8LTq3M2SBkmb46OmINQ=| [Elapsed 00:00:00:00.1481752] Scout.OnMatchUpdate 9046965, ENDED
2016-03-07 12:05:34,977 [Dispatcher3] [INFO] |kJXF2qi76IvolwGcpAByD0gF5q4=| [Elapsed 00:00:00:00.0171432] Scout.OnMatchUpdateFull 9046963, ENDED
2016-03-07 12:05:35,057 [Dispatcher2] [INFO] |8ZbittYwxBp5HqkYTR7qKNNQP38=| [Elapsed 00:00:00:00.0792365] Scout.OnOddsSuggestion 9046961, #0
2016-03-07 12:05:35,147 [Dispatcher3] [INFO] |ZHj40OsVH5fkBYOuBjOcKEpsxzQ=| [Elapsed 00:00:00:00.0940052] Scout.OnOddsSuggestion 9046963, #0
2016-03-07 12:05:35,229 [Dispatcher1] [INFO] |uf0ZgppRbl5Drj1UNAcNOYBuEh0=| [Elapsed 00:00:00:00.0764905] Scout.OnMatchUpdateFull 9046965, ENDED
2016-03-07 12:05:35,349 [Dispatcher2] [INFO] |T+k+fOPi/r3Qil8Rvc8F57xB+3A=| [Elapsed 00:00:00:00.1238075] Scout.OnScoutInfo 9046961, #4
2016-03-07 12:05:35,429 [Dispatcher3] [INFO] |8O575ZoOdjXvfk3W9Gtm3308yAw=| [Elapsed 00:00:00:00.0760669] Scout.OnScoutInfo 9046963, #4
2016-03-07 12:05:35,469 [Dispatcher1] [INFO] |6bVLSQerflHiwjooaIJmnKrvd2Y=| [Elapsed 00:00:00:00.0236677] Scout.OnScoutInfo 9046965, #4
2016-03-07 12:05:35,561 [Dispatcher3] [INFO] |KmnpknVaFg2jO0XFHV0HAQASwss=| [Elapsed 00:00:00:00.0870767] Scout.OnMatchUpdate 9046689, NOT_STARTED
2016-03-07 12:05:35,741 [Dispatcher1] [INFO] |K8zrRqPrqx2Bw5XRWuVSgl11f1c=| [Elapsed 00:00:00:00.1786137] Scout.OnMatchUpdate 9047015, FIRST_SET
2016-03-07 12:05:35,771 [Dispatcher2] [INFO] |rIOOsEetXDwnnxYv+l2KJ/jrYp0=| [Elapsed 00:00:00:00.0372757] Scout.OnMatchUpdate 7545770, HALFTIME
2016-03-07 12:05:35,871 [Dispatcher3] [INFO] |2OX4RSFgOYI9OsQ7Z1UhLNcZASI=| [Elapsed 00:00:00:00.0989752] Scout.OnMatchUpdateFull 9046689, NOT_STARTED
2016-03-07 12:05:35,941 [Dispatcher1] [INFO] |ErNZ3BGmvgoum1j9zYy/SVMzKnk=| [Elapsed 00:00:00:00.0640808] Scout.OnMatchUpdateFull 9047015, FIRST_SET
2016-03-07 12:05:36,021 [Dispatcher3] [INFO] |K2Ab+Q6LD5p4ddwHbyh2YOUCP10=| [Elapsed 00:00:00:00.0665111] Scout.OnScoutInfo 9046689, #4
2016-03-07 12:05:36,101 [Dispatcher2] [INFO] |UwySopN3gXVWNyye1vYzUjsuP4k=| [Elapsed 00:00:00:00.0835298] Scout.OnMatchUpdateFull 7545770, HALFTIME
2016-03-07 12:05:36,243 [Dispatcher1] [INFO] |DdX1APRyJJkl//moh29PCMNveQc=| [Elapsed 00:00:00:00.1460244] Scout.OnOddsSuggestion 9047015, #4
2016-03-07 12:05:36,303 [Dispatcher3] [INFO] |9W8CnzYH5FvXGdKKcIDjmRMrZx0=| [Elapsed 00:00:00:00.0557853] Scout.OnMatchUpdate 8759852, FIRST_HALF
2016-03-07 12:05:36,433 [Dispatcher2] [INFO] |b8tHcK27f2c1pPiqfBRBHoUXtUU=| [Elapsed 00:00:00:00.1256045] Scout.OnOddsSuggestion 7545770, #4
2016-03-07 12:05:36,493 [Dispatcher1] [INFO] |BKbCok+MoJ8ib91r9JOTHiZAjCU=| [Elapsed 00:00:00:00.0620980] Scout.OnScoutInfo 9047015, #4
2016-03-07 12:05:36,523 [Dispatcher3] [INFO] |H1YhAuKjKOjuESMQKAO5HKaqkQs=| [Elapsed 00:00:00:00.0336785] Scout.OnMatchUpdateFull 8759852, FIRST_HALF
2016-03-07 12:05:36,603 [Dispatcher2] [INFO] |ZG0cbncJxYf6cqEba50/VAg6iNE=| [Elapsed 00:00:00:00.0745114] Scout.OnScoutInfo 7545770, #5
2016-03-07 12:05:36,673 [Dispatcher1] [INFO] |ZGwAarNVQ5a6rmvp9bnNhwZoIis=| [Elapsed 00:00:00:00.0762763] Scout.OnMatchUpdate 8720242, FIRST_HALF
2016-03-07 12:05:36,795 [Dispatcher3] [INFO] |awLQHiRpRiwZ+GPCuYRAg8bJSKY=| [Elapsed 00:00:00:00.1186226] Scout.OnOddsSuggestion 8759852, #4
2016-03-07 12:05:36,835 [Dispatcher2] [INFO] |iFTJCIlCEoOJxrhsf5KM+tToX6o=| [Elapsed 00:00:00:00.0369230] Scout.OnMatchUpdate 9046973, SECOND_SET
2016-03-07 12:05:36,955 [Dispatcher1] [INFO] |UIPZLkmUBGFQj83kNwsQseSzUTc=| [Elapsed 00:00:00:00.1248221] Scout.OnMatchUpdateFull 8720242, FIRST_HALF
2016-03-07 12:05:36,985 [Dispatcher3] [INFO] |0bR1lZT6iqNOKNd7WS2gx+51Q1E=| [Elapsed 00:00:00:00.0268650] Scout.OnScoutInfo 8759852, #4
2016-03-07 12:05:37,065 [Dispatcher2] [INFO] |oD3L+dbwEVVQ5+PvDsWccFOA6OI=| [Elapsed 00:00:00:00.0816332] Scout.OnMatchUpdateFull 9046973, SECOND_SET
2016-03-07 12:05:37,186 [Dispatcher1] [INFO] |uBJYrZJK5tAoKuxjfS4t/KVKCWs=| [Elapsed 00:00:00:00.1165112] Scout.OnOddsSuggestion 8720242, #4
2016-03-07 12:05:37,236 [Dispatcher3] [INFO] |U7ndoXdiKtz2IZYc5+QylTHJCyw=| [Elapsed 00:00:00:00.0552434] Scout.OnMatchUpdate 8173598, FIRST_SET
2016-03-07 12:05:37,286 [Dispatcher2] [INFO] |t04IZlgjlnpmz9F6yN/FXU6asxk=| [Elapsed 00:00:00:00.0464747] Scout.OnOddsSuggestion 9046973, #2
2016-03-07 12:05:37,408 [Dispatcher3] [INFO] |98vMabkM+pAzDFfDm3fWiE0+HYA=| [Elapsed 00:00:00:00.1360450] Scout.OnMatchUpdateFull 8173598, FIRST_SET
2016-03-07 12:05:37,434 [Dispatcher1] [INFO] |7PN3g81iSO0vyH2xR11hrcnn62Y=| [Elapsed 00:00:00:00.0129368] Scout.OnScoutInfo 8720242, #5
2016-03-07 12:05:37,514 [Dispatcher2] [INFO] |lgsqNvuMI5H8+E5VrCoC4jsgBlg=| [Elapsed 00:00:00:00.0770501] Scout.OnScoutInfo 9046973, #4
2016-03-07 12:05:37,644 [Dispatcher1] [INFO] |Fvpua5Uf9XX89UJRGFfNyp5lAhc=| [Elapsed 00:00:00:00.1328136] Scout.OnMatchUpdate 9027885, FIRST_QUARTER
2016-03-07 12:05:37,654 [Dispatcher3] [INFO] |o/y2hwIUxg73XP874/p1FJepxQQ=| [Elapsed 00:00:00:00.0082521] Scout.OnOddsSuggestion 8173598, #3
2016-03-07 12:05:37,744 [Dispatcher2] [INFO] |EUiK/x9eqEJ96dQHUydDVp0MvHA=| [Elapsed 00:00:00:00.0898439] Scout.OnMatchUpdate 7720596, FIRST_HALF
2016-03-07 12:05:37,896 [Dispatcher1] [INFO] |eKEeXiu+wB1FHreoNaohlBvtVN8=| [Elapsed 00:00:00:00.1549203] Scout.OnMatchUpdateFull 9027885, FIRST_QUARTER
2016-03-07 12:05:37,906 [Dispatcher3] [INFO] |zvb6ds17Pyllq4nU4lZcYXn0N5c=| [Elapsed 00:00:00:00.0204995] Scout.OnScoutInfo 8173598, #4
2016-03-07 12:05:37,998 [Dispatcher2] [INFO] |xbOjmzAFfMPSN5ORo9wuFSfG+Og=| [Elapsed 00:00:00:00.0814885] Scout.OnMatchUpdateFull 7720596, FIRST_HALF
2016-03-07 12:05:38,128 [Dispatcher1] [INFO] |kAwMwZWL5mLXz/Q0dIYqsU/NKGs=| [Elapsed 00:00:00:00.1279017] Scout.OnOddsSuggestion 9027885, #4
2016-03-07 12:05:38,158 [Dispatcher3] [INFO] |iXFyOfusuBjFQ1ABrxvdY4SzFhA=| [Elapsed 00:00:00:00.0280079] Scout.OnMatchUpdate 9044895, NOT_STARTED
2016-03-07 12:05:38,218 [Dispatcher2] [INFO] |kq6Gzy/jJf8NNg5FgANrn+rqxaE=| [Elapsed 00:00:00:00.0570090] Scout.OnOddsSuggestion 7720596, #4
2016-03-07 12:05:38,368 [Dispatcher3] [INFO] |oOZv0ywolJTVIFq2VoowPnSVQdU=| [Elapsed 00:00:00:00.1518753] Scout.OnMatchUpdateFull 9044895, NOT_STARTED
2016-03-07 12:05:38,388 [Dispatcher1] [INFO] |gHKSjJdR+rB9U3pPOQiv6XIVFcc=| [Elapsed 00:00:00:00.0167323] Scout.OnScoutInfo 9027885, #4
2016-03-07 12:05:38,538 [Dispatcher2] [INFO] |EF/Sp/GAjayWH57FJs26h1jkbgA=| [Elapsed 00:00:00:00.1513704] Scout.OnScoutInfo 7720596, #5
2016-03-07 12:05:38,608 [Dispatcher3] [INFO] |X8uma7hJM3SvQ8J6nN4uz6oc6HQ=| [Elapsed 00:00:00:00.0712009] Scout.OnScoutInfo 9044895, #4
2016-03-07 12:05:38,628 [Dispatcher1] [INFO] |c9mqBwlmMitwsgQAMkxuxy3lhrs=| [Elapsed 00:00:00:00.0237354] Scout.OnMatchUpdate 9046699, NOT_STARTED
2016-03-07 12:05:38,778 [Dispatcher3] [INFO] |GzIZ/Te1SKptvGZPFeJ0WrGWa0Q=| [Elapsed 00:00:00:00.1458441] Scout.OnMatchUpdate 9047157, NOT_STARTED
2016-03-07 12:05:38,808 [Dispatcher2] [INFO] |vswOSeLUbp3t1gfuunocXMDIM68=| [Elapsed 00:00:00:00.0266060] Scout.OnMatchUpdate 9034681, FIRST_HALF
2016-03-07 12:05:38,950 [Dispatcher1] [INFO] |qT0sAMw5uCXWgdxBOUKk8soMuFM=| [Elapsed 00:00:00:00.1497748] Scout.OnMatchUpdateFull 9046699, NOT_STARTED
2016-03-07 12:05:39,040 [Dispatcher3] [INFO] |TLqkBMpKGZv2a0zzpSDgU/U4nRM=| [Elapsed 00:00:00:00.0806798] Scout.OnMatchUpdateFull 9047157, NOT_STARTED
2016-03-07 12:05:39,080 [Dispatcher2] [INFO] |MhExyCHGYtMUPPfBiKiTdvuvlzo=| [Elapsed 00:00:00:00.0440243] Scout.OnMatchUpdateFull 9034681, FIRST_HALF
2016-03-07 12:05:39,230 [Dispatcher1] [INFO] |lqyVziBouS0UmlFa9fRU2wFCzkc=| [Elapsed 00:00:00:00.1524179] Scout.OnScoutInfo 9046699, #4
2016-03-07 12:05:39,300 [Dispatcher3] [INFO] |05P5sU45Jctj0OTgkqZVrEKNBGw=| [Elapsed 00:00:00:00.0651085] Scout.OnOddsSuggestion 9047157, #4
2016-03-07 12:05:39,330 [Dispatcher2] [INFO] |wiEp/I7YlCNtPgI7+FVb8GHtECU=| [Elapsed 00:00:00:00.0329225] Scout.OnOddsSuggestion 9034681, #4
2016-03-07 12:05:39,410 [Dispatcher1] [INFO] |JmXkUFUgKN+tsoqE0UmQrqjuUJ8=| [Elapsed 00:00:00:00.0813729] Scout.OnMatchUpdate 9047163, NOT_STARTED
2016-03-07 12:05:39,550 [Dispatcher3] [INFO] |gqQeUZsU4ZAZUXL37WFFPDdEHb4=| [Elapsed 00:00:00:00.1354457] Scout.OnScoutInfo 9047157, #4
2016-03-07 12:05:39,630 [Dispatcher2] [INFO] |ej2jbj4fuD9WyK+3NaSkTW1X37Q=| [Elapsed 00:00:00:00.0839554] Scout.OnScoutInfo 9034681, #4
2016-03-07 12:05:39,670 [Dispatcher1] [INFO] |VOKOWK0RjhWbYeMdH0TBkCNdC+8=| [Elapsed 00:00:00:00.0379305] Scout.OnMatchUpdateFull 9047163, NOT_STARTED
2016-03-07 12:05:39,750 [Dispatcher3] [INFO] |QJbu+8fhTwGGQlbo0qpHF5AYevY=| [Elapsed 00:00:00:00.0748980] Scout.OnMatchUpdate 9046967, NOT_STARTED
2016-03-07 12:05:39,872 [Dispatcher2] [INFO] |UFZCqOk3KjJxBrLHkIjwXRTelmc=| [Elapsed 00:00:00:00.1401731] Scout.OnMatchUpdate 9046969, NOT_STARTED
2016-03-07 12:05:39,974 [Dispatcher3] [INFO] |TQlvoD+OBPBzw6rlWFeZn4dJXP8=| [Elapsed 00:00:00:00.0927819] Scout.OnMatchUpdateFull 9046967, NOT_STARTED
2016-03-07 12:05:39,994 [Dispatcher1] [INFO] |tfnBbH2ph8X/YYy1y9fClH2QLp0=| [Elapsed 00:00:00:00.0117350] Scout.OnOddsSuggestion 9047163, #4
2016-03-07 12:05:40,064 [Dispatcher2] [INFO] |CATeWeE+NCsjDN4E2caV8O9qTlQ=| [Elapsed 00:00:00:00.0737834] Scout.OnMatchUpdateFull 9046969, NOT_STARTED
2016-03-07 12:05:40,194 [Dispatcher1] [INFO] |5b4WxFzMEFgR8pw85Nd3UlHvZe0=| [Elapsed 00:00:00:00.1272883] Scout.OnScoutInfo 9047163, #4
2016-03-07 12:05:40,214 [Dispatcher3] [INFO] |upOGnATgyJTKtaFdw0kToBcDwkk=| [Elapsed 00:00:00:00.0223989] Scout.OnScoutInfo 9046967, #4
2016-03-07 12:05:40,314 [Dispatcher2] [INFO] |WESsWi3+B+wFh11b8rhbLPKjahc=| [Elapsed 00:00:00:00.1019782] Scout.OnOddsSuggestion 9046969, #4
2016-03-07 12:05:40,374 [Dispatcher1] [INFO] |V/fxQT5LWGcUnI/JYcSG/X6uBbQ=| [Elapsed 00:00:00:00.0529312] Scout.OnMatchUpdate 9046701, NOT_STARTED
2016-03-07 12:05:40,524 [Dispatcher3] [INFO] |mogafVEi18nb2E6HGppVDx09pAI=| [Elapsed 00:00:00:00.1538017] Scout.OnMatchUpdate 9046695, NOT_STARTED
2016-03-07 12:05:40,544 [Dispatcher2] [INFO] |lvUOYdc/myf4yZS0pa8RT6JooNs=| [Elapsed 00:00:00:00.0172472] Scout.OnScoutInfo 9046969, #4
2016-03-07 12:05:40,664 [Dispatcher1] [INFO] |qZQCuZEJ+NwxYQblPNp3nvdfCcg=| [Elapsed 00:00:00:00.1213991] Scout.OnMatchUpdateFull 9046701, NOT_STARTED
2016-03-07 12:05:40,714 [Dispatcher3] [INFO] |3rrhbJcDNGv4JyJ6nk574p7pACA=| [Elapsed 00:00:00:00.0529448] Scout.OnMatchUpdateFull 9046695, NOT_STARTED
2016-03-07 12:05:40,794 [Dispatcher2] [INFO] |QuHKBuc7qFN60y08EVBQCpWDTLI=| [Elapsed 00:00:00:00.0731817] Scout.OnMatchUpdate 9047175, NOT_STARTED
2016-03-07 12:05:40,936 [Dispatcher3] [INFO] |gebtt69F9opr/FbQ+3x+r1gx84E=| [Elapsed 00:00:00:00.1419640] Scout.OnScoutInfo 9046695, #4
2016-03-07 12:05:40,953 [Dispatcher1] [INFO] |J/QKLqvuV134nwImGwp9VR14nkA=| [Elapsed 00:00:00:00.0339785] Scout.OnScoutInfo 9046701, #4
2016-03-07 12:09:14,218 [8] [INFO] |jEa/1Lh7qJAe0FNCSidtfgAZyns=| Client subscribed to LiveScout.OnOpened
2016-03-07 12:09:14,218 [8] [INFO] |gtTDhPBKQWU7tmgkZym6w0Y/eiY=| Client subscribed to LiveScout.OnClosed
2016-03-07 12:09:14,218 [8] [INFO] |xa2BtVA7QQeYJMiL91+cZgD2HEE=| Client subscribed to LiveScout.OnLineups
2016-03-07 12:09:14,218 [8] [INFO] |xqsVsyT9ch3LpInKrUmz/k079KE=| Client subscribed to LiveScout.OnMatchBookingReply
2016-03-07 12:09:14,218 [8] [INFO] |6uEXmLyEu+LhAInSUGYoZ9Gp1nk=| Client subscribed to LiveScout.OnMatchData
2016-03-07 12:09:14,218 [8] [INFO] |D5iw2LIFnz1i19UYgukG7xccpn4=| Client subscribed to LiveScout.OnMatchList
2016-03-07 12:09:14,218 [8] [INFO] |Q9GAGQ7Og5zM3it8/F0O/iHBVOs=| Client subscribed to LiveScout.OnMatchListUpdate
2016-03-07 12:09:14,218 [8] [INFO] |b6etVcj+yW73jiBghDdgyq1FBdQ=| Client subscribed to LiveScout.OnMatchStop
2016-03-07 12:09:14,218 [8] [INFO] |iWaajuTkn1NlVAKFBra1s5s86ks=| Client subscribed to LiveScout.OnMatchUpdate
2016-03-07 12:09:14,218 [8] [INFO] |Sfb5jofZ9oSF1nOhlLV2UUclg1Y=| Client subscribed to LiveScout.OnMatchUpdateDelta
2016-03-07 12:09:14,218 [8] [INFO] |9ZWUT6x6RGpknrmDo3nG8zkP/NY=| Client subscribed to LiveScout.OnMatchUpdateDeltaUpdate
2016-03-07 12:09:14,218 [8] [INFO] |XBAs+vkpMYh7CT0Iet9Yx0HZGJo=| Client subscribed to LiveScout.OnMatchUpdateFull
2016-03-07 12:09:14,218 [8] [INFO] |+0F+gnkkCnoMuV3kXndaMLg2FG8=| Client subscribed to LiveScout.OnOddsSuggestion
2016-03-07 12:09:14,218 [8] [INFO] |YG/CAFUiO5FK5+AVmnYsp90efyg=| Client subscribed to LiveScout.OnScoutInfo
2016-03-07 12:09:14,218 [8] [INFO] |iOc/i0+L0aBYFaTevHfvvk4w5H0=| Client subscribed to LiveScout.OnFeedError
2016-03-07 12:09:14,258 [8] [INFO] |n/UJe2uYWPIAqFMkH7HCXzNY0M4=| Scout.GetMatchList: 6, 2, False
2016-03-07 12:09:15,964 [17] [INFO] |zOfXuVq/+VzLAxIkG+4oC//zo24=| [Elapsed 00:00:00:00.0000000] Scout.OnOpened
2016-03-07 12:09:16,154 [Dispatcher1] [INFO] |nOApcJv4ouErcTEUOIaO0HHu5ig=| Scout.Subscribe: [9046475;9046469;9046603;9031167;9044541;9046461;9046489;9015621;9044543;9046491;9046487;8990955;7560204;8760008;8806642;9046961;9046963;9046965;7545770;9046689;9047015;9046973;8759852;8720242;7720596;8173598;9027885;9034681;9044895;9046699;9047157;9047163;9047175;9046969;9046967;9046701;8990959;9046695;9046971;7761580;8699210;8779354;9044549;9044847;7507454;9027611;9044701;9047099;9047105;9047161;9047167;9047169;9047011;8028802;8402478;8402480;8402482;9047263;9047267]
2016-03-07 12:09:16,406 [Dispatcher1] [INFO] |qXckYTNLb8QMVIi+oLoI275PSFQ=| [Elapsed 00:00:00:00.2637689] Scout.OnMatchList #59
2016-03-07 12:09:16,698 [Dispatcher2] [INFO] |5eSWbu+cOXfZzj7qwTieDYo6m+Y=| Interesting match id 9046475 has come to terminal state
2016-03-07 12:09:16,818 [Dispatcher2] [INFO] |gjR/eXfHLg9nFgWRjadIR0zf03U=| [Elapsed 00:00:00:00.1156669] Scout.OnMatchUpdate 9046475, ENDED
2016-03-07 12:09:16,818 [Dispatcher3] [INFO] |zGFVlAegDxacVxygN68j/crS4l0=| Interesting match id 9046469 has come to terminal state
2016-03-07 12:09:16,888 [Dispatcher1] [INFO] |TIye6h1Xp/sl2ilMb6s+vqTU13w=| Interesting match id 9046603 has come to terminal state
2016-03-07 12:09:16,958 [Dispatcher3] [INFO] |1RKON0/pZgsdPb0PsGGBv6IJtrk=| [Elapsed 00:00:00:00.0607317] Scout.OnMatchUpdate 9046469, ENDED
2016-03-07 12:09:17,158 [Dispatcher2] [INFO] |tFt9Mv01rxwnf/NXPG9vntOLB28=| [Elapsed 00:00:00:00.2079572] Scout.OnMatchUpdateFull 9046475, ENDED
2016-03-07 12:09:17,258 [Dispatcher1] [INFO] |pPIjfeb2vs4HkTGh+MHNGAdkLqc=| [Elapsed 00:00:00:00.0862221] Scout.OnMatchUpdate 9046603, ENDED
2016-03-07 12:09:17,358 [Dispatcher3] [INFO] |LLfKF6+INCUJqJxIn1yZUQDCEA4=| [Elapsed 00:00:00:00.0932105] Scout.OnMatchUpdateFull 9046469, ENDED
2016-03-07 12:09:17,539 [Dispatcher2] [INFO] |x7pBBM7OKPt8VE2zmt47O2Phc1c=| [Elapsed 00:00:00:00.1889249] Scout.OnScoutInfo 9046475, #4
2016-03-07 12:09:17,539 [Dispatcher2] [INFO] |PvRTa6+kb0nvcoqL+FKiZSDbLIM=| Interesting match id 9031167 has come to terminal state
2016-03-07 12:09:17,591 [Dispatcher1] [INFO] |6rOUTfGBEhanGtmsAjDPY5OSqV0=| [Elapsed 00:00:00:00.0363240] Scout.OnMatchUpdateFull 9046603, ENDED
2016-03-07 12:09:17,684 [Dispatcher3] [INFO] |BJQyuFnRGtnWUzL952CRoPlBzLI=| [Elapsed 00:00:00:00.0811389] Scout.OnScoutInfo 9046469, #4
2016-03-07 12:09:17,684 [Dispatcher3] [INFO] |XhpMF1+mwECO074Ju0mWoAj8EqQ=| Interesting match id 9044541 has come to terminal state
2016-03-07 12:09:17,874 [Dispatcher2] [INFO] |i+ZvwmUzumHEoa8SLaZgkkxW1ns=| [Elapsed 00:00:00:00.1906573] Scout.OnMatchUpdate 9031167, ENDED
2016-03-07 12:09:18,065 [Dispatcher1] [INFO] |cXZTY61W0RtXRBiv9/tMUxYH6iY=| [Elapsed 00:00:00:00.2017676] Scout.OnScoutInfo 9046603, #4
2016-03-07 12:09:18,065 [Dispatcher1] [INFO] |/izSPEyqDt8c0Q4L630kTl500ys=| Interesting match id 9046461 has come to terminal state
2016-03-07 12:09:18,420 [Dispatcher3] [INFO] |Uml6mWhXN9HaMVsAyYb/biqOXpA=| [Elapsed 00:00:00:00.3131074] Scout.OnMatchUpdate 9044541, ENDED
2016-03-07 12:09:18,758 [Dispatcher2] [INFO] |4CV3WbCK+/qjPFKqG1c8GrTWwnA=| [Elapsed 00:00:00:00.3228250] Scout.OnMatchUpdateFull 9031167, ENDED
2016-03-07 12:09:18,778 [Dispatcher1] [INFO] |hzQ+m7SxttFkedbnKO2YdLZueqI=| [Elapsed 00:00:00:00.0163598] Scout.OnMatchUpdate 9046461, ENDED
2016-03-07 12:09:18,898 [Dispatcher3] [INFO] |GQWZT5Mq7nob4ebqqmX7ZED+rPM=| [Elapsed 00:00:00:00.1255471] Scout.OnMatchUpdateFull 9044541, ENDED
2016-03-07 12:09:19,058 [Dispatcher2] [INFO] |SgpyKOo9jDbalxKYH++P0Wr5zJQ=| [Elapsed 00:00:00:00.1544599] Scout.OnScoutInfo 9031167, #4
2016-03-07 12:09:19,058 [Dispatcher2] [INFO] |i2Hj/jYaHZHZxGYspSKhtlFQgIM=| Interesting match id 9046489 has come to terminal state
2016-03-07 12:09:19,068 [Dispatcher1] [INFO] |BXhSBgiKnnSiisBJ5JKtcUKFJSU=| [Elapsed 00:00:00:00.0134386] Scout.OnMatchUpdateFull 9046461, ENDED
2016-03-07 12:09:19,190 [Dispatcher3] [INFO] |2JkILCxZ0FDkc0TqQ7xJorGcPbw=| [Elapsed 00:00:00:00.1213358] Scout.OnScoutInfo 9044541, #4
2016-03-07 12:09:19,190 [Dispatcher3] [INFO] |7kdXt7SlRzDSVfAez/2g+Wcp9zo=| Interesting match id 9015621 has come to terminal state
2016-03-07 12:09:19,330 [Dispatcher1] [INFO] |uLPDuxMZGTGxYwRuvCMT6Vn6WjA=| [Elapsed 00:00:00:00.1434357] Scout.OnScoutInfo 9046461, #4
2016-03-07 12:09:19,330 [Dispatcher1] [INFO] |V1QkgkJ8vY658Cf0M9wDVZPRXGY=| Interesting match id 9044543 has come to terminal state
2016-03-07 12:09:19,400 [Dispatcher2] [INFO] |a+fcTWqNr/AM8sIxUPUkfydC+I0=| [Elapsed 00:00:00:00.0715191] Scout.OnMatchUpdate 9046489, ENDED
2016-03-07 12:09:19,490 [Dispatcher3] [INFO] |/vGDHrRu5TIbuMgJvyMO6zWSlkU=| [Elapsed 00:00:00:00.0892155] Scout.OnMatchUpdate 9015621, ENDED
2016-03-07 12:09:19,610 [Dispatcher1] [INFO] |X0qI11Y64+n77VK6xhI57K+Kblc=| [Elapsed 00:00:00:00.1120270] Scout.OnMatchUpdate 9044543, ENDED
2016-03-07 12:09:19,802 [Dispatcher2] [INFO] |Csk3PHz7pIlOjc+FLu16ade14Cc=| [Elapsed 00:00:00:00.1954227] Scout.OnMatchUpdateFull 9046489, ENDED
2016-03-07 12:09:19,823 [Dispatcher3] [INFO] |/Sc5Z+bV+IlEyfBJ5FsKj+3hb1w=| [Elapsed 00:00:00:00.0312859] Scout.OnMatchUpdateFull 9015621, ENDED
2016-03-07 12:09:19,994 [Dispatcher2] [INFO] |oI9+iIbnAtaHuyUbZw4Mn8kd3lI=| [Elapsed 00:00:00:00.1566394] Scout.OnScoutInfo 9046489, #4
2016-03-07 12:09:19,994 [Dispatcher2] [INFO] |so+QCF847VTm9kxNZZL9ho8Tz5U=| Interesting match id 9046491 has come to terminal state
2016-03-07 12:09:20,024 [Dispatcher1] [INFO] |f6H5/krscN7La34bE48jzlsIOME=| [Elapsed 00:00:00:00.0308463] Scout.OnMatchUpdateFull 9044543, ENDED
2016-03-07 12:09:20,085 [Dispatcher3] [INFO] |t6NMx8Yd9Gwa0Qa3mrKhu/FksY0=| [Elapsed 00:00:00:00.0743667] Scout.OnScoutInfo 9015621, #4
2016-03-07 12:09:20,085 [Dispatcher3] [INFO] |cQPf1A9wc0mxvMIGOtKQcOJr/7g=| Interesting match id 9046487 has come to terminal state
2016-03-07 12:09:20,231 [Dispatcher1] [INFO] |GhNleNSeQogHfUnrDAmIYGwbVKk=| [Elapsed 00:00:00:00.1366646] Scout.OnScoutInfo 9044543, #4
2016-03-07 12:09:20,231 [Dispatcher1] [INFO] |xNIHPfwP5NMt05ntkY/qQp7wb7U=| Interesting match id 8990955 has come to terminal state
2016-03-07 12:09:20,313 [Dispatcher2] [INFO] |FJ2o4KAA5PXGYsRaLrhWJHr7wAg=| [Elapsed 00:00:00:00.0774316] Scout.OnMatchUpdate 9046491, ENDED
2016-03-07 12:09:20,369 [Dispatcher3] [INFO] |+2HF70L7h0HifjIr4gh+GTpFYuA=| [Elapsed 00:00:00:00.0687744] Scout.OnMatchUpdate 9046487, ENDED
2016-03-07 12:09:20,475 [Dispatcher1] [INFO] |r7sCTLhGUO2T1kFUpmHwQ3aWo5Q=| [Elapsed 00:00:00:00.0880712] Scout.OnMatchUpdate 8990955, ENDED
2016-03-07 12:09:20,615 [Dispatcher3] [INFO] |7Lk4oIJhtOartOs+gaFIo/o1q04=| [Elapsed 00:00:00:00.1449772] Scout.OnMatchUpdateFull 9046487, ENDED
2016-03-07 12:09:20,635 [Dispatcher2] [INFO] |ZncUykQHPV2aV0DcrLfL/5bRJV0=| [Elapsed 00:00:00:00.0180983] Scout.OnMatchUpdateFull 9046491, ENDED
2016-03-07 12:09:20,829 [Dispatcher1] [INFO] |AbBeVcfL/J+pqOwv6oYOhuoslxo=| [Elapsed 00:00:00:00.2054941] Scout.OnMatchUpdateFull 8990955, ENDED
2016-03-07 12:09:20,840 [Dispatcher3] [INFO] |AdT2QkZEfyq93cJB7fIGdLrdlCI=| [Elapsed 00:00:00:00.0110528] Scout.OnScoutInfo 9046487, #4
2016-03-07 12:09:20,841 [Dispatcher3] [INFO] |6VqW8aZMWkleWzUDQA+D2Mcq6ZI=| Interesting match id 8760008 has come to terminal state
2016-03-07 12:09:20,931 [Dispatcher2] [INFO] |wzjh4N96uVU6egDgQn+SX+MUZB8=| [Elapsed 00:00:00:00.0899832] Scout.OnScoutInfo 9046491, #4
2016-03-07 12:09:20,933 [Dispatcher2] [INFO] |dEWWZgQRJCUWtVPJfuXhGdwzSQU=| Interesting match id 7560204 has come to terminal state
2016-03-07 12:09:21,052 [Dispatcher3] [INFO] |Uay8sxlxw35VOArgPT+1A+txfcw=| [Elapsed 00:00:00:00.1087959] Scout.OnMatchUpdate 8760008, ENDED
2016-03-07 12:09:21,222 [Dispatcher1] [INFO] |S7/jbTOYGnqd2k53xEMj6HINKyo=| [Elapsed 00:00:00:00.1552491] Scout.OnScoutInfo 8990955, #4
2016-03-07 12:09:21,222 [Dispatcher1] [INFO] |jfNbMh5fc2CAeJBMGeVzcLWY2pI=| Interesting match id 8806642 has come to terminal state
2016-03-07 12:09:21,232 [Dispatcher2] [INFO] |sfL/fdNZ292RIpglCv41w6c5lCI=| [Elapsed 00:00:00:00.0100717] Scout.OnMatchUpdate 7560204, ENDED
2016-03-07 12:09:21,380 [Dispatcher3] [INFO] |4JKHVENPBUWTjoVw7RRyaDmO4fk=| [Elapsed 00:00:00:00.1620613] Scout.OnMatchUpdateFull 8760008, ENDED
2016-03-07 12:09:21,610 [Dispatcher3] [INFO] |JYFmG1tBo+K0ytLXFmFglkObJ4Y=| [Elapsed 00:00:00:00.2296904] Scout.OnScoutInfo 8760008, #4
2016-03-07 12:09:21,610 [Dispatcher3] [INFO] |MxRcFrD3HLpo/P7pZjKbzuR0P48=| Interesting match id 9046963 has come to terminal state
2016-03-07 12:09:21,619 [Dispatcher2] [INFO] |1hCxg3+dfujZ5JroNeyHJ8l4BC8=| [Elapsed 00:00:00:00.0083831] Scout.OnMatchUpdateFull 7560204, ENDED
2016-03-07 12:09:21,652 [Dispatcher1] [INFO] |E/HmEWIaL8qAqGmgCPPCt/Wndw4=| [Elapsed 00:00:00:00.0330436] Scout.OnMatchUpdate 8806642, ENDED
2016-03-07 12:09:21,756 [Dispatcher2] [INFO] |KFYTRHw2dDug/rqsunW13gVql/8=| [Elapsed 00:00:00:00.1035809] Scout.OnScoutInfo 7560204, #5
2016-03-07 12:09:21,936 [Dispatcher3] [INFO] |CO5S1YMiWrzHHEzUmpRNczb9AII=| [Elapsed 00:00:00:00.1694342] Scout.OnMatchUpdate 9046963, ENDED
2016-03-07 12:09:21,956 [Dispatcher1] [INFO] |zZ1W07/yUJEyk/ijlC3iBKic/lI=| [Elapsed 00:00:00:00.0114473] Scout.OnMatchUpdateFull 8806642, ENDED
2016-03-07 12:09:22,065 [Dispatcher2] [INFO] |+7Fn0MlMNo4Jg5Df3xlfonO3xWU=| [Elapsed 00:00:00:00.1275374] Scout.OnMatchUpdate 9046961, THIRD_SET
2016-03-07 12:09:22,136 [Dispatcher1] [INFO] |7XAl0L4ogYlbjkXOVWWSJ8ChIPo=| [Elapsed 00:00:00:00.0699858] Scout.OnScoutInfo 8806642, #5
2016-03-07 12:09:22,136 [Dispatcher1] [INFO] |GjsAaAKMvWFPhmcc2ZYmhB77bIE=| Interesting match id 9046965 has come to terminal state
2016-03-07 12:09:22,219 [Dispatcher3] [INFO] |+bBu6GqL37atMjQCe+BF11V0hPE=| [Elapsed 00:00:00:00.0831976] Scout.OnMatchUpdateFull 9046963, ENDED
2016-03-07 12:09:22,333 [Dispatcher1] [INFO] |kqywlRv85acUMeUm1C5F6unpg/U=| [Elapsed 00:00:00:00.1125080] Scout.OnMatchUpdate 9046965, ENDED
2016-03-07 12:09:22,422 [Dispatcher2] [INFO] |V1HZ0XbgIrc/sV+3rtfdZYsLD78=| [Elapsed 00:00:00:00.0890102] Scout.OnMatchUpdateFull 9046961, THIRD_SET
2016-03-07 12:09:22,587 [Dispatcher3] [INFO] |oGrHiwWU3KsNOeHe35UstSBVMKM=| [Elapsed 00:00:00:00.1648737] Scout.OnOddsSuggestion 9046963, #0
2016-03-07 12:09:22,602 [Dispatcher1] [INFO] |nb7/CF9YLxbeFBdt3dLHjmBNmBk=| [Elapsed 00:00:00:00.0149093] Scout.OnMatchUpdateFull 9046965, ENDED
2016-03-07 12:09:22,731 [Dispatcher2] [INFO] |r3NSb97Cvgug01DxR+82xc7FTCk=| [Elapsed 00:00:00:00.1284847] Scout.OnOddsSuggestion 9046961, #1
2016-03-07 12:09:22,883 [Dispatcher1] [INFO] |kZV204fGbvXK+IGEgjmHA7zuLbQ=| [Elapsed 00:00:00:00.1418792] Scout.OnScoutInfo 9046965, #4
2016-03-07 12:09:22,923 [Dispatcher3] [INFO] |RWhvQbxGzv9aKj2A88FuK1Sh20c=| [Elapsed 00:00:00:00.0330043] Scout.OnScoutInfo 9046963, #4
2016-03-07 12:09:23,070 [Dispatcher2] [INFO] |qg5SvVKo0U3xZpYvayogcbcfiTk=| [Elapsed 00:00:00:00.1447531] Scout.OnScoutInfo 9046961, #4
2016-03-07 12:09:23,090 [Dispatcher1] [INFO] |XWu7GgKCVul7D1rAk6LVmTxQ0uQ=| [Elapsed 00:00:00:00.0165042] Scout.OnMatchUpdate 9047015, FIRST_SET
2016-03-07 12:09:23,210 [Dispatcher3] [INFO] |pzjXTV6/a1RgjWhyyGxC0EMER74=| [Elapsed 00:00:00:00.1116479] Scout.OnMatchUpdate 9046689, NOT_STARTED
2016-03-07 12:09:23,280 [Dispatcher1] [INFO] |iNlY5HMuAoRSc90lGaL1DQSNjr0=| [Elapsed 00:00:00:00.0703265] Scout.OnMatchUpdateFull 9047015, FIRST_SET
2016-03-07 12:09:23,390 [Dispatcher3] [INFO] |sFMkXyl/NluNyGVBdgcH2fFYDr4=| [Elapsed 00:00:00:00.1145510] Scout.OnMatchUpdateFull 9046689, NOT_STARTED
2016-03-07 12:09:23,550 [Dispatcher1] [INFO] |C1iSHsty01aTAin3O8JIaR8odKs=| [Elapsed 00:00:00:00.1574306] Scout.OnOddsSuggestion 9047015, #4
2016-03-07 12:09:23,560 [Dispatcher2] [INFO] |BjZ/VE+Sy+0T1JwxOC9KNGMzW3M=| [Elapsed 00:00:00:00.0094785] Scout.OnMatchUpdate 7545770, HALFTIME
2016-03-07 12:09:23,670 [Dispatcher3] [INFO] |sFxNhO2hDFYjzm2zganbXe2wx68=| [Elapsed 00:00:00:00.1104845] Scout.OnScoutInfo 9046689, #4
2016-03-07 12:09:23,790 [Dispatcher1] [INFO] |blDwOrmcnUVJzV67+cFzIq3EVaQ=| [Elapsed 00:00:00:00.1221244] Scout.OnScoutInfo 9047015, #4
2016-03-07 12:09:23,820 [Dispatcher2] [INFO] |XUdjzJCrAJdK5+m+UA0k4td8XD0=| [Elapsed 00:00:00:00.0295863] Scout.OnMatchUpdateFull 7545770, HALFTIME
2016-03-07 12:09:23,930 [Dispatcher3] [INFO] |5Yr05prAZ3iw4z/Zo5j+KLj4mDQ=| [Elapsed 00:00:00:00.1035224] Scout.OnMatchUpdate 8759852, FIRST_HALF
2016-03-07 12:09:23,980 [Dispatcher1] [INFO] |WyXBmr3XcE40t4tnDKDUu0pJYns=| [Elapsed 00:00:00:00.0524546] Scout.OnMatchUpdate 8720242, FIRST_HALF
2016-03-07 12:09:24,050 [Dispatcher2] [INFO] |BR8RUI2jaPIFkdxGhyu1olsVmKg=| [Elapsed 00:00:00:00.0749866] Scout.OnOddsSuggestion 7545770, #4
2016-03-07 12:09:24,190 [Dispatcher3] [INFO] |TSqJApkn1ke/MAQM0UNqGj1cQGc=| [Elapsed 00:00:00:00.1351802] Scout.OnMatchUpdateFull 8759852, FIRST_HALF
2016-03-07 12:09:24,220 [Dispatcher1] [INFO] |AQnImuIDvC24eMHoz0W3EYmpYbA=| [Elapsed 00:00:00:00.0298067] Scout.OnMatchUpdateFull 8720242, FIRST_HALF
2016-03-07 12:09:24,300 [Dispatcher2] [INFO] |los/NelSyGhkxwNjhFy6JRgt0ds=| [Elapsed 00:00:00:00.0735758] Scout.OnScoutInfo 7545770, #5
2016-03-07 12:09:24,390 [Dispatcher3] [INFO] |ycswNaXnNjXOm2/FqwwFXPU6UgM=| [Elapsed 00:00:00:00.0945971] Scout.OnOddsSuggestion 8759852, #4
2016-03-07 12:09:24,496 [Dispatcher1] [INFO] |E0gLhtYfiLuxfzL9JY4CJKalOcg=| [Elapsed 00:00:00:00.1084356] Scout.OnOddsSuggestion 8720242, #4
2016-03-07 12:09:24,506 [Dispatcher2] [INFO] |K49sWnBUPeOB4IqlTNTU+aBmJkI=| [Elapsed 00:00:00:00.0080625] Scout.OnMatchUpdate 9046973, SECOND_SET
2016-03-07 12:09:24,596 [Dispatcher3] [INFO] |Hz3aRdZ6JAYAJD5XXxTAuON9UiU=| [Elapsed 00:00:00:00.0837022] Scout.OnScoutInfo 8759852, #4
2016-03-07 12:09:24,688 [Dispatcher1] [INFO] |5DSchI+cjHu9oQlCC5ebdwsNI4Y=| [Elapsed 00:00:00:00.0787483] Scout.OnScoutInfo 8720242, #5
2016-03-07 12:09:24,788 [Dispatcher2] [INFO] |XiWbfosMmH8O+K/5Gfm2+rUDrp0=| [Elapsed 00:00:00:00.0951981] Scout.OnMatchUpdateFull 9046973, SECOND_SET
2016-03-07 12:09:24,818 [Dispatcher3] [INFO] |R/mutG/x0JTbdsWPLQGkhgIIAPE=| [Elapsed 00:00:00:00.0293630] Scout.OnMatchUpdate 8173598, FIRST_SET
2016-03-07 12:09:24,898 [Dispatcher1] [INFO] |QYeKZz4eg/fEDU9WMZz+Ul1xF70=| [Elapsed 00:00:00:00.0818409] Scout.OnMatchUpdate 9027885, FIRST_QUARTER
2016-03-07 12:09:25,038 [Dispatcher3] [INFO] |JaAmUXgviB0+xb/uiCL2jweIUQo=| [Elapsed 00:00:00:00.1423886] Scout.OnMatchUpdateFull 8173598, FIRST_SET
2016-03-07 12:09:25,128 [Dispatcher2] [INFO] |zchG+RixR4aBgk3EsVQ1R41vyCk=| [Elapsed 00:00:00:00.0847757] Scout.OnOddsSuggestion 9046973, #2
2016-03-07 12:09:25,270 [Dispatcher1] [INFO] |9eyiHy1MXXeX/FcZ8CrX1dezCL8=| [Elapsed 00:00:00:00.1462536] Scout.OnMatchUpdateFull 9027885, FIRST_QUARTER
2016-03-07 12:09:25,360 [Dispatcher3] [INFO] |MP9mxPS01D13wztWFzJVcTqI8kk=| [Elapsed 00:00:00:00.0859905] Scout.OnOddsSuggestion 8173598, #3
2016-03-07 12:09:25,400 [Dispatcher2] [INFO] |Wep9Xb8ueJ9A3q4tAjvOCNOSlTs=| [Elapsed 00:00:00:00.0411571] Scout.OnScoutInfo 9046973, #4
2016-03-07 12:09:25,470 [Dispatcher1] [INFO] |afVq+LJ1DqhEvqOY8UytB4wjX/Q=| [Elapsed 00:00:00:00.0728509] Scout.OnOddsSuggestion 9027885, #4
2016-03-07 12:09:25,590 [Dispatcher3] [INFO] |KuCOH3854ubnloTgXsZ/4+r82gU=| [Elapsed 00:00:00:00.1208384] Scout.OnScoutInfo 8173598, #4
2016-03-07 12:09:25,680 [Dispatcher2] [INFO] |ONhMo6Q4U6Kb5EhCVbGSlXekGJk=| [Elapsed 00:00:00:00.0846078] Scout.OnMatchUpdate 7720596, FIRST_HALF
2016-03-07 12:09:25,700 [Dispatcher1] [INFO] |Ce0vTVqRnirJ74S4pvevKk6QjDM=| [Elapsed 00:00:00:00.0129959] Scout.OnScoutInfo 9027885, #4
2016-03-07 12:09:25,780 [Dispatcher3] [INFO] |3xILksH9D1CWm9gZxvAM0GX+oS8=| [Elapsed 00:00:00:00.0780467] Scout.OnMatchUpdate 9044895, NOT_STARTED
2016-03-07 12:09:25,930 [Dispatcher1] [INFO] |DvEWoiHq5cz8lz2G1CS5nAo/RsA=| [Elapsed 00:00:00:00.1543979] Scout.OnMatchUpdate 9046699, NOT_STARTED
2016-03-07 12:09:25,950 [Dispatcher2] [INFO] |/ilvIBNQADUNjnMjSOK8diunikg=| [Elapsed 00:00:00:00.0248685] Scout.OnMatchUpdateFull 7720596, FIRST_HALF
2016-03-07 12:09:26,020 [Dispatcher3] [INFO] |LzSHmBwVJ4FKSeineF/fVX/d3dg=| [Elapsed 00:00:00:00.0638701] Scout.OnMatchUpdateFull 9044895, NOT_STARTED
2016-03-07 12:09:26,131 [Dispatcher1] [INFO] |ydRbu9SHzkRDXOmJ8Mwy8C4Kl3w=| [Elapsed 00:00:00:00.1072591] Scout.OnMatchUpdateFull 9046699, NOT_STARTED
2016-03-07 12:09:26,151 [Dispatcher2] [INFO] |HBcsV8cUJorp78rVLiyNC9eFl0U=| [Elapsed 00:00:00:00.0270428] Scout.OnOddsSuggestion 7720596, #4
2016-03-07 12:09:26,341 [Dispatcher1] [INFO] |kA35695/9/KRyN3npJpH3FQNcVo=| [Elapsed 00:00:00:00.1832447] Scout.OnScoutInfo 9046699, #4
2016-03-07 12:09:26,351 [Dispatcher3] [INFO] |gEMTUNqP8aQKeTnTdEl0bJVRzL8=| [Elapsed 00:00:00:00.0149014] Scout.OnScoutInfo 9044895, #4
2016-03-07 12:09:26,416 [Dispatcher2] [INFO] |cX7nhDCKhfUaDDiuz2ARCBtAb0g=| [Elapsed 00:00:00:00.0759886] Scout.OnScoutInfo 7720596, #5
2016-03-07 12:09:26,559 [Dispatcher1] [INFO] |QvsFmRBdYDkopScpqZlS8uo8vZ8=| [Elapsed 00:00:00:00.1290847] Scout.OnMatchUpdate 9047175, FIRST_SET
2016-03-07 12:09:26,601 [Dispatcher3] [INFO] |f30VTmdKzFRonVvoZ+Os0MktgFU=| [Elapsed 00:00:00:00.0241593] Scout.OnMatchUpdate 9047163, FIRST_SET
2016-03-07 12:09:26,711 [Dispatcher2] [INFO] |gOE6MqVhjHa1kQiKPevaTgDjl3E=| [Elapsed 00:00:00:00.1112764] Scout.OnMatchUpdate 9034681, FIRST_HALF
2016-03-07 12:09:26,801 [Dispatcher3] [INFO] |JdhS+lmpJSa/FPAPcLZbNAeGMAc=| [Elapsed 00:00:00:00.0892364] Scout.OnMatchUpdateFull 9047163, FIRST_SET
2016-03-07 12:09:26,841 [Dispatcher1] [INFO] |OH13RWmPNONlPGPJVbVOnNhC9mo=| [Elapsed 00:00:00:00.0436654] Scout.OnMatchUpdateFull 9047175, FIRST_SET
2016-03-07 12:09:26,901 [Dispatcher2] [INFO] |NfgQr9mAxzxYANQqiELcZa4tUlc=| [Elapsed 00:00:00:00.0610399] Scout.OnMatchUpdateFull 9034681, FIRST_HALF
2016-03-07 12:09:27,021 [Dispatcher3] [INFO] |03aZe2Q8MI4MTsMr/r9k8sQXlm4=| [Elapsed 00:00:00:00.1154045] Scout.OnOddsSuggestion 9047163, #4
2016-03-07 12:09:27,041 [Dispatcher1] [INFO] |2l/SdlnrdhO+JLG6JLi9C9I6gsg=| [Elapsed 00:00:00:00.0168124] Scout.OnOddsSuggestion 9047175, #4
2016-03-07 12:09:27,091 [Dispatcher2] [INFO] |sNfY29yl+Yq4spJ/98hKLvuxTn0=| [Elapsed 00:00:00:00.0574937] Scout.OnOddsSuggestion 9034681, #4
2016-03-07 12:09:27,261 [Dispatcher3] [INFO] |oKH7UfChBEGAlumh7QpDxGd7PQU=| [Elapsed 00:00:00:00.1634225] Scout.OnScoutInfo 9047163, #4
2016-03-07 12:09:27,311 [Dispatcher1] [INFO] |w0OmdA/GzrzQ3RsYdjmFwy1WewY=| [Elapsed 00:00:00:00.0522699] Scout.OnScoutInfo 9047175, #4
2016-03-07 12:09:27,401 [Dispatcher2] [INFO] |/Hqrv2+DyjCUH9NuNfe895X+qPg=| [Elapsed 00:00:00:00.0875816] Scout.OnScoutInfo 9034681, #4
2016-03-07 12:09:27,431 [Dispatcher3] [INFO] |P6aTMg2/OdE8/NWNXvrNhvqb9PY=| [Elapsed 00:00:00:00.0366240] Scout.OnMatchUpdate 9046967, NOT_STARTED
2016-03-07 12:09:27,511 [Dispatcher1] [INFO] |eOmvhBzYntxStXT4pql9r+wli/A=| [Elapsed 00:00:00:00.0721311] Scout.OnMatchUpdate 9046701, NOT_STARTED
2016-03-07 12:09:27,611 [Dispatcher2] [INFO] |xSRInY5LkxtsDjWGw4TMpTNkixY=| [Elapsed 00:00:00:00.0973379] Scout.OnMatchUpdate 9047157, FIRST_SET
2016-03-07 12:09:27,671 [Dispatcher3] [INFO] |xYwweT61g3xSiYYSNP1Z1KNv+2g=| [Elapsed 00:00:00:00.0651629] Scout.OnMatchUpdateFull 9046967, NOT_STARTED
2016-03-07 12:09:27,731 [Dispatcher1] [INFO] |lSQUGtQKiymoL24SmEitd4jyKZs=| [Elapsed 00:00:00:00.0579231] Scout.OnMatchUpdateFull 9046701, NOT_STARTED
2016-03-07 12:09:27,841 [Dispatcher2] [INFO] |U6ixo9JuFbaP15Bxl2A/ahdXiX4=| [Elapsed 00:00:00:00.1155841] Scout.OnMatchUpdateFull 9047157, FIRST_SET
2016-03-07 12:09:27,921 [Dispatcher3] [INFO] |k8a5Mx44ZFicJWH77R05LhJY7Aw=| [Elapsed 00:00:00:00.0759900] Scout.OnScoutInfo 9046967, #4
2016-03-07 12:09:27,951 [Dispatcher1] [INFO] |ISUnWbpgZnOhpVcOhmuOvmKi4Bk=| [Elapsed 00:00:00:00.0177408] Scout.OnScoutInfo 9046701, #4
2016-03-07 12:09:28,011 [Dispatcher2] [INFO] |56NaeRHtJ+hl/rsAJPbf52VY4h8=| [Elapsed 00:00:00:00.0396269] Scout.OnOddsSuggestion 9047157, #4
2016-03-07 12:09:28,101 [Dispatcher3] [INFO] |nKYSpwsiC5waWU5ObQ9odfrhZD4=| [Elapsed 00:00:00:00.0883989] Scout.OnMatchUpdate 9046695, NOT_STARTED
2016-03-07 12:09:28,221 [Dispatcher1] [INFO] |OHI80Ky3NIklzT5vPF1RXpl+U0c=| [Elapsed 00:00:00:00.1227015] Scout.OnMatchUpdate 9046971, NOT_STARTED
2016-03-07 12:09:28,251 [Dispatcher2] [INFO] |6dLk7wby8mmFU3KFSS9/vLCq46g=| [Elapsed 00:00:00:00.0295727] Scout.OnScoutInfo 9047157, #4
2016-03-07 12:09:28,291 [Dispatcher3] [INFO] |+UNl3KrA3jE8C+QMrb6rR52Vw5s=| [Elapsed 00:00:00:00.0433558] Scout.OnMatchUpdateFull 9046695, NOT_STARTED
2016-03-07 12:09:28,411 [Dispatcher1] [INFO] |WOJWu1rU7smEmCMJlebn+WtQGyo=| [Elapsed 00:00:00:00.1165793] Scout.OnMatchUpdateFull 9046971, NOT_STARTED
2016-03-07 12:09:28,451 [Dispatcher2] [INFO] |S3j7cjRaxy8fy2cFJu3yZ4czNRM=| [Elapsed 00:00:00:00.0350445] Scout.OnMatchUpdate 9046969, NOT_STARTED
2016-03-07 12:09:28,594 [Dispatcher3] [INFO] |wzRDX/pA2rbvYkvQzCmE/ofiQio=| [Elapsed 00:00:00:00.1457446] Scout.OnScoutInfo 9046695, #4
2016-03-07 12:09:28,694 [Dispatcher1] [INFO] |qd9ikTN+aCWbscrDZfSQAGdNJP8=| [Elapsed 00:00:00:00.1010254] Scout.OnScoutInfo 9046971, #4
2016-03-07 12:09:28,734 [Dispatcher2] [INFO] |YHpW9uTcs921iMxTFI8onKtpEKE=| [Elapsed 00:00:00:00.0343774] Scout.OnMatchUpdateFull 9046969, NOT_STARTED
2016-03-07 12:09:28,854 [Dispatcher3] [INFO] |zfRqOLWh7kjA7apa2/sNuV5jQso=| [Elapsed 00:00:00:00.1263500] Scout.OnMatchUpdate 8699210, NOT_STARTED
2016-03-07 12:09:28,874 [Dispatcher1] [INFO] |OxJB5YhDIhYErcCOM6iasZ+A1ac=| [Elapsed 00:00:00:00.0167491] Scout.OnMatchUpdate 8779354, NOT_STARTED
2016-03-07 12:09:28,954 [Dispatcher2] [INFO] |0Dr8tGxkonQ56VUOf16SBh2DMcs=| [Elapsed 00:00:00:00.0807988] Scout.OnOddsSuggestion 9046969, #4
2016-03-07 12:09:29,014 [Dispatcher3] [INFO] |4fWOnscWJMqQ8n8zsR1mIbWGoZg=| [Elapsed 00:00:00:00.0583589] Scout.OnMatchUpdateFull 8699210, NOT_STARTED
2016-03-07 12:09:29,064 [Dispatcher1] [INFO] |II+olOpdSnTQnrRoYKn+8e45bgo=| [Elapsed 00:00:00:00.0527225] Scout.OnMatchUpdateFull 8779354, NOT_STARTED
2016-03-07 12:09:29,204 [Dispatcher2] [INFO] |MjkgK4f4c9VzxQMnnYi4+tjLWmU=| [Elapsed 00:00:00:00.1313316] Scout.OnScoutInfo 9046969, #4
2016-03-07 12:09:29,214 [Dispatcher3] [INFO] |bAn4g1V+3oq2/9bexq2rXR78EEI=| [Elapsed 00:00:00:00.0165938] Scout.OnScoutInfo 8699210, #4
2016-03-07 12:09:29,314 [Dispatcher1] [INFO] |jJYrtvGoAfAYcloS5FvSn3v82DQ=| [Elapsed 00:00:00:00.0962490] Scout.OnScoutInfo 8779354, #5
2016-03-07 12:09:29,384 [Dispatcher3] [INFO] |X9tIcArC5EsmB+VawQJ856EFjdM=| [Elapsed 00:00:00:00.0710046] Scout.OnMatchUpdate 9044847, NOT_STARTED
2016-03-07 12:09:29,555 [Dispatcher2] [INFO] |boojutxP9KWWiLuMND6XbqIElRs=| [Elapsed 00:00:00:00.1707923] Scout.OnMatchUpdate 8990959, NOT_STARTED
2016-03-07 12:09:29,555 [Dispatcher1] [INFO] |PeDVLYfZGVbt8psk/gSrIJHb5LI=| [Elapsed 00:00:00:00.0000629] Scout.OnMatchUpdate 7507454, NOT_STARTED
2016-03-07 12:09:29,615 [Dispatcher3] [INFO] |awnTAJgm3CBA60E7m0NjcTiYHDk=| [Elapsed 00:00:00:00.0583476] Scout.OnMatchUpdateFull 9044847, NOT_STARTED
2016-03-07 12:09:29,795 [Dispatcher1] [INFO] |IeJxAgrEd538L/lkPBPRfcKoU8k=| [Elapsed 00:00:00:00.1776877] Scout.OnMatchUpdateFull 7507454, NOT_STARTED
2016-03-07 12:09:29,895 [Dispatcher2] [INFO] |dQkknz8IiX7CI5t8FrfCP8UEweY=| [Elapsed 00:00:00:00.0947127] Scout.OnMatchUpdateFull 8990959, NOT_STARTED
2016-03-07 12:09:29,905 [Dispatcher3] [INFO] |XgUQ9dxGPt9fShDbZ7B8a9Jov2M=| [Elapsed 00:00:00:00.0129764] Scout.OnScoutInfo 9044847, #4
2016-03-07 12:09:29,975 [Dispatcher1] [INFO] |kiw9VaUwEAGAZdNjllJkp2NhnqQ=| [Elapsed 00:00:00:00.0682722] Scout.OnScoutInfo 7507454, #5
2016-03-07 12:09:30,115 [Dispatcher2] [INFO] |ZwxaOwMUJXVomHzEVe7ljuwyTRE=| [Elapsed 00:00:00:00.1361938] Scout.OnScoutInfo 8990959, #4
2016-03-07 12:09:30,155 [Dispatcher3] [INFO] |FtFO96/VlTyu8omoh0sLYG+x3fA=| [Elapsed 00:00:00:00.0436062] Scout.OnMatchUpdate 9044701, NOT_STARTED
2016-03-07 12:09:30,235 [Dispatcher1] [INFO] |0IhmOljCQL8MUh0NRTO/ZVA4hAA=| [Elapsed 00:00:00:00.0853022] Scout.OnMatchUpdate 9047099, NOT_STARTED
2016-03-07 12:09:30,335 [Dispatcher3] [INFO] |r7z894tSoVbJg8vVIBg2gfGls0E=| [Elapsed 00:00:00:00.0990977] Scout.OnMatchUpdateFull 9044701, NOT_STARTED
2016-03-07 12:09:30,407 [Dispatcher2] [INFO] |RQZPB18wC/9ngNb5jjTiaOxoGfg=| [Elapsed 00:00:00:00.0631202] Scout.OnMatchUpdate 7761580, NOT_STARTED
2016-03-07 12:09:30,537 [Dispatcher1] [INFO] |mqMvoTwz4qK4AF1lg+s/ylKWWFc=| [Elapsed 00:00:00:00.1358558] Scout.OnMatchUpdateFull 9047099, NOT_STARTED
2016-03-07 12:09:30,557 [Dispatcher3] [INFO] |jxvH/V37PHOxMSBYpzBdNzHugW0=| [Elapsed 00:00:00:00.0206018] Scout.OnScoutInfo 9044701, #4
2016-03-07 12:09:30,627 [Dispatcher2] [INFO] |aVcV49XF8ghPoladMr0C8pwo6yU=| [Elapsed 00:00:00:00.0643121] Scout.OnMatchUpdateFull 7761580, NOT_STARTED
2016-03-07 12:09:30,767 [Dispatcher1] [INFO] |ecmJARmETvXW0VAdsOVqizu7qvE=| [Elapsed 00:00:00:00.1377890] Scout.OnScoutInfo 9047099, #4
2016-03-07 12:09:30,807 [Dispatcher3] [INFO] |US7pZhWb4Q+fHGcaMytm6UwWfl8=| [Elapsed 00:00:00:00.0385216] Scout.OnMatchUpdate 9047161, NOT_STARTED
2016-03-07 12:09:30,971 [Dispatcher2] [INFO] |rAJKT0OISdmo95GLLd1QR6BlhdU=| [Elapsed 00:00:00:00.1716729] Scout.OnScoutInfo 7761580, #4
2016-03-07 12:09:31,031 [Dispatcher1] [INFO] |LClXZKF3N9eNfdg0L7OAlZDkDtU=| [Elapsed 00:00:00:00.0594967] Scout.OnMatchUpdate 9047167, NOT_STARTED
2016-03-07 12:09:31,071 [Dispatcher3] [INFO] |JSeVp+wieqk4EnnvwwQ6Lyf31JE=| [Elapsed 00:00:00:00.0378302] Scout.OnMatchUpdateFull 9047161, NOT_STARTED
2016-03-07 12:09:31,181 [Dispatcher2] [INFO] |yvTxy1fvlVrnZpoLnZJLrrnr52s=| [Elapsed 00:00:00:00.1090955] Scout.OnMatchUpdate 9044549, NOT_STARTED
2016-03-07 12:09:31,221 [Dispatcher1] [INFO] |FEGlu3bx3Jq8W2z7PINyAdVuMxQ=| [Elapsed 00:00:00:00.0396286] Scout.OnMatchUpdateFull 9047167, NOT_STARTED
2016-03-07 12:09:31,391 [Dispatcher3] [INFO] |5t8xqDktTiO11YSIpFDpCtJkENg=| [Elapsed 00:00:00:00.1640858] Scout.OnScoutInfo 9047161, #4
2016-03-07 12:09:31,421 [Dispatcher2] [INFO] |9MsAuLRS/FALdd8qGx6l+4ekpyA=| [Elapsed 00:00:00:00.0306431] Scout.OnMatchUpdateFull 9044549, NOT_STARTED
2016-03-07 12:09:31,503 [Dispatcher1] [INFO] |/99VIrJtYxuYbAhQxFXIFL6k2K0=| [Elapsed 00:00:00:00.0809329] Scout.OnScoutInfo 9047167, #4
2016-03-07 12:09:31,649 [Dispatcher3] [INFO] |GTqN+PbHX47q8YXfqIuHNo87w0A=| [Elapsed 00:00:00:00.1501651] Scout.OnMatchUpdate 9047011, NOT_STARTED
2016-03-07 12:09:31,709 [Dispatcher2] [INFO] |y5Mh1Siw3sD0z5lyi4lJF47o0/k=| [Elapsed 00:00:00:00.0557613] Scout.OnScoutInfo 9044549, #4
2016-03-07 12:09:31,739 [Dispatcher1] [INFO] |h2tKGO2g7McEzlLRzGehPMSUtoM=| [Elapsed 00:00:00:00.0226465] Scout.OnMatchUpdate 8028802, NOT_STARTED
2016-03-07 12:09:31,819 [Dispatcher3] [INFO] |wN0vH3n6DfP2Q5ZBwMJVVhTtWA4=| [Elapsed 00:00:00:00.0823944] Scout.OnMatchUpdateFull 9047011, NOT_STARTED
2016-03-07 12:09:31,969 [Dispatcher1] [INFO] |B+Y/HXcYw7nOuO7jv+16kjoQ6AQ=| [Elapsed 00:00:00:00.1512612] Scout.OnMatchUpdateFull 8028802, NOT_STARTED
2016-03-07 12:09:32,029 [Dispatcher2] [INFO] |ARMP2xsonSWY3KxSohm6WXvzVNw=| [Elapsed 00:00:00:00.0511522] Scout.OnMatchUpdate 9027611, NOT_STARTED
2016-03-07 12:09:32,069 [Dispatcher3] [INFO] |5CDnR4kQ8cY4wkagqgpN5a+S/GY=| [Elapsed 00:00:00:00.0389657] Scout.OnScoutInfo 9047011, #4
2016-03-07 12:09:32,139 [Dispatcher1] [INFO] |mcl1YQYJ7Z4NIaMuo8vxMAdgdPQ=| [Elapsed 00:00:00:00.0735813] Scout.OnScoutInfo 8028802, #5
2016-03-07 12:09:32,259 [Dispatcher2] [INFO] |Fwxz4TMJnXUZGYyQrO38dfs/8o8=| [Elapsed 00:00:00:00.1121676] Scout.OnMatchUpdateFull 9027611, NOT_STARTED
2016-03-07 12:09:32,269 [Dispatcher3] [INFO] |Huj0sRdBr+Dy5+OITXdRsAqLiNE=| [Elapsed 00:00:00:00.0100727] Scout.OnMatchUpdate 8402480, NOT_STARTED
2016-03-07 12:09:32,379 [Dispatcher1] [INFO] |TQ4fbve+3LzBr0xxkCoYl9GmIOI=| [Elapsed 00:00:00:00.1137778] Scout.OnMatchUpdate 8402482, NOT_STARTED
2016-03-07 12:09:32,479 [Dispatcher3] [INFO] |SxG8N1KKyIxjytYP6FLAdx9/eFg=| [Elapsed 00:00:00:00.0960239] Scout.OnMatchUpdateFull 8402480, NOT_STARTED
2016-03-07 12:09:32,559 [Dispatcher2] [INFO] |RccPrOBqTp1QI8qsIDx9uxHQT+k=| [Elapsed 00:00:00:00.0851124] Scout.OnScoutInfo 9027611, #4
2016-03-07 12:09:32,589 [Dispatcher1] [INFO] |fdBg7P9e7+vxtzoBFh9bTZTmk2k=| [Elapsed 00:00:00:00.0265844] Scout.OnMatchUpdateFull 8402482, NOT_STARTED
2016-03-07 12:09:32,649 [Dispatcher3] [INFO] |UDlVCLfrZDRt9DB7hulsSdO0ikU=| [Elapsed 00:00:00:00.0586172] Scout.OnScoutInfo 8402480, #5
2016-03-07 12:09:32,759 [Dispatcher2] [INFO] |3QTzLc85cYXGk6i8SdNhfzIySSk=| [Elapsed 00:00:00:00.1000176] Scout.OnMatchUpdate 9047105, NOT_STARTED
2016-03-07 12:09:32,789 [Dispatcher1] [INFO] |1yo8C69jpk+3ZXiZsP6mZNtL/rY=| [Elapsed 00:00:00:00.0344274] Scout.OnScoutInfo 8402482, #5
2016-03-07 12:09:32,899 [Dispatcher3] [INFO] |1H7el8szToxyTMWWlalqS1YAlxY=| [Elapsed 00:00:00:00.1058949] Scout.OnMatchUpdate 9047267, NOT_STARTED
2016-03-07 12:09:32,949 [Dispatcher2] [INFO] |b3U9snN6LR2pL2OS9P5348idyG8=| [Elapsed 00:00:00:00.0490531] Scout.OnMatchUpdateFull 9047105, NOT_STARTED
2016-03-07 12:09:32,999 [Dispatcher1] [INFO] |bLXZ1UfLoZrLKJaYF0SzewXAla8=| [Elapsed 00:00:00:00.0468175] Scout.OnOddsSuggestion 9047015, #4
2016-03-07 12:09:33,069 [Dispatcher3] [INFO] |sFEsqMWTPZgKZhuhhyg5ZDuBj8Q=| [Elapsed 00:00:00:00.0711366] Scout.OnMatchUpdateFull 9047267, NOT_STARTED
2016-03-07 12:09:33,159 [Dispatcher2] [INFO] |Kq8KQEXVmN3ADRObCEQiGrQOfxU=| [Elapsed 00:00:00:00.0897670] Scout.OnScoutInfo 9047105, #4
2016-03-07 12:09:33,249 [Dispatcher1] [INFO] |NLa8sMQyuTN/MeidQdbTcyxfgN0=| [Elapsed 00:00:00:00.0802973] Scout.OnMatchUpdate 8720242, UNDEFINED
2016-03-07 12:09:33,269 [Dispatcher3] [INFO] |j2ADXEsNv2Qcb0ji4xjwwjflYWY=| [Elapsed 00:00:00:00.0208810] Scout.OnScoutInfo 9047267, #4
2016-03-07 12:09:33,339 [Dispatcher2] [INFO] |NsmdxLv9EhcEfqnCjWpdXUObXVI=| [Elapsed 00:00:00:00.0683598] Scout.OnMatchUpdate 9047169, NOT_STARTED
2016-03-07 12:09:33,429 [Dispatcher3] [INFO] |ZUYKD57vbjorwdhKF4CVNW37+DE=| [Elapsed 00:00:00:00.0858205] Scout.OnMatchUpdate 8759852, UNDEFINED
2016-03-07 12:09:33,539 [Dispatcher1] [INFO] |qVY2LHoboAzVUcQuGl3kny0C4KA=| [Elapsed 00:00:00:00.1125538] Scout.OnMatchUpdateDelta 8720242, UNDEFINED
2016-03-07 12:09:33,609 [Dispatcher2] [INFO] |ttk0TyMh9SE4LPunoyIZvZcrlb0=| [Elapsed 00:00:00:00.0712560] Scout.OnMatchUpdateFull 9047169, NOT_STARTED
2016-03-07 12:09:33,659 [Dispatcher3] [INFO] |coLVfUyfFhk70ICQe5u+Kqb/odY=| [Elapsed 00:00:00:00.0381778] Scout.OnMatchUpdateDelta 8759852, UNDEFINED
2016-03-07 12:09:33,739 [Dispatcher1] [INFO] |I9HD8hOLlsOxQeCVGiXypfi0JDQ=| [Elapsed 00:00:00:00.0865765] Scout.OnMatchUpdate 9047015, UNDEFINED
2016-03-07 12:09:33,879 [Dispatcher2] [INFO] |/gVc5L+LEJjlZsS8SJK/VypNCz0=| [Elapsed 00:00:00:00.1371634] Scout.OnScoutInfo 9047169, #4
2016-03-07 12:09:33,919 [Dispatcher3] [INFO] |DF1qeg0yPKE55SDCpQrWucScXYk=| [Elapsed 00:00:00:00.0371570] Scout.OnOddsSuggestion 8759852, #4
2016-03-07 12:09:34,019 [Dispatcher1] [INFO] |2f+LNiYBQv4F4bnF1bS/Ox5TLCw=| [Elapsed 00:00:00:00.1014920] Scout.OnMatchUpdateDelta 9047015, UNDEFINED
2016-03-07 12:09:34,109 [Dispatcher3] [INFO] |GZc3F/TnuacPWXue2cbvPXlCQhE=| [Elapsed 00:00:00:00.0864209] Scout.OnMatchUpdate 8759852, UNDEFINED
2016-03-07 12:09:34,159 [Dispatcher2] [INFO] |VNprubCIDg9PSX17vjYqpvcwhnk=| [Elapsed 00:00:00:00.0495088] Scout.OnMatchUpdate 8402478, NOT_STARTED
2016-03-07 12:09:34,219 [Dispatcher1] [INFO] |bGpuFonBe/Q7vTOB2MOMIrGuZ0Y=| [Elapsed 00:00:00:00.0644913] Scout.OnOddsSuggestion 9047015, #4
2016-03-07 12:09:34,349 [Dispatcher3] [INFO] |Pe/2y3cAoHyxTo7zlZ4WSYFTX/o=| [Elapsed 00:00:00:00.1276325] Scout.OnMatchUpdateDelta 8759852, UNDEFINED
2016-03-07 12:09:34,419 [Dispatcher2] [INFO] |OkZKLhCFDSs2eXFo0r4tUFVirHk=| [Elapsed 00:00:00:00.1276325] Scout.OnMatchUpdateFull 8402478, NOT_STARTED
2016-03-07 12:09:34,439 [Dispatcher1] [INFO] |nDr70RHwNcTExwcp8WILoBA2O2Y=| [Elapsed 00:00:00:00.0205238] Scout.OnOddsSuggestion 9027885, #4
2016-03-07 12:09:34,569 [Dispatcher2] [INFO] |E12FB+ty96k4NajpsrmD+RQz/NI=| [Elapsed 00:00:00:00.1269791] Scout.OnScoutInfo 8402478, #5
2016-03-07 12:09:34,589 [Dispatcher1] [INFO] |xofUAGiRZmz1Qt6TQNwWhNnlN28=| [Elapsed 00:00:00:00.0102123] Scout.OnMatchUpdate 9027885, UNDEFINED
2016-03-07 12:09:34,779 [Dispatcher2] [INFO] |MFwTipc3M10Zml2Y5/ZnGGarPj0=| [Elapsed 00:00:00:00.1899064] Scout.OnMatchUpdate 9047263, NOT_STARTED
2016-03-07 12:09:34,829 [Dispatcher1] [INFO] |AS0QPmYANPu/3xoidZJAoMzKh18=| [Elapsed 00:00:00:00.0509237] Scout.OnMatchUpdateDelta 9027885, UNDEFINED
2016-03-07 12:09:34,929 [Dispatcher2] [INFO] |WfsnC/YppVwzSv0FM91+rOKXr2A=| [Elapsed 00:00:00:00.0980109] Scout.OnMatchUpdateFull 9047263, NOT_STARTED
2016-03-07 12:09:34,989 [Dispatcher1] [INFO] |2VG0s6SfrzB4ZIRxbp5akGAwX14=| [Elapsed 00:00:00:00.0646898] Scout.OnOddsSuggestion 9047015, #4
2016-03-07 12:09:35,069 [Dispatcher2] [INFO] |AqjHnWwZ0DZk1GXX7JccsvhD/yw=| [Elapsed 00:00:00:00.0767214] Scout.OnScoutInfo 9047263, #4
2016-03-07 12:09:35,139 [Dispatcher1] [INFO] |IYDuZcVtlKvYC7o2DR7PuFFHudA=| [Elapsed 00:00:00:00.0573052] Scout.OnMatchUpdate 9027885, UNDEFINED
2016-03-07 12:09:35,219 [Dispatcher2] [INFO] |T05s1YaIEaGkkk4vpKlnwg0rQ8A=| [Elapsed 00:00:00:00.0848524] Scout.OnMatchUpdate 9034681, UNDEFINED
2016-03-07 12:09:35,279 [Dispatcher1] [INFO] |BKZcep6MwVL+l+hk9f5Lh7GYJJ0=| [Elapsed 00:00:00:00.0589873] Scout.OnMatchUpdateDelta 9027885, UNDEFINED
2016-03-07 12:09:35,369 [Dispatcher2] [INFO] |bUqS8BZwc/G9zUkArd6nI+F6/hk=| [Elapsed 00:00:00:00.0854548] Scout.OnMatchUpdateDelta 9034681, UNDEFINED
2016-03-07 12:09:35,501 [Dispatcher1] [INFO] |OtNXVGxLCAyEtd9DWr5q6FBN1ko=| [Elapsed 00:00:00:00.1350269] Scout.OnOddsSuggestion 9027885, #4
2016-03-07 12:09:35,511 [Dispatcher3] [INFO] |Z+M04fV+yWJ8jBF6EgD1eri/yy8=| [Elapsed 00:00:00:00.0081012] Scout.OnMatchUpdate 9047163, UNDEFINED
2016-03-07 12:09:35,581 [Dispatcher2] [INFO] |2BsGo3hNIadWh869nzVDLDRsuW8=| [Elapsed 00:00:00:00.0731228] Scout.OnMatchUpdate 7720596, UNDEFINED
2016-03-07 12:09:35,691 [Dispatcher1] [INFO] |VXrK++aLsy3htxpvHOodBzwqlvA=| [Elapsed 00:00:00:00.1048200] Scout.OnMatchUpdate 9027885, UNDEFINED
2016-03-07 12:09:35,771 [Dispatcher3] [INFO] |OzqxV66sCTRJayLyA0nK6OU/zy4=| [Elapsed 00:00:00:00.0844114] Scout.OnMatchUpdateDelta 9047163, UNDEFINED
2016-03-07 12:09:35,821 [Dispatcher2] [INFO] |jNwdZFhSymVCorPT+XDPh7CAsk0=| [Elapsed 00:00:00:00.0420257] Scout.OnMatchUpdateDelta 7720596, UNDEFINED
2016-03-07 12:09:35,891 [Dispatcher3] [INFO] |E6+QHiFLLfC2ExQTHICi0433tfA=| [Elapsed 00:00:00:00.0770494] Scout.OnOddsSuggestion 9047163, #4
2016-03-07 12:09:36,001 [Dispatcher1] [INFO] |glu1CI46R1pV+7+rzjJodF8DDXY=| [Elapsed 00:00:00:00.0770494] Scout.OnMatchUpdateDeltaUpdate 9027885, UNDEFINED
2016-03-07 12:09:36,051 [Dispatcher2] [INFO] |PbZ4T/6Ji+rJLIolbKEz7A/Mops=| [Elapsed 00:00:00:00.0511324] Scout.OnMatchUpdate 9046973, UNDEFINED
2016-03-07 12:09:36,171 [Dispatcher1] [INFO] |L1z17lAwhyDK41oVqUlLO2mwgAU=| [Elapsed 00:00:00:00.1203259] Scout.OnOddsSuggestion 9047015, #4
2016-03-07 12:09:36,241 [Dispatcher2] [INFO] |byZJTeZ9RGpqN1HESm1Cp2oSCAE=| [Elapsed 00:00:00:00.0687046] Scout.OnMatchUpdateDelta 9046973, UNDEFINED
2016-03-07 12:09:36,322 [Dispatcher1] [INFO] |+FjNuyeWdLYChTySapJjzuzlTb4=| [Elapsed 00:00:00:00.0812094] Scout.OnMatchUpdate 8720242, UNDEFINED
2016-03-07 12:09:36,402 [Dispatcher2] [INFO] |yqXJccFSuy9McO5LKuZA5MHhq7k=| [Elapsed 00:00:00:00.0804533] Scout.OnMatchUpdate 7720596, UNDEFINED
2016-03-07 12:09:36,504 [Dispatcher1] [INFO] |l7KgcJmvcabGB2wb5MpTtkR8/IA=| [Elapsed 00:00:00:00.0983167] Scout.OnMatchUpdateDelta 8720242, UNDEFINED
2016-03-07 12:09:36,570 [Dispatcher2] [INFO] |h8jymcOLW8EDnEfrsXOD41Cpbdg=| [Elapsed 00:00:00:00.0804222] Scout.OnMatchUpdateDelta 7720596, UNDEFINED
2016-03-07 12:09:36,659 [Dispatcher1] [INFO] |zXr9OY99LR5KS3j6a84FPTcu3M4=| [Elapsed 00:00:00:00.0752572] Scout.OnOddsSuggestion 8720242, #4
2016-03-07 12:09:36,779 [Dispatcher2] [INFO] |T0ks+x/tU5+ihnKaf++aucdakBo=| [Elapsed 00:00:00:00.1151148] Scout.OnOddsSuggestion 9046973, #3
2016-03-07 12:09:36,809 [Dispatcher1] [INFO] |r67RJHw5Pd2zJp5j4wGhHGOco0k=| [Elapsed 00:00:00:00.0310440] Scout.OnOddsSuggestion 8720242, #4
2016-03-07 12:09:36,889 [Dispatcher2] [INFO] |oBZw+AyawZQzk+SURGhG4ABXeAs=| [Elapsed 00:00:00:00.0310440] Scout.OnOddsSuggestion 9034681, #4
2016-03-07 12:09:36,949 [Dispatcher2] [INFO] |6SytfSH8Kb85k3nOknQtKFFHJNY=| [Elapsed 00:00:00:00.0580093] Scout.OnMatchUpdate 9047157, UNDEFINED
2016-03-07 12:09:37,009 [Dispatcher2] [INFO] |5kOf91iE0VpWDtL1YcMb10xuIB8=| [Elapsed 00:00:00:00.0674950] Scout.OnMatchUpdateDelta 9047157, UNDEFINED
2016-03-07 12:09:37,079 [Dispatcher2] [INFO] |+ApRhSRQbQR/QzWmv4wKvznbYnU=| [Elapsed 00:00:00:00.0706963] Scout.OnOddsSuggestion 9047157, #4
2016-03-07 12:09:37,159 [Dispatcher2] [INFO] |gLC2i0J4Eq8bAdEeD/x1pDB7tak=| [Elapsed 00:00:00:00.0715701] Scout.OnMatchUpdate 9034681, UNDEFINED
2016-03-07 12:09:37,229 [Dispatcher2] [INFO] |LRb36quWelr4+Sg0zBOBM8ypLus=| [Elapsed 00:00:00:00.0680109] Scout.OnMatchUpdateDelta 9034681, UNDEFINED
2016-03-07 12:09:39,229 [Dispatcher1] [INFO] |LrAenpded8kKwazpAjJmxBDaPM0=| [Elapsed 00:00:00:00.0768548] Scout.OnMatchUpdate 9047015, UNDEFINED
2016-03-07 12:09:39,319 [Dispatcher1] [INFO] |SlQbSW7bfwv92SZBWg2mBTImC+Q=| [Elapsed 00:00:00:00.0871102] Scout.OnMatchUpdateDelta 9047015, UNDEFINED
2016-03-07 12:09:39,439 [Dispatcher3] [INFO] |FFoCD+9LPIFJft1GILKYCfp4UWA=| [Elapsed 00:00:00:00.0197541] Scout.OnMatchUpdate 8173598, UNDEFINED
2016-03-07 12:09:39,580 [Dispatcher1] [INFO] |h8mXduMZRKsC5sJS20gYQVwzo0I=| [Elapsed 00:00:00:00.1355873] Scout.OnOddsSuggestion 9047015, #4
2016-03-07 12:09:39,631 [Dispatcher3] [INFO] |kUoaguWjRvAnyUdp7StrgZ9DWN8=| [Elapsed 00:00:00:00.1355873] Scout.OnMatchUpdateDelta 8173598, UNDEFINED
2016-03-07 12:09:40,081 [Dispatcher3] [INFO] |AvYRoirxykwfiY60F1I7XUpAd/M=| [Elapsed 00:00:00:00.0730459] Scout.OnOddsSuggestion 8173598, #3
2016-03-07 12:09:40,371 [Dispatcher2] [INFO] |V6yJIGwuH1F0p0RTjZJM8rglvjg=| [Elapsed 00:00:00:00.1000922] Scout.OnMatchUpdate 9034681, UNDEFINED
2016-03-07 12:09:40,441 [Dispatcher2] [INFO] |xOCJg+XslCbkv1jMWXAIpP33N70=| [Elapsed 00:00:00:00.0721041] Scout.OnMatchUpdateDelta 9034681, UNDEFINED
2016-03-07 12:09:40,811 [Dispatcher1] [INFO] |xVZ2zFIXIweZLLzfBiSNLkS5gow=| [Elapsed 00:00:00:00.0850097] Scout.OnOddsSuggestion 9047175, #4
2016-03-07 12:09:40,931 [Dispatcher2] [INFO] |me6iMLtBXf3XNTTB4Lif8r5ZvvQ=| [Elapsed 00:00:00:00.0793141] Scout.OnOddsSuggestion 7720596, #4
2016-03-07 12:09:41,051 [Dispatcher2] [INFO] |mIs+s92MCDWe+EP8GpckigS1+kk=| [Elapsed 00:00:00:00.1041163] Scout.OnMatchUpdate 7720596, UNDEFINED
2016-03-07 12:09:41,111 [Dispatcher2] [INFO] |AAK0mP+npSVQ/UtHccr5gVDyRF0=| [Elapsed 00:00:00:00.0579480] Scout.OnMatchUpdateDelta 7720596, UNDEFINED
2016-03-07 12:09:41,839 [Dispatcher1] [INFO] |pIqF1TV1WBwsDqahHEtkqmzNZk0=| [Elapsed 00:00:00:00.0588132] Scout.OnMatchUpdate 9047175, UNDEFINED
2016-03-07 12:09:41,929 [Dispatcher1] [INFO] |w20YadWP1IA3iw0qwPK5jA3kekI=| [Elapsed 00:00:00:00.0917388] Scout.OnMatchUpdateDelta 9047175, UNDEFINED
2016-03-07 12:09:42,079 [Dispatcher1] [INFO] |VjibVubjQOs4goe/XdnM6EDuJcU=| [Elapsed 00:00:00:00.0766345] Scout.OnOddsSuggestion 9047175, #4
2016-03-07 12:09:44,559 [Dispatcher2] [INFO] |jYf8FUWsDd0iCzJbynZwlM58GRk=| [Elapsed 00:00:00:00.0902090] Scout.OnMatchUpdate 7720596, UNDEFINED
2016-03-07 12:09:44,639 [Dispatcher2] [INFO] |1DTsLv9YQh3msqJL5/ufRok4MbY=| [Elapsed 00:00:00:00.0787777] Scout.OnMatchUpdateDelta 7720596, UNDEFINED
2016-03-07 12:09:44,789 [Dispatcher3] [INFO] |l1ZgWRCiOFdPrsp7v775O39w2dM=| [Elapsed 00:00:00:00.0606003] Scout.OnMatchUpdate 9047163, UNDEFINED
2016-03-07 12:09:44,879 [Dispatcher3] [INFO] |VpVNiUkY6jkisuAyZY0fxK0Nx1E=| [Elapsed 00:00:00:00.0863857] Scout.OnMatchUpdateDelta 9047163, UNDEFINED
2016-03-07 12:09:45,069 [Dispatcher3] [INFO] |ZboIW6RaOoivd46iXKD9/lXWBRQ=| [Elapsed 00:00:00:00.1579842] Scout.OnOddsSuggestion 9047163, #4
2016-03-07 12:09:45,079 [Dispatcher2] [INFO] |Z50BODdxroNJCa2SxJVYir/v1L0=| [Elapsed 00:00:00:00.1579842] Scout.OnMatchUpdate 9034681, UNDEFINED
2016-03-07 12:09:45,132 [Dispatcher2] [INFO] |27ECaCqphvyfocyHCiC995BgDAY=| [Elapsed 00:00:00:00.0635082] Scout.OnMatchUpdateDelta 9034681, UNDEFINED
2016-03-07 12:09:46,423 [Dispatcher1] [INFO] |XVZTuN0y2cA4zRphaeSWNC3ys30=| [Elapsed 00:00:00:00.0591727] Scout.OnMatchUpdate 9027885, UNDEFINED
2016-03-07 12:09:46,484 [Dispatcher1] [INFO] |AIDM7/w/jWe0xn8fAj0A3FBG6xE=| [Elapsed 00:00:00:00.0711913] Scout.OnMatchUpdateDelta 9027885, UNDEFINED
2016-03-07 12:09:47,786 [Dispatcher2] [INFO] |aOammxfDRdUke1B9G1LaZuG1qbE=| [Elapsed 00:00:00:00.0962224] Scout.OnMatchUpdate 7720596, UNDEFINED
2016-03-07 12:09:47,906 [Dispatcher2] [INFO] |JXYt95My3nGx2OSQj+p3F2y1Kwk=| [Elapsed 00:00:00:00.1229037] Scout.OnMatchUpdateDelta 7720596, UNDEFINED
2016-03-07 12:09:48,106 [Dispatcher1] [INFO] |St5oeY7pgoj5BUi5Vx2G6RYdJnE=| [Elapsed 00:00:00:00.1000046] Scout.OnOddsSuggestion 9047015, #4
2016-03-07 12:09:51,976 [Dispatcher1] [INFO] |YEEuVB1c1JigMNuzAhxx0vn78kI=| [Elapsed 00:00:00:00.0859327] Scout.OnMatchUpdate 9027885, UNDEFINED
2016-03-07 12:09:52,036 [Dispatcher1] [INFO] |Z9z0swQJTfgarSP5wHAJCM6GnA4=| [Elapsed 00:00:00:00.0586900] Scout.OnMatchUpdateDelta 9027885, UNDEFINED
2016-03-07 12:09:52,246 [Dispatcher1] [INFO] |Kk/6u2BamBvoMWhjccKKVLqGrRk=| [Elapsed 00:00:00:00.1052213] Scout.OnMatchUpdate 9027885, UNDEFINED
2016-03-07 12:09:52,386 [Dispatcher2] [INFO] |AsVJgbkGHApVbDgB3LtfAFw5UJg=| [Elapsed 00:00:00:00.1364579] Scout.OnMatchUpdate 7720596, UNDEFINED
2016-03-07 12:09:52,466 [Dispatcher1] [INFO] |v1MwV3YfE1nBRuWWbX5tIcBIQZA=| [Elapsed 00:00:00:00.0833170] Scout.OnMatchUpdateDelta 9027885, UNDEFINED
2016-03-07 12:09:52,566 [Dispatcher2] [INFO] |7DYYMjnp/Q8plKQ1rea8Rf09OyQ=| [Elapsed 00:00:00:00.0999187] Scout.OnMatchUpdateDelta 7720596, UNDEFINED
2016-03-07 12:09:52,657 [Dispatcher1] [INFO] |tO0UlffHEiwONt7lQrQ6DVvAPPM=| [Elapsed 00:00:00:00.0748227] Scout.OnMatchUpdate 9027885, UNDEFINED
2016-03-07 12:09:52,767 [Dispatcher2] [INFO] |/2jfk3CbFaKkOS8CyAQ/+U1+ZX8=| [Elapsed 00:00:00:00.1058039] Scout.OnMatchUpdate 7720596, UNDEFINED
2016-03-07 12:09:52,837 [Dispatcher1] [INFO] |Xt+1ho5fr6dYGCQR7w5EfXVQkBY=| [Elapsed 00:00:00:00.0744632] Scout.OnMatchUpdateDelta 9027885, UNDEFINED
2016-03-07 12:09:52,927 [Dispatcher2] [INFO] |jzUFNoUO5Y1OfwUsPC7dcW1ZNGk=| [Elapsed 00:00:00:00.0877725] Scout.OnMatchUpdateDelta 7720596, UNDEFINED
2016-03-07 12:09:53,007 [Dispatcher1] [INFO] |YRskO9BA12ZdL8zE/EAgp7vz1B0=| [Elapsed 00:00:00:00.0774494] Scout.OnOddsSuggestion 9027885, #4
2016-03-07 12:09:53,057 [Dispatcher2] [INFO] |lAbQ+eg7NNM48wMKR19BVOz5Ba0=| [Elapsed 00:00:00:00.0774494] Scout.OnMatchUpdate 7720596, UNDEFINED
2016-03-07 12:09:53,137 [Dispatcher2] [INFO] |f+ilkjHeF1lXOBr4ipp1e9/3pSU=| [Elapsed 00:00:00:00.0756595] Scout.OnMatchUpdateDelta 7720596, UNDEFINED
2016-03-07 12:09:53,317 [Dispatcher3] [INFO] |m9esSOEmG+FPJMgQlWfVto7V1/s=| [Elapsed 00:00:00:00.0874133] Scout.OnMatchUpdate 8759852, UNDEFINED
2016-03-07 12:09:53,417 [Dispatcher3] [INFO] |ILyFWeVFJZ75qQmIL+jSOFbCF1Y=| [Elapsed 00:00:00:00.0944660] Scout.OnMatchUpdateDelta 8759852, UNDEFINED
2016-03-07 12:09:54,105 [Dispatcher1] [INFO] |j6PzlfW9tW2T/0opQqbKdgvCEu0=| [Elapsed 00:00:00:00.0660438] Scout.OnOddsSuggestion 9047175, #4
2016-03-07 12:09:54,185 [Dispatcher2] [INFO] |+GzNaOziWdPW6g1QkGclAkjVExc=| [Elapsed 00:00:00:00.0711739] Scout.OnOddsSuggestion 9034681, #4
2016-03-07 12:09:54,265 [Dispatcher1] [INFO] |ua/uOSz2onus5XatNSF1jeiVNsM=| [Elapsed 00:00:00:00.0743318] Scout.OnOddsSuggestion 9047015, #4
2016-03-07 12:09:54,761 [Dispatcher2] [INFO] |susihGEjWOzQWClCA1YAe7SVe8I=| [Elapsed 00:00:00:00.0782666] Scout.OnMatchUpdate 9034681, UNDEFINED
2016-03-07 12:09:54,851 [Dispatcher2] [INFO] |l+cP94o4Brtdo0i0uIulcl6W7as=| [Elapsed 00:00:00:00.0896551] Scout.OnMatchUpdateDelta 9034681, UNDEFINED
2016-03-07 12:09:56,411 [Dispatcher1] [INFO] |sbD5An+uu76XVuJ1ss/Y5W+B4J8=| [Elapsed 00:00:00:00.0840276] Scout.OnMatchUpdate 8720242, UNDEFINED
2016-03-07 12:09:56,471 [Dispatcher1] [INFO] |isKL19CVR3uKY2EWXNhVllgFjaQ=| [Elapsed 00:00:00:00.0584608] Scout.OnMatchUpdateDelta 8720242, UNDEFINED
