2016-02-28 00:04:18,937 [46] [INFO] |durSMyh8WGUl/HqPXwdVkxgQnGM=| ExpireMatchTimerElapsed started
2016-02-28 00:09:18,969 [18] [INFO] |jS+TOX+iMewqTIv8Rn9gXnJyzUo=| ExpireMatchTimerElapsed started
2016-02-28 00:14:19,023 [79] [INFO] |yNUO+k70inArcz/Lzrj2Ozo15Tw=| ExpireMatchTimerElapsed started
2016-02-28 00:19:19,105 [80] [INFO] |9KACi41SnHznyjliRLtUa6x3qQw=| ExpireMatchTimerElapsed started
2016-02-28 00:24:19,066 [46] [INFO] |6XL5A2VeMK8ZZnUW9I2MEOg6B80=| ExpireMatchTimerElapsed started
2016-02-28 00:29:19,088 [46] [INFO] |SMkAWSCMIgsN1RGcW1hKg/fnoco=| ExpireMatchTimerElapsed started
2016-02-28 00:34:19,045 [70] [INFO] |7/7NLcidsGLKtNviIj9v7CrD5aA=| ExpireMatchTimerElapsed started
2016-02-28 00:39:19,028 [70] [INFO] |AgFVmdtQVshGqRhwclo/A1z2h+A=| ExpireMatchTimerElapsed started
2016-02-28 00:44:19,070 [79] [INFO] |Zz8M48iNPCXi2OCRInkfzM6mYz0=| ExpireMatchTimerElapsed started
2016-02-28 00:49:19,117 [51] [INFO] |3bqMxhpN/KEksT0d9oFc679/6vM=| ExpireMatchTimerElapsed started
2016-02-28 00:54:19,107 [79] [INFO] |WLsgdZZEOj2XNlJann1nGx3Xxfw=| ExpireMatchTimerElapsed started
2016-02-28 00:59:19,131 [79] [INFO] |At/l6VhuG5tCdeJnm8JxRfEQon8=| ExpireMatchTimerElapsed started
2016-02-28 01:04:19,189 [78] [INFO] |egyClW32EhaGCNow65zOeu50nPk=| ExpireMatchTimerElapsed started
2016-02-28 01:09:19,214 [79] [INFO] |v39iG7VuY6GxJ6lyZZr8ayq9olw=| ExpireMatchTimerElapsed started
2016-02-28 01:14:19,218 [79] [INFO] |xxP7gGHK/sC+znkBvUE4Qee+TAo=| ExpireMatchTimerElapsed started
2016-02-28 01:19:19,220 [64] [INFO] |Z6TnysSYFJ+qyX74/jRrVmnoGOc=| ExpireMatchTimerElapsed started
2016-02-28 01:24:19,251 [69] [INFO] |DmAIwGbUjE7lmNLPfzzD/JZvLrA=| ExpireMatchTimerElapsed started
2016-02-28 01:29:19,317 [40] [INFO] |iqdBEdxwwFXatPtTxMCbusBEdeM=| ExpireMatchTimerElapsed started
2016-02-28 01:34:19,299 [29] [INFO] |eADQn4+tp1RhwqQBJqqF4QZzqTc=| ExpireMatchTimerElapsed started
2016-02-28 01:39:19,304 [52] [INFO] |wIiknI2rROr+ICdqHqyIi4U8OVY=| ExpireMatchTimerElapsed started
2016-02-28 01:44:19,312 [31] [INFO] |jXnHiBFRIJ3/vlBNzl6Eaii9VuY=| ExpireMatchTimerElapsed started
2016-02-28 01:49:19,308 [36] [INFO] |MMWxBlYOBuanInlC4ebfjm0wil8=| ExpireMatchTimerElapsed started
2016-02-28 01:54:19,411 [51] [INFO] |y5tj4wkoCF2YC5hvRYTOtpjM3SI=| ExpireMatchTimerElapsed started
2016-02-28 01:59:19,450 [81] [INFO] |PaYo50xYcN1pKwDBMlk/LOnt1gg=| ExpireMatchTimerElapsed started
2016-02-28 02:04:19,426 [37] [INFO] |3liHwT0biHa+dhf2lq0G/4EDWM8=| ExpireMatchTimerElapsed started
2016-02-28 02:09:19,452 [20] [INFO] |o3be8/s02/7yib30QpPjTmYZw+w=| ExpireMatchTimerElapsed started
2016-02-28 02:14:19,456 [19] [INFO] |VXph/c7iplL2KaZViXhUKUXF9JM=| ExpireMatchTimerElapsed started
2016-02-28 02:19:19,488 [42] [INFO] |4IwFmDnCNNSt+5PQOZ1/XykI09M=| ExpireMatchTimerElapsed started
2016-02-28 02:24:19,472 [62] [INFO] |5OxrC99Th0N9HPk803S3KvmcVGg=| ExpireMatchTimerElapsed started
2016-02-28 02:29:19,496 [39] [INFO] |LOjF9L9QRi0kCRUkK1pLuu0NQXU=| ExpireMatchTimerElapsed started
2016-02-28 02:34:19,572 [82] [INFO] |CN2m5JgVLAliyzo3VH+IxfOhN1U=| ExpireMatchTimerElapsed started
2016-02-28 02:39:19,551 [17] [INFO] |J+PufHG0T0PctDOdt68c8aPZnG4=| ExpireMatchTimerElapsed started
2016-02-28 02:44:19,602 [73] [INFO] |WW3yPB2r/X/LA3jchqHmrkQbwpA=| ExpireMatchTimerElapsed started
2016-02-28 02:49:18,833 [39] [INFO] |Xq3iB2l/gB2ksIWzn2M6PPnHp6k=| ExpireMatchTimerElapsed started
2016-02-28 02:54:18,278 [17] [INFO] |VAckuDVXided2YxNQdRV5JKhQLA=| ExpireMatchTimerElapsed started
2016-02-28 02:59:18,084 [65] [INFO] |W9K4LT4HzjYlef6ZPTSdAZTIRII=| ExpireMatchTimerElapsed started
2016-02-28 03:04:18,097 [81] [INFO] |8jQvddCvNbEX+cii64t24yKcR0o=| ExpireMatchTimerElapsed started
2016-02-28 03:09:18,114 [28] [INFO] |if8yOyAwLWYLfRZETnx8/5jIK0A=| ExpireMatchTimerElapsed started
2016-02-28 03:14:18,098 [63] [INFO] |yzMcHTlyZ0kp8RxNNNyp1wt0PSQ=| ExpireMatchTimerElapsed started
2016-02-28 03:19:18,109 [71] [INFO] |cUWoBmYXvtHpv+Gvj9Q0ubJHQVw=| ExpireMatchTimerElapsed started
2016-02-28 03:24:18,108 [34] [INFO] |iOTGVKfgGRw3V2Lz4RuB0TysHXo=| ExpireMatchTimerElapsed started
2016-02-28 03:29:18,158 [86] [INFO] |cus7yMI0doWaV36e1nXvfDXKDog=| ExpireMatchTimerElapsed started
2016-02-28 03:34:18,119 [45] [INFO] |p+1TGYmdX7/YeWkA5phCkgthYwQ=| ExpireMatchTimerElapsed started
2016-02-28 03:39:18,145 [61] [INFO] |74jeSl/MFpDyGmXqx21ilE8QF4U=| ExpireMatchTimerElapsed started
2016-02-28 03:44:18,163 [61] [INFO] |btJCHSNfFpVbAfi6qQ2/fAETcwg=| ExpireMatchTimerElapsed started
2016-02-28 03:49:18,155 [58] [INFO] |jvG6OnhksvnlG9smbtbRPRGlZYQ=| ExpireMatchTimerElapsed started
2016-02-28 03:54:18,192 [34] [INFO] |UaPpfz7YEZpub76VyEaHNx8u/uo=| ExpireMatchTimerElapsed started
2016-02-28 03:59:18,216 [70] [INFO] |Jq5QLDCqb18R/yo9f1gTCUt4uBc=| ExpireMatchTimerElapsed started
2016-02-28 04:04:18,295 [37] [INFO] |sxOz7ngHVO7EBg2munno9LdSL3s=| ExpireMatchTimerElapsed started
2016-02-28 04:09:18,360 [38] [INFO] |vKf+ac/tzmfVXSzk1NpxMvuISBE=| ExpireMatchTimerElapsed started
2016-02-28 04:14:18,357 [37] [INFO] |LePruxJgFuDYo0rLIe2TmrM7OIg=| ExpireMatchTimerElapsed started
2016-02-28 04:19:18,364 [19] [INFO] |5q65VQuFKkyR+ggL7Q8wuHfNUZE=| ExpireMatchTimerElapsed started
2016-02-28 04:24:18,390 [58] [INFO] |8m32ayN6sSA73XqBlN7Icwy3xLY=| ExpireMatchTimerElapsed started
2016-02-28 04:29:18,486 [6] [INFO] |wvRcgRN4J9uymlJ/4t3N2UWDjow=| ExpireMatchTimerElapsed started
2016-02-28 04:34:18,412 [21] [INFO] |XA1FJouNH5Oh+t9Ih9AoKIf59qY=| ExpireMatchTimerElapsed started
2016-02-28 04:39:18,431 [37] [INFO] |DfRbfO6WBu3DcI0bycnz9aOX8Cs=| ExpireMatchTimerElapsed started
2016-02-28 04:44:18,408 [74] [INFO] |+yYJIjOH1AWBKHkiGq/579LGymw=| ExpireMatchTimerElapsed started
2016-02-28 04:49:18,404 [73] [INFO] |UCum4KM+e6QlFUCza4CyYO23tzI=| ExpireMatchTimerElapsed started
2016-02-28 04:54:18,401 [45] [INFO] |hrV602FzKhuYJdx76FznnbNZHss=| ExpireMatchTimerElapsed started
2016-02-28 04:59:18,447 [69] [INFO] |MkTNXqfVCURVkE5RE74V6XVHcOA=| ExpireMatchTimerElapsed started
2016-02-28 05:04:19,221 [67] [INFO] |76a7FerB788diyaK2ZjYT52LHsw=| ExpireMatchTimerElapsed started
2016-02-28 05:09:20,158 [36] [INFO] |RrNv5fmeS1HOXZE36FAj4f+JH2o=| ExpireMatchTimerElapsed started
2016-02-28 05:14:20,514 [79] [INFO] |HPfiBaSc0ENfMjK4W4N46xo6Myc=| ExpireMatchTimerElapsed started
2016-02-28 05:19:20,640 [26] [INFO] |4LHDIYKfp4ldmsgXwjabdB0j9/A=| ExpireMatchTimerElapsed started
2016-02-28 05:24:20,742 [18] [INFO] |58cys1U2i87bohoZ4Ej5NMh6p/c=| ExpireMatchTimerElapsed started
2016-02-28 05:29:20,753 [54] [INFO] |Ok1sqU4r9S3qo0EsJ2oNO/ggO7o=| ExpireMatchTimerElapsed started
2016-02-28 05:34:20,760 [48] [INFO] |svwvqDZbyB9y1iOmOXBUXG4NYu0=| ExpireMatchTimerElapsed started
2016-02-28 05:39:20,813 [48] [INFO] |vPJAAEf6PLGdhuDjh2wjbgclQno=| ExpireMatchTimerElapsed started
2016-02-28 05:44:20,888 [36] [INFO] |U9UC5PPqSy17lOcWQkV+rOLIDw8=| ExpireMatchTimerElapsed started
2016-02-28 05:49:20,859 [74] [INFO] |2xyBUUuB/vbWdg1L0xIaSH6KTio=| ExpireMatchTimerElapsed started
2016-02-28 05:54:20,924 [29] [INFO] |7WY3klKK4kPLIFZzORJXkbe+Cto=| ExpireMatchTimerElapsed started
2016-02-28 05:59:20,975 [35] [INFO] |3SzrbCQGzDVqSx466Qm5iGKGmfI=| ExpireMatchTimerElapsed started
2016-02-28 06:04:20,977 [61] [INFO] |UB+/7vK0ZdwDR4O5wNQ48klcekw=| ExpireMatchTimerElapsed started
2016-02-28 06:09:21,129 [28] [INFO] |3aMlvFsT+1gER61LdxcJtdpLRjU=| ExpireMatchTimerElapsed started
2016-02-28 06:14:21,121 [65] [INFO] |zD6FQc+MfU8o6Et5T9NNLzQE5a4=| ExpireMatchTimerElapsed started
2016-02-28 06:19:21,146 [65] [INFO] |CZIrnzPH4qNwgapDMvJfQDOVtLE=| ExpireMatchTimerElapsed started
2016-02-28 06:24:21,177 [68] [INFO] |7t5vhwatkokm4UupY/5uA4Ke124=| ExpireMatchTimerElapsed started
2016-02-28 06:29:21,210 [64] [INFO] |F1XebnX+c/2TtrNO6w/3XOnoVk0=| ExpireMatchTimerElapsed started
2016-02-28 06:34:21,227 [63] [INFO] |lfajH3u7SAEOx/0kIWotit+9uE8=| ExpireMatchTimerElapsed started
2016-02-28 06:39:21,243 [31] [INFO] |+o5R+FqaNDp7bpcp4RX8yKEdqvw=| ExpireMatchTimerElapsed started
2016-02-28 06:44:21,261 [43] [INFO] |Xphfr4HBzalfl6pziZd17epogN4=| ExpireMatchTimerElapsed started
2016-02-28 06:49:21,286 [66] [INFO] |zyxNPcoNQ+DaycjTX780UxeH+Hc=| ExpireMatchTimerElapsed started
2016-02-28 06:54:21,324 [69] [INFO] |kLfVBlXU7gRuw5G+dDFh6/jGaPA=| ExpireMatchTimerElapsed started
2016-02-28 06:59:21,331 [16] [INFO] |JUOAgRV46THAR5B1kp/nPAww8+U=| ExpireMatchTimerElapsed started
2016-02-28 07:04:21,393 [16] [INFO] |SoZGo0/KkWvOfSG4ZsRry/AuA8A=| ExpireMatchTimerElapsed started
2016-02-28 07:09:21,438 [77] [INFO] |i4brYNM2A8aq8rWaRxCs1/Z1hRQ=| ExpireMatchTimerElapsed started
2016-02-28 07:14:21,466 [42] [INFO] |JReAi0FHPfY2bsuR3CRB0fu4K4Q=| ExpireMatchTimerElapsed started
2016-02-28 07:19:21,534 [19] [INFO] |QUvk4RDpJEgD9hitMzeGX4kgpI0=| ExpireMatchTimerElapsed started
2016-02-28 07:24:21,576 [81] [INFO] |3I6pqcg5ue9phJaYhKSe7KXHHHk=| ExpireMatchTimerElapsed started
2016-02-28 07:29:21,605 [19] [INFO] |XOlRyVc9RDQq7Z1czR5M9Cspg6E=| ExpireMatchTimerElapsed started
2016-02-28 07:34:21,639 [75] [INFO] |8wwYZvasIDnDDTM1BCY02+20O6Y=| ExpireMatchTimerElapsed started
2016-02-28 07:39:21,673 [51] [INFO] |XcuZBPXn+HDyqdgyV/+vZebFkzM=| ExpireMatchTimerElapsed started
2016-02-28 07:44:21,660 [79] [INFO] |zCnUfrVJWqLUTMf3rpWGmvMSG7Y=| ExpireMatchTimerElapsed started
2016-02-28 07:49:21,705 [47] [INFO] |DEdEnGGSE1VeTzrtvZk4KRWmP2s=| ExpireMatchTimerElapsed started
2016-02-28 07:54:21,704 [6] [INFO] |ggGBFMKrM7mM0U6t0j/oI4cgToI=| ExpireMatchTimerElapsed started
2016-02-28 07:59:21,760 [6] [INFO] |OAEE9rpjF/WCIVipazKSSaZ6U7k=| ExpireMatchTimerElapsed started
2016-02-28 08:04:21,792 [6] [INFO] |KE+acyyu/EGHqTTCr8jXCDzIVqk=| ExpireMatchTimerElapsed started
2016-02-28 08:09:21,859 [68] [INFO] |Z+bUELL3ZPZhFnNtCVMBW/d9KwU=| ExpireMatchTimerElapsed started
2016-02-28 08:14:21,884 [52] [INFO] |/MEhjYpyq8ZKB3NTu14WYXjTq7c=| ExpireMatchTimerElapsed started
2016-02-28 08:19:21,920 [29] [INFO] |fBs3Pv6RFVFtRGdreHf2mi0kOz8=| ExpireMatchTimerElapsed started
2016-02-28 08:24:21,997 [78] [INFO] |iVTfvsjzdJOCUgGcL8Aa6H+n33A=| ExpireMatchTimerElapsed started
2016-02-28 08:29:21,991 [57] [INFO] |/eMkVKG603gKjyLY6ZthuLEQx20=| ExpireMatchTimerElapsed started
2016-02-28 08:34:22,020 [67] [INFO] |wnHzHOyqF8+wVC6Aa5GKZXrqfTw=| ExpireMatchTimerElapsed started
2016-02-28 08:39:22,134 [52] [INFO] |q2R2708SatTqqcW58Hu1auDq+hM=| ExpireMatchTimerElapsed started
2016-02-28 08:44:22,183 [45] [INFO] |Ovz7bh38MIqJ/eVamO+CSNYs5F0=| ExpireMatchTimerElapsed started
2016-02-28 08:49:22,243 [26] [INFO] |Sb6VKE3SzUhqnRMs/fvKCDJ4rsc=| ExpireMatchTimerElapsed started
2016-02-28 08:54:22,315 [66] [INFO] |x7DDHWxIkKUem8FsgGU07u/1Jl4=| ExpireMatchTimerElapsed started
2016-02-28 08:59:22,415 [66] [INFO] |ZrvFGdCqtFd5vE6yCip9Pc9RQN0=| ExpireMatchTimerElapsed started
2016-02-28 09:04:22,475 [67] [INFO] |lEJA5pBNHzcZSUHFlB1iNwJ42j4=| ExpireMatchTimerElapsed started
2016-02-28 09:09:22,481 [17] [INFO] |n8+uAbV/FFyPTtIzoixs0uxrZ/M=| ExpireMatchTimerElapsed started
2016-02-28 09:14:22,534 [67] [INFO] |rNnu0cDcqiG33+nauNnaRrnYPp8=| ExpireMatchTimerElapsed started
2016-02-28 09:19:22,565 [52] [INFO] |jwfUTW5/XgekwMjNUeabFPxkUD0=| ExpireMatchTimerElapsed started
2016-02-28 09:24:22,588 [52] [INFO] |yBqtNuYP2Eda4bi3Ftbu8USezCw=| ExpireMatchTimerElapsed started
2016-02-28 09:29:22,597 [65] [INFO] |j8LhMLoDz24DeQdQX7/wVI7v+bs=| ExpireMatchTimerElapsed started
2016-02-28 09:34:22,608 [70] [INFO] |ZX2+6kC2+tNA6ACN4nVNqeWnv80=| ExpireMatchTimerElapsed started
2016-02-28 09:39:22,332 [8] [INFO] |RrQFs3A7Qr48lTguH8BtatzSDC0=| ExpireMatchTimerElapsed started
2016-02-28 09:44:22,210 [8] [INFO] |yGzR5OMAQySfPBSZleti3zNT6C8=| ExpireMatchTimerElapsed started
2016-02-28 09:49:22,221 [47] [INFO] |Ou2nt49aNBy3TC08OdNUXxUpSpA=| ExpireMatchTimerElapsed started
2016-02-28 09:54:22,209 [82] [INFO] |YUeVt6DnSxMneOOEbYatzrP7Yho=| ExpireMatchTimerElapsed started
2016-02-28 09:59:22,218 [38] [INFO] |wMpZR4a5j7LAWlEKgWug/HDbtlM=| ExpireMatchTimerElapsed started
2016-02-28 10:04:22,232 [26] [INFO] |dmgMXHIL8hKl2pJKBgQdRGVPvaQ=| ExpireMatchTimerElapsed started
2016-02-28 10:09:22,268 [27] [INFO] |bgSUeYH/efc+pjHsaORCm5TdjVk=| ExpireMatchTimerElapsed started
2016-02-28 10:14:22,302 [62] [INFO] |2wIPp8Xhuit0vlKj0C1JF9wOFjk=| ExpireMatchTimerElapsed started
2016-02-28 10:19:22,346 [58] [INFO] |BURkc41NlC0TdSA70MvjNF2G8aA=| ExpireMatchTimerElapsed started
2016-02-28 10:24:22,352 [53] [INFO] |NlnXhfCJ59HpSKlTuqA3h9lXpO4=| ExpireMatchTimerElapsed started
2016-02-28 10:29:22,412 [74] [INFO] |wpbPz+q4eAfG3RKsJtsRMhzuSuY=| ExpireMatchTimerElapsed started
2016-02-28 10:34:22,440 [65] [INFO] |ZjNEWpIqL87IOfCBlB08qlVEpKE=| ExpireMatchTimerElapsed started
2016-02-28 10:39:22,475 [19] [INFO] |yLoFBDv/T8Gfyzigf4Vw73yJ5Fk=| ExpireMatchTimerElapsed started
2016-02-28 10:44:22,480 [65] [INFO] |Tkjkn44LJFXK6RthjJboTNmjBdE=| ExpireMatchTimerElapsed started
2016-02-28 10:49:22,513 [6] [INFO] |I+hdDJ7lAt5j23kJsXdea0Ds4b4=| ExpireMatchTimerElapsed started
2016-02-28 10:54:22,517 [78] [INFO] |U5A270JS/vG/L1wW2QprI6pVCi8=| ExpireMatchTimerElapsed started
2016-02-28 10:59:22,560 [48] [INFO] |XSpnBgt+JkzsfT7GKyYS9bYWK18=| ExpireMatchTimerElapsed started
2016-02-28 11:04:22,584 [78] [INFO] |E0Q9I3iUYT3OF3jy/4B5SXqf0Hk=| ExpireMatchTimerElapsed started
2016-02-28 11:09:22,602 [55] [INFO] |dLZA5T6IEvzTAkiyITRtlLdOxZA=| ExpireMatchTimerElapsed started
2016-02-28 11:14:22,598 [34] [INFO] |7QyadBxn0VC0bJ99GwpRduVy5NM=| ExpireMatchTimerElapsed started
2016-02-28 11:19:22,624 [79] [INFO] |lBfmNPShWzTW3lchjeQjDvvX3kM=| ExpireMatchTimerElapsed started
2016-02-28 11:24:22,638 [67] [INFO] |tyu0w8cPvH/ckszJRYh8QlamQXM=| ExpireMatchTimerElapsed started
2016-02-28 11:29:22,670 [67] [INFO] |z9g2LmEqMZtSs88GOzqToqCfkd4=| ExpireMatchTimerElapsed started
2016-02-28 11:34:22,724 [19] [INFO] |qurbkSpujOFSrHm9kPkeeOSNwYs=| ExpireMatchTimerElapsed started
2016-02-28 11:39:22,772 [54] [INFO] |bMZUi4BFI8MIe65Gq68u0vTK7Vo=| ExpireMatchTimerElapsed started
2016-02-28 11:44:22,790 [43] [INFO] |FNuZREKS2Iv2tF6vuOrnW0tis/A=| ExpireMatchTimerElapsed started
2016-02-28 11:49:22,804 [92] [INFO] |qF0jIbsKm2rsQKRzdrhtcXvEa2o=| ExpireMatchTimerElapsed started
2016-02-28 11:54:22,871 [50] [INFO] |zULvAwPPPDRzK5k+HrDeC0pfWmM=| ExpireMatchTimerElapsed started
2016-02-28 11:59:22,905 [56] [INFO] |wXxQOjE63i81qjhDoZ6aEpqTs0U=| ExpireMatchTimerElapsed started
2016-02-28 12:04:22,913 [56] [INFO] |jx9hiTYsBNWDF7XcUDPOJM9KcHI=| ExpireMatchTimerElapsed started
2016-02-28 12:09:22,911 [47] [INFO] |A/82PjLDpzzWl5t7KnoD1Ye7i+8=| ExpireMatchTimerElapsed started
2016-02-28 12:14:22,947 [70] [INFO] |chDYzjps2ozyWif+Tab996m1LB8=| ExpireMatchTimerElapsed started
2016-02-28 12:19:22,978 [74] [INFO] |HBWrjop9MlL/x1X3m8gcArRzx1g=| ExpireMatchTimerElapsed started
2016-02-28 12:24:23,074 [37] [INFO] |hiKMCisE1byK4alw70njoxJpL+U=| ExpireMatchTimerElapsed started
2016-02-28 12:29:23,040 [72] [INFO] |5MqbiZWefgWKUAKu7ZhuHYjKEh4=| ExpireMatchTimerElapsed started
2016-02-28 12:34:23,050 [81] [INFO] |g3GsczDw82vkcwxcLH4a6Rej2dE=| ExpireMatchTimerElapsed started
2016-02-28 12:39:23,062 [16] [INFO] |2nlge7q45F9KmfRPqQ3pt+EnJ9I=| ExpireMatchTimerElapsed started
2016-02-28 12:44:23,123 [76] [INFO] |ooO30cTe9uxG16+kAkzIe6O3cuI=| ExpireMatchTimerElapsed started
2016-02-28 12:49:23,161 [76] [INFO] |9OyCHpJ8Oal2T4SpWEXNbZgL3S8=| ExpireMatchTimerElapsed started
2016-02-28 12:54:23,203 [27] [INFO] |ZqJrkavZva0HhPjKWNe3f3na1vs=| ExpireMatchTimerElapsed started
2016-02-28 12:59:23,270 [32] [INFO] |2JoahDsVOeYV2jTeWXv9/l3DQIw=| ExpireMatchTimerElapsed started
2016-02-28 13:04:23,351 [67] [INFO] |KmBYUjhe0mSfmh/xYdoHg3S/M2c=| ExpireMatchTimerElapsed started
2016-02-28 13:09:23,372 [45] [INFO] |rtzN4CCaxY1YkoDFt2USdBljNBg=| ExpireMatchTimerElapsed started
2016-02-28 13:14:23,480 [53] [INFO] |m8747vXAgoIw1nIGtZBvt8Ot/78=| ExpireMatchTimerElapsed started
2016-02-28 13:19:23,438 [63] [INFO] |hla/g5/okMUIIPqRANfE9cBM3BE=| ExpireMatchTimerElapsed started
2016-02-28 13:24:23,466 [63] [INFO] |kx8A0g+klXiLUga01yPHYgeZVMA=| ExpireMatchTimerElapsed started
2016-02-28 13:29:23,505 [72] [INFO] |mE3fm6IAVo12HOf0R2xygRf0p1U=| ExpireMatchTimerElapsed started
2016-02-28 13:34:23,541 [27] [INFO] |q2U0EVEYl+vKkIfaedD7Ap6GhD4=| ExpireMatchTimerElapsed started
2016-02-28 13:39:23,574 [27] [INFO] |xMkXMSnjrLH22fNyhmlCkyiM7ks=| ExpireMatchTimerElapsed started
2016-02-28 13:44:23,589 [62] [INFO] |lidRpdN1pnSA1xZOx4xWg6+TumY=| ExpireMatchTimerElapsed started
2016-02-28 13:49:23,644 [63] [INFO] |NFu0xRVIAMGMvC4BPZdOVBvbZss=| ExpireMatchTimerElapsed started
2016-02-28 13:54:23,727 [63] [INFO] |vuPEPDUcrUfj+mLAk335RADbJjs=| ExpireMatchTimerElapsed started
2016-02-28 13:59:23,724 [74] [INFO] |FWRktT6o1AZ8CeMaeZfspRca6F4=| ExpireMatchTimerElapsed started
2016-02-28 14:04:23,751 [95] [INFO] |h6SjrtiKisCLbd3ltE77OshSGPo=| ExpireMatchTimerElapsed started
2016-02-28 14:09:23,779 [74] [INFO] |yyy8IaBuC0/XqwmRJNx8nv9eHU8=| ExpireMatchTimerElapsed started
2016-02-28 14:14:23,649 [74] [INFO] |N9UXtnv6goovYM4PzBfWN4HtmEo=| ExpireMatchTimerElapsed started
2016-02-28 14:19:23,622 [72] [INFO] |EYwtmtVsAT/OMDiBqJk0sUtwDzY=| ExpireMatchTimerElapsed started
2016-02-28 14:24:23,630 [58] [INFO] |T3WU1Y7kV1XV+lkqx/p5w8zqwAs=| ExpireMatchTimerElapsed started
2016-02-28 14:29:23,690 [58] [INFO] |/LjT9rQjQLSsnfqqbdKo1BkviV8=| ExpireMatchTimerElapsed started
2016-02-28 14:34:23,786 [45] [INFO] |1H9Vn0Q5yQmmlVgWPK71xSeTEBk=| ExpireMatchTimerElapsed started
2016-02-28 14:39:23,793 [35] [INFO] |sV87XlkAIOTomcU+C5HO4SFb1bw=| ExpireMatchTimerElapsed started
2016-02-28 14:44:23,847 [38] [INFO] |J8yh2Z+wHOD6tqm5vGmhvl61iAI=| ExpireMatchTimerElapsed started
2016-02-28 14:49:23,901 [16] [INFO] |w8oJWv9DJIF3Kq+Rg4K1y+AwFM4=| ExpireMatchTimerElapsed started
2016-02-28 14:54:23,890 [45] [INFO] |rb/gWgOYFLjEBpP2qIMsM1egkOo=| ExpireMatchTimerElapsed started
2016-02-28 14:59:23,913 [56] [INFO] |nGxMtArHy6WU7hNqxzMOjxXaifs=| ExpireMatchTimerElapsed started
2016-02-28 15:04:23,951 [62] [INFO] |ADmm1A7srvNyj962cruaHcslzEo=| ExpireMatchTimerElapsed started
2016-02-28 15:09:23,970 [28] [INFO] |xkWABvH7pee93yLXxg4mmcYXkUQ=| ExpireMatchTimerElapsed started
2016-02-28 15:14:23,998 [65] [INFO] |BfLoYpscxcJP+Lh8d6xt4Gh4oCQ=| ExpireMatchTimerElapsed started
2016-02-28 15:19:24,052 [32] [INFO] |SYH9HheNYh6sT9J3RtZ2VF5MJ24=| ExpireMatchTimerElapsed started
2016-02-28 15:24:24,093 [47] [INFO] |quRNms41wrp1oeztwlXTpDU0E3g=| ExpireMatchTimerElapsed started
2016-02-28 15:29:24,042 [34] [INFO] |obFK8sH9QRxTbW+6OLBh03yMyDs=| ExpireMatchTimerElapsed started
2016-02-28 15:34:24,092 [49] [INFO] |TikyL59kvElRMJVhCDoBOaODCUs=| ExpireMatchTimerElapsed started
2016-02-28 15:39:24,135 [32] [INFO] |CqIEjVl4NlBugHSVCt8Zx1F7tSI=| ExpireMatchTimerElapsed started
2016-02-28 15:44:24,150 [41] [INFO] |eGuW+5hmwyisXl7O1WZo6bAxBqw=| ExpireMatchTimerElapsed started
2016-02-28 15:49:24,182 [64] [INFO] |WGIVs1EOS72HP+Rn1SgdW8IFSrE=| ExpireMatchTimerElapsed started
2016-02-28 15:54:24,199 [41] [INFO] |L+0jnvYwq39iC65HQiyZN/v6hbw=| ExpireMatchTimerElapsed started
2016-02-28 15:59:24,266 [63] [INFO] |wGPlY0YBt1atpsfNGJTguVFq1k4=| ExpireMatchTimerElapsed started
2016-02-28 16:04:24,326 [40] [INFO] |/2hpbgGU3RpJCiG6ZwfDVTKfUkE=| ExpireMatchTimerElapsed started
2016-02-28 16:09:24,304 [47] [INFO] |F//OqHgPMKhmvY6b+bRO109pAj4=| ExpireMatchTimerElapsed started
2016-02-28 16:14:24,369 [34] [INFO] |b7m3kwqZChCWH25bbikEj80PcJw=| ExpireMatchTimerElapsed started
2016-02-28 16:19:24,408 [76] [INFO] |GVojDh1n9Gm8nhkcp/b0aET2I1A=| ExpireMatchTimerElapsed started
2016-02-28 16:24:24,440 [42] [INFO] |r1EUC5Qw77yOdmrtccxYrpKC/OY=| ExpireMatchTimerElapsed started
2016-02-28 16:29:24,448 [77] [INFO] |LSfeN93E5skGJne0X+k3N/lI6SE=| ExpireMatchTimerElapsed started
2016-02-28 16:34:24,487 [41] [INFO] |Xf4CEpbS6VzNcEYNgQaED94k6+Q=| ExpireMatchTimerElapsed started
2016-02-28 16:39:24,517 [41] [INFO] |R68sYQnPiAI+JeG5Aqfn3Ab/f18=| ExpireMatchTimerElapsed started
2016-02-28 16:44:24,524 [67] [INFO] |0ZEb0ZhJRrmJvMNZJmmJBQice30=| ExpireMatchTimerElapsed started
2016-02-28 16:49:24,603 [37] [INFO] |mp8wiY/M4+NCkQtVNoL2IbgBSW4=| ExpireMatchTimerElapsed started
2016-02-28 16:54:24,639 [75] [INFO] |17cxviKNuHFtKineWjgh7Jw/yb8=| ExpireMatchTimerElapsed started
2016-02-28 16:59:24,672 [30] [INFO] |B73qnD6cS3uDJBiQ+5TjFfuZ36E=| ExpireMatchTimerElapsed started
2016-02-28 17:04:24,702 [70] [INFO] |oG4pYNv2T/WRQ95NI9o/Ovoe148=| ExpireMatchTimerElapsed started
2016-02-28 17:09:24,751 [81] [INFO] |tzkfF+Jjm+K5da2dRjndKO0qPSo=| ExpireMatchTimerElapsed started
2016-02-28 17:14:24,747 [81] [INFO] |C/S9QPY1iLLSR50DiJKkGHd0di8=| ExpireMatchTimerElapsed started
2016-02-28 17:19:24,764 [45] [INFO] |2A9JJOVHHUS4OIfl2DhQ6wWglQM=| ExpireMatchTimerElapsed started
2016-02-28 17:24:24,780 [17] [INFO] |5FHam/UXFz27hdgHb4xVm6+8RLk=| ExpireMatchTimerElapsed started
2016-02-28 17:29:24,851 [64] [INFO] |96BevQcDh2cUZIqNkKN/8rILi+I=| ExpireMatchTimerElapsed started
2016-02-28 17:34:24,924 [79] [INFO] |0Uc+m0nFDDAqDmc/fOqJZkuqrSg=| ExpireMatchTimerElapsed started
2016-02-28 17:39:24,881 [78] [INFO] |DqcWscZjOYSZGDJQJciy8UhO/H0=| ExpireMatchTimerElapsed started
2016-02-28 17:44:24,953 [18] [INFO] |hMZESeBtpCh8FXQWBOP+t1cBvB0=| ExpireMatchTimerElapsed started
2016-02-28 17:49:24,937 [52] [INFO] |NRPFEWrQlABLoctqPD9+TdUkQa8=| ExpireMatchTimerElapsed started
2016-02-28 17:54:24,997 [18] [INFO] |FpuUL0KqEyVNwM3XfhGNchBljko=| ExpireMatchTimerElapsed started
2016-02-28 17:59:25,040 [65] [INFO] |eTHIyeRI+lF4Rxf+pscC9AnTRj0=| ExpireMatchTimerElapsed started
2016-02-28 18:04:25,095 [21] [INFO] |vB7fO2eUY4oVqQx9VIdFVMHyVww=| ExpireMatchTimerElapsed started
2016-02-28 18:09:25,130 [21] [INFO] |E0+tKCAByP2L7hpYKFDUIikhvhA=| ExpireMatchTimerElapsed started
2016-02-28 18:14:25,185 [36] [INFO] |RoOdrW3YBOB0Ov/px4UNnvKOzCM=| ExpireMatchTimerElapsed started
2016-02-28 18:19:25,182 [37] [INFO] |GItIX3DTIPkocUA3torSLajEUZs=| ExpireMatchTimerElapsed started
2016-02-28 18:24:25,249 [55] [INFO] |aGbqU/RAX9tOc6TLUBNvc+j3ohI=| ExpireMatchTimerElapsed started
2016-02-28 18:29:25,250 [37] [INFO] |701krDeRGBMekoq6G/Yh/vH1ucU=| ExpireMatchTimerElapsed started
2016-02-28 18:34:25,284 [37] [INFO] |cZGBeqyDoAXJpMhfXpDbSRFCmVk=| ExpireMatchTimerElapsed started
2016-02-28 18:39:25,280 [77] [INFO] |Vjz8sTdwtgAq62YSgerOjVH07Cg=| ExpireMatchTimerElapsed started
2016-02-28 18:44:25,223 [49] [INFO] |pOHS4qlOHDWx2YFIr4zw8lAc+ns=| ExpireMatchTimerElapsed started
2016-02-28 18:49:25,152 [49] [INFO] |3Cupkj4O0wVmzm6XemNTnzrWhZc=| ExpireMatchTimerElapsed started
2016-02-28 18:54:25,159 [18] [INFO] |1E+07AuYz02P5UP61HVaMoXu0Jc=| ExpireMatchTimerElapsed started
2016-02-28 18:59:25,183 [21] [INFO] |CxEOhPHB427QD65QgH8HH8Yi518=| ExpireMatchTimerElapsed started
2016-02-28 19:04:25,207 [21] [INFO] |JUIZWlhLPXP3zntsAa1I7OSnoPk=| ExpireMatchTimerElapsed started
2016-02-28 19:09:08,413 [20] [INFO] |BCIUrydTIB9SihlVgvAKOqP/B2w=| Daily timer for SDK version 2.3.6.0 - system uptime 3.05:47:56.3130000, process uptime 2.00:17:43.4956547
2016-02-28 19:09:25,246 [20] [INFO] |8xLqWIvPEWj3Qu34iSkM+If11Xc=| ExpireMatchTimerElapsed started
2016-02-28 19:14:25,289 [44] [INFO] |pGxwmg154G6+lN9+HFK54H4kcPA=| ExpireMatchTimerElapsed started
2016-02-28 19:19:25,347 [64] [INFO] |p6Mhoyd3DnJ2d4VY+zun7x773sg=| ExpireMatchTimerElapsed started
2016-02-28 19:24:25,356 [55] [INFO] |sxr8AJuxpDn2NF05uA0e2o4+8Rc=| ExpireMatchTimerElapsed started
2016-02-28 19:29:25,404 [35] [INFO] |y+kkP1COt1+TBnHC8ocxJpBYIFM=| ExpireMatchTimerElapsed started
2016-02-28 19:34:25,426 [60] [INFO] |aRBFPsG7aL1zvPybUubVH9PEolo=| ExpireMatchTimerElapsed started
2016-02-28 19:39:25,461 [56] [INFO] |caDdt435TyfBEMuNAcjEkSzYth8=| ExpireMatchTimerElapsed started
2016-02-28 19:44:25,504 [17] [INFO] |JSfr6agax41EplzP5kj8m4WaE/o=| ExpireMatchTimerElapsed started
2016-02-28 19:49:25,544 [50] [INFO] |rA3SpxHcqtikZ/77Jv4+9ueIqao=| ExpireMatchTimerElapsed started
2016-02-28 19:54:25,525 [31] [INFO] |ZA5lnS2CvFFj4/+hIg72mr63JGc=| ExpireMatchTimerElapsed started
2016-02-28 19:59:25,620 [8] [INFO] |7p1YmyrhUlokU/dhJucbKxvRe/w=| ExpireMatchTimerElapsed started
2016-02-28 20:04:25,598 [35] [INFO] |mKvq4hcbUkZB3lE4AyWjDdK/2BM=| ExpireMatchTimerElapsed started
2016-02-28 20:09:25,618 [71] [INFO] |DwN3HPKumrBF/AHS02/2DWNcGHA=| ExpireMatchTimerElapsed started
2016-02-28 20:14:25,667 [35] [INFO] |hqI1GC+wyX1d7l6Bo/DRfaGNSNQ=| ExpireMatchTimerElapsed started
2016-02-28 20:19:25,705 [58] [INFO] |tDjw0OtpOkjN1qFV3Q2tOIclWd4=| ExpireMatchTimerElapsed started
2016-02-28 20:24:25,737 [58] [INFO] |NJF4LT1h5gT84hsPhSObUR8hMDM=| ExpireMatchTimerElapsed started
2016-02-28 20:29:25,810 [58] [INFO] |0gHL858HIGEjE3OmbjdhjeTQ3nc=| ExpireMatchTimerElapsed started
2016-02-28 20:34:25,851 [65] [INFO] |0CckYLftOw/tAOJI+94BB8BMhNg=| ExpireMatchTimerElapsed started
2016-02-28 20:39:25,847 [73] [INFO] |jWY7ud/p82E6mYLt+mwXnWZKLrA=| ExpireMatchTimerElapsed started
2016-02-28 20:44:25,941 [79] [INFO] |YTypbVzeAjW4k+BzuPUK98/y2+w=| ExpireMatchTimerElapsed started
2016-02-28 20:49:25,913 [39] [INFO] |jez6hoyphxwZ/wNyd6Fhjxsxxgo=| ExpireMatchTimerElapsed started
2016-02-28 20:54:25,939 [39] [INFO] |hJQXKf+UGG9snl4W5KfhJKNY/4A=| ExpireMatchTimerElapsed started
2016-02-28 20:59:26,022 [58] [INFO] |nSj62q28Slc/LTGR8my2dQNK404=| ExpireMatchTimerElapsed started
2016-02-28 21:04:26,075 [35] [INFO] |HC17STr4Ke0yz+4V42mAtPIHgC0=| ExpireMatchTimerElapsed started
2016-02-28 21:09:26,132 [81] [INFO] |j29QLHMc/snd4FAOqhEkL8H9ZeM=| ExpireMatchTimerElapsed started
2016-02-28 21:14:26,129 [16] [INFO] |piUH1FlNZdKL4H1xb2JDKIedbqk=| ExpireMatchTimerElapsed started
2016-02-28 21:19:26,119 [40] [INFO] |fNw9l7d81WFJuGolMScxRfzgt4c=| ExpireMatchTimerElapsed started
2016-02-28 21:24:26,158 [52] [INFO] |SLnuYwlKyXGuTAi8KrPurUFDrr0=| ExpireMatchTimerElapsed started
2016-02-28 21:29:26,198 [52] [INFO] |QTM/HJ/dRTLLbYgVRiF1GQKZx3U=| ExpireMatchTimerElapsed started
2016-02-28 21:34:26,226 [64] [INFO] |8ovMeJJWQyoqsk9cdilhZIOVS4I=| ExpireMatchTimerElapsed started
2016-02-28 21:39:26,251 [8] [INFO] |HsszBnqLiyrgs8/dZxRjygr+00Y=| ExpireMatchTimerElapsed started
2016-02-28 21:44:26,318 [8] [INFO] |q2irYoBPiftwNzraHieyCy0Y9+U=| ExpireMatchTimerElapsed started
2016-02-28 21:49:26,338 [61] [INFO] |hohaRii5raTMoJLFELxa8yrLlvo=| ExpireMatchTimerElapsed started
2016-02-28 21:54:26,417 [44] [INFO] |N6J5PBCS0M8cI3IAgLRaWzkJmvA=| ExpireMatchTimerElapsed started
2016-02-28 21:59:26,458 [83] [INFO] |9s4CkT01iqix3Vhw6sCgyfFqtjk=| ExpireMatchTimerElapsed started
2016-02-28 22:04:26,439 [19] [INFO] |oqjMqI4hw33CHi7qTWlmn/Lw1ys=| ExpireMatchTimerElapsed started
2016-02-28 22:09:26,493 [63] [INFO] |8mmZYkUj+LuDidqblf9FwhKJ3KU=| ExpireMatchTimerElapsed started
2016-02-28 22:14:26,508 [63] [INFO] |+3LBwow7J/nUtMKy684B+FPrjZY=| ExpireMatchTimerElapsed started
2016-02-28 22:19:26,578 [26] [INFO] |l6mRhVIcuaBx8awCDCwXE7i/Tg0=| ExpireMatchTimerElapsed started
2016-02-28 22:24:26,579 [63] [INFO] |GcAoS6rA0sINLbnFNOoEdQo/kBA=| ExpireMatchTimerElapsed started
2016-02-28 22:29:26,622 [77] [INFO] |y3lk5Zzmge+UT9Zt8WNTy2o/3Rk=| ExpireMatchTimerElapsed started
2016-02-28 22:34:26,647 [39] [INFO] |nJ/bu+IJX7tlNsH+M0ChbJTaTEU=| ExpireMatchTimerElapsed started
2016-02-28 22:39:26,658 [39] [INFO] |buOdgy5MttmUhh3A3RStmOQzoCg=| ExpireMatchTimerElapsed started
2016-02-28 22:44:26,709 [77] [INFO] |lxWAGOZNomRRw/BhiTfRFkJlZng=| ExpireMatchTimerElapsed started
2016-02-28 22:49:26,724 [42] [INFO] |kx3yO9+KZTNTZYyG04jTSxAFwQw=| ExpireMatchTimerElapsed started
2016-02-28 22:54:26,729 [32] [INFO] |uTRQDnT956UDDLDkOubWZ75EAZI=| ExpireMatchTimerElapsed started
2016-02-28 22:59:26,748 [39] [INFO] |Fm8pOGygdeYPfg+vgt263dyI7TQ=| ExpireMatchTimerElapsed started
2016-02-28 23:04:26,813 [77] [INFO] |6rejdPafZI/aPozTIueg+amH5fE=| ExpireMatchTimerElapsed started
2016-02-28 23:09:26,821 [32] [INFO] |+2RyAimytC0FlhSiA6Rg3631bZk=| ExpireMatchTimerElapsed started
2016-02-28 23:14:26,862 [46] [INFO] |DyN4DmNaa1AlFyEFpAylURKw+OY=| ExpireMatchTimerElapsed started
2016-02-28 23:19:26,724 [77] [INFO] |u53AMvoyy2uEmhT7GPzezunUDRw=| ExpireMatchTimerElapsed started
2016-02-28 23:24:26,680 [77] [INFO] |TMY/BNn7XnRgynKQz23xcZW0uB0=| ExpireMatchTimerElapsed started
2016-02-28 23:29:26,783 [45] [INFO] |nA4jvKSKSU+U9yD0QOoPbtQxxdQ=| ExpireMatchTimerElapsed started
2016-02-28 23:34:26,769 [67] [INFO] |hsgXTvPBrQ5y6aWvFs5JT1wqWkU=| ExpireMatchTimerElapsed started
2016-02-28 23:39:26,791 [66] [INFO] |cSjy69h8D2mFDepBPJaFmqAuQ0g=| ExpireMatchTimerElapsed started
2016-02-28 23:44:26,798 [79] [INFO] |7EhxImBi9RNGGaMWt1IRjKXO96M=| ExpireMatchTimerElapsed started
2016-02-28 23:49:26,826 [43] [INFO] |T4hA63S6jGyPP8wa/RJ9u/h1iL4=| ExpireMatchTimerElapsed started
2016-02-28 23:54:26,834 [35] [INFO] |8T5k3hahhUHvSIJJg4my3ymALtQ=| ExpireMatchTimerElapsed started
2016-02-28 23:59:26,863 [32] [INFO] |DOytBzudXZgA7jcxSbWSaj2UadQ=| ExpireMatchTimerElapsed started
