2016-02-29 18:14:11,608 [10] [INFO] Reloading SdkLogger configuration
2016-02-29 18:14:11,988 [10] [INFO] |hEVStF7x6iksED99uoOYf+25XzY=| Changed thread pool size from 1023 to 512
2016-02-29 18:14:11,988 [10] [INFO] |jBoy+f6DW7W6Yk5y2C7MnUxkkPs=| Initializing SDK version 2.3.6.0
2016-02-29 18:14:12,268 [10] [DEBUG] |qm7bTdL5XVI+yMw9WjTzg5ZOmXE=| Registering ISdkConfiguration
2016-02-29 18:14:12,298 [10] [DEBUG] |McgtMekCtQMU2ClU2ad0bxX7pts=| Registering SdkLogger
2016-02-29 18:14:12,298 [10] [DEBUG] |fbwB0oXUYthx0Hi54oqyyUX+/3I=| Registering IProviderFactory
2016-02-29 18:14:12,308 [10] [WARN] |bgDLsHjX2JUcpjqdPXq257/oezo=| Caller did not provide dead_letter_queue
2016-02-29 18:14:12,308 [10] [DEBUG] |wtUA67CJdSHGLEqkyL50aJ3kweg=| Registering IDeadLetterQueue - DummyDeadLetterQueue
2016-02-29 18:14:12,308 [10] [DEBUG] |C0hpaEu5XQV99lnYwggGMPyz5js=| Registering IPriorityQueue - PriorityQueue
2016-02-29 18:14:12,318 [10] [DEBUG] |tz1unkeOiw4QR54XyMhNLTgkhL0=| Registering ILimitedPriorityQueue - LimitedPriorityQueue
2016-02-29 18:14:12,328 [10] [INFO] |Ols/dEBVPG5jzjFzpAermCE7l4U=| Limited prio queue  initialized with: low 500, high 9000, capacity 10000
2016-02-29 18:14:12,338 [10] [INFO] |t5p4fwlL6+fqaA8DkbfPha0iO7Y=| Limited prio queue  initialized with: low 500, high 9000, capacity 10000
2016-02-29 18:14:12,338 [10] [INFO] |YY9W+rJMwaKdibkhs+V6GmDiwrk=| Limited prio queue  initialized with: low 500, high 9000, capacity 10000
2016-02-29 18:14:12,338 [10] [INFO] |FMmS5lQlL5VMIpSZX9jvmMnsz7g=| Limited prio queue  initialized with: low 500, high 9000, capacity 10000
2016-02-29 18:14:12,338 [10] [INFO] |nqMBJ1VOxTTAZbtCISq1YD2k9As=| Limited prio queue  initialized with: low 500, high 9000, capacity 10000
2016-02-29 18:14:12,338 [10] [INFO] |bxDPZtW7b9ry83iWslJaS3ibrLA=| Limited prio queue  initialized with: low 500, high 9000, capacity 10000
2016-02-29 18:14:12,338 [10] [DEBUG] |3RfhijcFZtg2V2QqVmEDuz2SRu8=| Registering IMessageDispatcher - MessageDispatcher
2016-02-29 18:14:12,338 [10] [DEBUG] |NaKkMlujfsHT9l9yUsTbcI0Z0Ec=| Checking components dependencies
2016-02-29 18:14:12,528 [10] [INFO] |DixL0HP5QCIHlivR9p1PAWts+9Y=| Reloading SdkLogger configuration
2016-02-29 18:14:12,548 [10] [DEBUG] |+9dkVhgJyvmhDusWtn+pvRgSDYI=| Registering ILiveScout & IFeedDispatcher
2016-02-29 18:14:12,558 [10] [INFO] |2+CqB7BOHM2Y9Xz9qsnqVOscAEM=| Creating RateGate DispatchLimiter, 2147483647 occurrences per 00:00:01
2016-02-29 18:14:12,558 [10] [DEBUG] |6LiImrtLZQ8E15MVWiFrGkfV63E=| Registering all IConnectionProviders
2016-02-29 18:14:12,558 [10] [INFO] |xmWoPAqjWdQ9IYopcAJ+ek+UdpA=| Starting SDK version 2.3.6.0
2016-02-29 18:14:12,558 [10] [INFO] |vCamd163odQFpo20UgDF2XGYmW4=| Starting MessageDispatcher
2016-02-29 18:14:12,668 [10] [INFO] |kTHMsMw7nda/rRa4qvihUdb89/Y=| Starting SDK version 2.3.6.0
2016-02-29 18:14:12,668 [10] [INFO] |iaifpOanugvTm1yGxAjvBY/uMPw=| Starting LiveScoutFeedProvider
2016-02-29 18:14:12,668 [10] [INFO] |/OmvYG8IQ63lXjt7a4T5vX4Nv8k=| Starting TcpConnectionProvider
2016-02-29 18:14:12,668 [IOLoop-LIVESCOUT] [INFO] |C5wLSq6nR9rPg/Es3ucKYy8aLAw=| Establishing SSL TCP connection with scout.betradar.com port 2017
2016-02-29 18:14:13,988 [IOLoop-LIVESCOUT] [INFO] |J97qNA2dJ6w6mx2BlbkId9Pbu4k=| [LIVESCOUT15] Logged in as bookmaker id 11316
2016-02-29 18:14:13,988 [IOLoop-LIVESCOUT] [INFO] |IPZkUbwMd8QdLcEyBnrbPF4x2iM=| Server reported version '2015.2'
2016-02-29 18:14:14,178 [IOLoop-LIVESCOUT] [DEBUG] |Fy3/z2vMi/RZsgpDJIBdN90PR5w=| TimeKeeper.NewTime: 29.02.2016 16:14:14.313
2016-02-29 18:14:14,178 [IOLoop-LIVESCOUT] [DEBUG] |gDbGQTyY68qlMQU7sg9nXHI6cRc=| TimeKeeper.NewTime response: TimeKeeperResponse 1, 00:00:00.1344849, False
2016-02-29 18:14:14,178 [IOLoop-LIVESCOUT] [DEBUG] |wBFcRerm15qTHfr4o5x93ga0Zo4=| Synchronized with LiveScout server time: 02/29/2016 16:14:14
2016-02-29 18:14:14,368 [IOLoop-LIVESCOUT] [INFO] |oW7U9GkNGSjzfSbBd2UfDUXTcbg=| Binding event 0 to dispatcher 1
2016-02-29 18:14:14,368 [Dispatcher1] [DEBUG] |WdJhs/tOfn8KndrRo/nhsG7OB28=| Dispatching MatchList->id:[null] to client handler
2016-02-29 18:14:14,438 [Dispatcher1] [DEBUG] |XZOIRIb465wpCYj0xigNFpRinZw=| MatchList->id:[null] successfully processed by client handler
2016-02-29 18:14:14,768 [IOLoop-LIVESCOUT] [INFO] |nPfTwbEphR6sWvQPUG3WQEWttDI=| Binding event 8994185 to dispatcher 2
2016-02-29 18:14:14,768 [Dispatcher2] [DEBUG] |2GmlBGkpls1lfCcTv5yWa8NAD/c=| Dispatching MatchUpdate->id:8994185 to client handler
2016-02-29 18:14:14,838 [IOLoop-LIVESCOUT] [INFO] |YRrcOXx+9NoXvIAqXT+1IvhYOXU=| Binding event 8994183 to dispatcher 3
2016-02-29 18:14:14,838 [Dispatcher3] [DEBUG] |1rOFU9vo9SHrfaL05hgpuHWXprk=| Dispatching MatchUpdate->id:8994183 to client handler
2016-02-29 18:14:14,848 [IOLoop-LIVESCOUT] [INFO] |IvoRFFLBiOZdpyzHyrfWkGRmB9E=| Binding event 7898420 to dispatcher 1
2016-02-29 18:14:14,848 [Dispatcher1] [DEBUG] |AcisttiTAJfx8Wjxu/kQVaHbDP0=| Dispatching MatchUpdate->id:7898420 to client handler
2016-02-29 18:14:15,148 [Dispatcher2] [DEBUG] |DswrU83k0jf7Mi2NHcD5CQgXydU=| MatchUpdate->id:8994185 successfully processed by client handler
2016-02-29 18:14:15,148 [Dispatcher2] [DEBUG] |ey50Mi6WU23GesLrrW2k+DckdUc=| Dispatching ScoutInfos->id:8994185 to client handler
2016-02-29 18:14:15,158 [Dispatcher1] [DEBUG] |tPGjeUpd22kt6Hv1n4vQqTlTe9U=| MatchUpdate->id:7898420 successfully processed by client handler
2016-02-29 18:14:15,168 [Dispatcher1] [DEBUG] |j4lzqdltmxUAZp34zT7b23NX3Ps=| Dispatching ScoutInfos->id:7898420 to client handler
2016-02-29 18:14:15,188 [Dispatcher3] [DEBUG] |z9BSpPAaGIoaOLp8DkxmeQuPRxI=| MatchUpdate->id:8994183 successfully processed by client handler
2016-02-29 18:14:15,188 [Dispatcher3] [DEBUG] |rK7sBNsU6pQR2YJehCQ3hDkGhzc=| Dispatching ScoutInfos->id:8994183 to client handler
2016-02-29 18:14:15,198 [IOLoop-LIVESCOUT] [INFO] |DdAYwVJHiwtUBu1Rbc8XbfzqBTc=| Binding event 8780194 to dispatcher 2
2016-02-29 18:14:15,338 [Dispatcher2] [DEBUG] |2dYpr4/lRWoDrbE43n7WpdMjVOw=| ScoutInfos->id:8994185 successfully processed by client handler
2016-02-29 18:14:15,338 [Dispatcher2] [DEBUG] |nXyXsg0gxsxpVCdzllqm8L3KGpg=| Dispatching MatchUpdate->id:8780194 to client handler
2016-02-29 18:14:15,378 [Dispatcher1] [DEBUG] |8TiajhL/1QWyrcheqlhBVglJqNM=| ScoutInfos->id:7898420 successfully processed by client handler
2016-02-29 18:14:15,418 [Dispatcher3] [DEBUG] |7XdwqKNo/qE7szfyDAGbCsnOgDg=| ScoutInfos->id:8994183 successfully processed by client handler
2016-02-29 18:14:15,478 [Dispatcher2] [DEBUG] |8SL0KsekwVeqw9opjAC6MuCi3qU=| MatchUpdate->id:8780194 successfully processed by client handler
2016-02-29 18:14:15,478 [Dispatcher2] [DEBUG] |47XvQDB250A8MbLHzUuGY9bPZio=| Dispatching ScoutInfos->id:8780194 to client handler
2016-02-29 18:14:15,488 [IOLoop-LIVESCOUT] [INFO] |rcnfMRil5cX1/wfbP6+A/7PKUXA=| Binding event 8990403 to dispatcher 3
2016-02-29 18:14:15,488 [Dispatcher3] [DEBUG] |az8wq9O/MehrkeEXd9GtLVdRxYs=| Dispatching MatchUpdate->id:8990403 to client handler
2016-02-29 18:14:15,558 [Dispatcher2] [DEBUG] |5SgV/J0bF4eIO6jHmIwv/KAUilU=| ScoutInfos->id:8780194 successfully processed by client handler
2016-02-29 18:14:15,678 [Dispatcher3] [DEBUG] |aHRmhqfcisoPpqSbWyNaVcvf/64=| MatchUpdate->id:8990403 successfully processed by client handler
2016-02-29 18:14:15,688 [Dispatcher3] [DEBUG] |UDKE7NI3VKILRr+KudorcYEdiUw=| Dispatching ScoutInfos->id:8990403 to client handler
2016-02-29 18:14:15,748 [Dispatcher3] [DEBUG] |9gqgdhzHFun8QWe4w9WLkLgMWe8=| ScoutInfos->id:8990403 successfully processed by client handler
2016-02-29 18:14:15,758 [IOLoop-LIVESCOUT] [INFO] |fbrWEXV+OjadkLcTCZub6nXJbjM=| Binding event 7761556 to dispatcher 1
2016-02-29 18:14:15,758 [Dispatcher1] [DEBUG] |94JLtfNvfHHAJiHJH/Qo5tDW3CY=| Dispatching MatchUpdate->id:7761556 to client handler
2016-02-29 18:14:15,768 [IOLoop-LIVESCOUT] [INFO] |6ZAnFA3YotIoCX12lBze6G8feWA=| Binding event 7770460 to dispatcher 2
2016-02-29 18:14:15,768 [Dispatcher2] [DEBUG] |apzDJl+SVCodqmfrRnk8jZPXNt0=| Dispatching MatchUpdate->id:7770460 to client handler
2016-02-29 18:14:15,858 [Dispatcher1] [DEBUG] |31lIwc1wCKfMLT6AToB0CS1m7ho=| MatchUpdate->id:7761556 successfully processed by client handler
2016-02-29 18:14:15,858 [Dispatcher1] [DEBUG] |uJcoYl47zn8CGBm0lNhpgVq6Pzs=| Dispatching ScoutInfos->id:7761556 to client handler
2016-02-29 18:14:15,908 [IOLoop-LIVESCOUT] [INFO] |HhUMDr6k0JRb7NLj14B4jWjM0nk=| Binding event 8994991 to dispatcher 3
2016-02-29 18:14:15,908 [Dispatcher3] [DEBUG] |AkwjHSv+Lo5Q1wYzsgHMOyWfad4=| Dispatching MatchUpdate->id:8994991 to client handler
2016-02-29 18:14:15,948 [Dispatcher2] [DEBUG] |ZzsN5OfwPSni2s5mXgyHK27IC8s=| MatchUpdate->id:7770460 successfully processed by client handler
2016-02-29 18:14:15,948 [Dispatcher2] [DEBUG] |euKxDBXSbScuNBJe6jovZQFAEgI=| Dispatching ScoutInfos->id:7770460 to client handler
2016-02-29 18:14:15,958 [IOLoop-LIVESCOUT] [INFO] |Cdax4kjeZYLwiQLo7oelARvOWMo=| Binding event 7935922 to dispatcher 1
2016-02-29 18:14:16,038 [Dispatcher1] [DEBUG] |63/m57zcs7yIRT8l+vlyUdljxsY=| ScoutInfos->id:7761556 successfully processed by client handler
2016-02-29 18:14:16,038 [Dispatcher1] [DEBUG] |dmIa6YgeGl6NHTwXiRWyMewor84=| Dispatching MatchUpdate->id:7935922 to client handler
2016-02-29 18:14:16,118 [Dispatcher3] [DEBUG] |6MdzdChjVbCkcLkzIsA0quQ5reY=| MatchUpdate->id:8994991 successfully processed by client handler
2016-02-29 18:14:16,118 [Dispatcher3] [DEBUG] |IH+ev0Sv8vzPqRYeH1JIE1XJOV0=| Dispatching ScoutInfos->id:8994991 to client handler
2016-02-29 18:14:16,198 [IOLoop-LIVESCOUT] [INFO] |6Fg8F25TcAiHTS234OOKHJHh9Ao=| Binding event 8402458 to dispatcher 2
2016-02-29 18:14:16,248 [Dispatcher2] [DEBUG] |UznQ9KbriTqxPJF2mQpu4S4/Uh0=| ScoutInfos->id:7770460 successfully processed by client handler
2016-02-29 18:14:16,248 [Dispatcher2] [DEBUG] |NCnVSglEAZchIdGFLSQ05aWW68A=| Dispatching MatchUpdate->id:8402458 to client handler
2016-02-29 18:14:16,258 [IOLoop-LIVESCOUT] [INFO] |ogw6G4iT6PpOrSr8eQbfGTrYcyo=| Binding event 8402460 to dispatcher 3
2016-02-29 18:14:16,258 [Dispatcher1] [DEBUG] |3+1JBCW8yeod6LDeZ5kIT75QE3Y=| MatchUpdate->id:7935922 successfully processed by client handler
2016-02-29 18:14:16,258 [Dispatcher1] [DEBUG] |LZ6ZDpvphYhbbJWVarUHiJ/NykU=| Dispatching ScoutInfos->id:7935922 to client handler
2016-02-29 18:14:16,328 [Dispatcher3] [DEBUG] |sYK3lPpy4DJBtRbQ6viqWgPXhZQ=| ScoutInfos->id:8994991 successfully processed by client handler
2016-02-29 18:14:16,328 [Dispatcher3] [DEBUG] |XQOI2ynXQC7omdu3sXmfkGfgndk=| Dispatching MatchUpdate->id:8402460 to client handler
2016-02-29 18:14:16,448 [Dispatcher1] [DEBUG] |btsXCObmS+KCSlXTxZirP17FwnY=| ScoutInfos->id:7935922 successfully processed by client handler
2016-02-29 18:14:16,488 [Dispatcher2] [DEBUG] |4DZ9jPealj+rlCKTOTJM4tTe1+w=| MatchUpdate->id:8402458 successfully processed by client handler
2016-02-29 18:14:16,488 [Dispatcher2] [DEBUG] |UM9pjeVan7wJK3hLd0s/ajobces=| Dispatching ScoutInfos->id:8402458 to client handler
2016-02-29 18:14:16,518 [IOLoop-LIVESCOUT] [INFO] |lkGUwLToUzLNCtvPwDBlwBLy7jg=| Binding event 8402464 to dispatcher 1
2016-02-29 18:14:16,528 [Dispatcher1] [DEBUG] |URDgdsj5P2gZeJIaXdNPw8VNbHw=| Dispatching MatchUpdate->id:8402464 to client handler
2016-02-29 18:14:16,548 [Dispatcher3] [DEBUG] |RBUcJrRGBgLDZhsWMN2ijuJLhG8=| MatchUpdate->id:8402460 successfully processed by client handler
2016-02-29 18:14:16,548 [Dispatcher3] [DEBUG] |SjZW5b/QbKPiX7sSqRoAu+rXKYc=| Dispatching ScoutInfos->id:8402460 to client handler
2016-02-29 18:14:16,688 [IOLoop-LIVESCOUT] [INFO] |htMr8Dhye1yW1dZOeU9HmL3C138=| Binding event 8402468 to dispatcher 2
2016-02-29 18:14:16,698 [Dispatcher2] [DEBUG] |mij8zwkeezEpfLFtZQk83Uv2jFg=| ScoutInfos->id:8402458 successfully processed by client handler
2016-02-29 18:14:16,698 [Dispatcher2] [DEBUG] |/VtPD6mp2N/r3yGHsx1NyF7AxW0=| Dispatching MatchUpdate->id:8402468 to client handler
2016-02-29 18:14:16,718 [Dispatcher1] [DEBUG] |2J2f3WN7qGn38lapcDy7jTyKKpc=| MatchUpdate->id:8402464 successfully processed by client handler
2016-02-29 18:14:16,718 [Dispatcher1] [DEBUG] |VRCFjLgzR49TssPB3gn5GZ3W9W4=| Dispatching ScoutInfos->id:8402464 to client handler
2016-02-29 18:14:16,718 [IOLoop-LIVESCOUT] [INFO] |c8lbMroYWpA1Hj7g81l1iRmzoEw=| Binding event 8854426 to dispatcher 3
2016-02-29 18:14:16,758 [Dispatcher3] [DEBUG] |OS2lxDzyYEs12mhoDgJrxdMXfhw=| ScoutInfos->id:8402460 successfully processed by client handler
2016-02-29 18:14:16,758 [Dispatcher3] [DEBUG] |ZmDAF/dD7hi2+e6Bl5DmKgJanCY=| Dispatching MatchUpdate->id:8854426 to client handler
2016-02-29 18:14:16,758 [IOLoop-LIVESCOUT] [INFO] |v7UWyECnXa0PGI/uVvA6ysSUzfA=| Binding event 8987465 to dispatcher 1
2016-02-29 18:14:16,818 [IOLoop-LIVESCOUT] [INFO] |xmBQVqYmXetLP4xhCgv9wiLBlXE=| Binding event 8994989 to dispatcher 2
2016-02-29 18:14:16,888 [Dispatcher2] [DEBUG] |2a0B5Zn2iJA8dG7EIB7z413CNKo=| MatchUpdate->id:8402468 successfully processed by client handler
2016-02-29 18:14:16,888 [Dispatcher2] [DEBUG] |Ysr3ndHYfR6mcdV9o0Rkf5W8V08=| Dispatching ScoutInfos->id:8402468 to client handler
2016-02-29 18:14:16,958 [Dispatcher1] [DEBUG] |HksgxYOGMSG65HZnTMSCFQZvueQ=| ScoutInfos->id:8402464 successfully processed by client handler
2016-02-29 18:14:16,958 [Dispatcher1] [DEBUG] |0QhN0II3Gw0+lrxVi/cR/h7o5Tc=| Dispatching MatchUpdate->id:8987465 to client handler
2016-02-29 18:14:16,988 [Dispatcher3] [DEBUG] |hS0hzb5uQGpxfrIe6v2/tq1EiNM=| MatchUpdate->id:8854426 successfully processed by client handler
2016-02-29 18:14:16,988 [Dispatcher3] [DEBUG] |XESVQdg5d6h/kT/wiIfb0gNZv1E=| Dispatching ScoutInfos->id:8854426 to client handler
2016-02-29 18:14:17,058 [Dispatcher2] [DEBUG] |wCkLIZwdJIJ602uA5TlGsouhg8g=| ScoutInfos->id:8402468 successfully processed by client handler
2016-02-29 18:14:17,058 [Dispatcher2] [DEBUG] |VZDU5TcqUzGeHdvZCKGVDbOp8yU=| Dispatching MatchUpdate->id:8994989 to client handler
2016-02-29 18:14:17,058 [IOLoop-LIVESCOUT] [INFO] |790+jAuuEhcMZzGLIb8OssN3RJg=| Binding event 8047694 to dispatcher 3
2016-02-29 18:14:17,158 [IOLoop-LIVESCOUT] [INFO] |1gV4e1vI6eKtOKqaw4TU/YhVa1w=| Binding event 8884890 to dispatcher 1
2016-02-29 18:14:17,188 [Dispatcher1] [DEBUG] |AVlf4YYrC7XOr7//PV7vI4bt/uo=| MatchUpdate->id:8987465 successfully processed by client handler
2016-02-29 18:14:17,188 [Dispatcher1] [DEBUG] |e2qHUwaHy9hcl7GTdYxXpjbTFLE=| Dispatching ScoutInfos->id:8987465 to client handler
2016-02-29 18:14:17,198 [Dispatcher3] [DEBUG] |sXTFSSpNuGHDgI4Q7OjbEuAjypo=| ScoutInfos->id:8854426 successfully processed by client handler
2016-02-29 18:14:17,198 [Dispatcher3] [DEBUG] |ALa1PpYQyn2EuGr2CVxSP/bhwrE=| Dispatching MatchUpdate->id:8047694 to client handler
2016-02-29 18:14:17,238 [IOLoop-LIVESCOUT] [INFO] |asWGCSwMz1W3ksmFMx6SFwymwxc=| Binding event 8987469 to dispatcher 2
2016-02-29 18:14:17,338 [Dispatcher2] [DEBUG] |My1o9pp+N0fGRTDosSRk9qf/9E8=| MatchUpdate->id:8994989 successfully processed by client handler
2016-02-29 18:14:17,338 [Dispatcher2] [DEBUG] |mQCSn7rOOKugNo23ZSyF0/dWxy8=| Dispatching ScoutInfos->id:8994989 to client handler
2016-02-29 18:14:17,338 [IOLoop-LIVESCOUT] [INFO] |glI3byfrvb1AMODEu+9lffSSG4Q=| Binding event 8987489 to dispatcher 3
2016-02-29 18:14:17,418 [IOLoop-LIVESCOUT] [INFO] |1NeYugrSoP5QseVbVL5itozkXvk=| Binding event 8995227 to dispatcher 1
