2016-02-27 00:04:11,159 [8] [INFO] |rtCTBaxIHJ6xZTsf/AJegKFqxYY=| ExpireMatchTimerElapsed started
2016-02-27 00:09:11,134 [8] [INFO] |oAXmZ2q5WFn3MMhyMwIkqL8VdbY=| ExpireMatchTimerElapsed started
2016-02-27 00:14:11,152 [81] [INFO] |MsD9A7a0TyJfy8lY61Ga6N0wgfk=| ExpireMatchTimerElapsed started
2016-02-27 00:19:11,164 [40] [INFO] |4+pFA1VcRZkZCTV7FY7WvtDWWUs=| ExpireMatchTimerElapsed started
2016-02-27 00:24:11,208 [35] [INFO] |jDby+7TmRII3xMPuPvTd8l7XmLg=| ExpireMatchTimerElapsed started
2016-02-27 00:29:11,304 [19] [INFO] |rHSoEyPYxf+636cWCzK5wYHp4gM=| ExpireMatchTimerElapsed started
2016-02-27 00:34:11,346 [74] [INFO] |jDNAvcxduqrjP+IG17KggjTjezk=| ExpireMatchTimerElapsed started
2016-02-27 00:39:11,361 [19] [INFO] |OpIOEIolzrxxw/+OTU6reIVPpBI=| ExpireMatchTimerElapsed started
2016-02-27 00:44:11,359 [60] [INFO] |QW3xyB4Sgy1oLLRgmYHGrCPhdII=| ExpireMatchTimerElapsed started
2016-02-27 00:49:11,383 [60] [INFO] |/j9WD5u5dKPKiCrNIAHppOVaBAc=| ExpireMatchTimerElapsed started
2016-02-27 00:54:11,415 [55] [INFO] |GxzVvSk7PyAWiwoX+I6W0CbMrqE=| ExpireMatchTimerElapsed started
2016-02-27 00:59:11,447 [61] [INFO] |PPRBZyrWbRDqQafca4/HQsmKVes=| ExpireMatchTimerElapsed started
2016-02-27 01:04:11,450 [28] [INFO] |YT/Ht42g0MhXrbMUC80YoPi5GMg=| ExpireMatchTimerElapsed started
2016-02-27 01:09:11,494 [26] [INFO] |Y0FZld0sDKX/Wq+btOBlBKNOczs=| ExpireMatchTimerElapsed started
2016-02-27 01:14:11,515 [49] [INFO] |YrbBU51rEhZzSvxGDyrW00/Mm3o=| ExpireMatchTimerElapsed started
2016-02-27 01:19:11,552 [44] [INFO] |wm79j6ce6kPJAUvsAwhxjJ10eC8=| ExpireMatchTimerElapsed started
2016-02-27 01:24:11,552 [57] [INFO] |vejLnDNSxrOdI06l3CxyPjO0Jt8=| ExpireMatchTimerElapsed started
2016-02-27 01:29:11,607 [68] [INFO] |m5jwvNqAeivMZ4zGhWk++aUQW2w=| ExpireMatchTimerElapsed started
2016-02-27 01:34:11,621 [26] [INFO] |c/55sQXWpqBpQaTdoBf30hI5I8I=| ExpireMatchTimerElapsed started
2016-02-27 01:39:11,635 [49] [INFO] |Kt99AhIXAu/zpI11V3YFncYtdqM=| ExpireMatchTimerElapsed started
2016-02-27 01:44:11,657 [42] [INFO] |7ssdAcaP57paFYHM/ESJ8YizJOU=| ExpireMatchTimerElapsed started
2016-02-27 01:49:11,649 [28] [INFO] |r3FWAQn/7AYwGCEV5n3tT++cR6Y=| ExpireMatchTimerElapsed started
2016-02-27 01:54:11,643 [37] [INFO] |ZBSbLeCvmJ8kd2aFsCvBDLgfb0s=| ExpireMatchTimerElapsed started
2016-02-27 01:59:11,669 [62] [INFO] |El10xUuXh7YRj/TTE9wiABf4ffQ=| ExpireMatchTimerElapsed started
2016-02-27 02:04:11,707 [80] [INFO] |b56U24CRzZisDVVY3ZlpxDMorJc=| ExpireMatchTimerElapsed started
2016-02-27 02:09:11,672 [17] [INFO] |J/DThvCWys+bzRzgL9apu0bHpM0=| ExpireMatchTimerElapsed started
2016-02-27 02:14:11,668 [66] [INFO] |bLL+xqIuAKPR5gz3LWtLeBESd0A=| ExpireMatchTimerElapsed started
2016-02-27 02:18:58,922 [40] [INFO] |K31tD8vCNe/OlIgkNhC/HSPizPQ=| ExpireMatchTimerElapsed started
2016-02-27 02:23:40,967 [50] [INFO] |59AVqE7uw3xboEsX0uOceQf/hC0=| ExpireMatchTimerElapsed started
2016-02-27 02:28:34,517 [52] [INFO] |HW9Bkg3QcNM+7exXe3HB+J4BiXM=| ExpireMatchTimerElapsed started
2016-02-27 02:33:32,245 [37] [INFO] |iia/3Ktv4KlfAtA85D55/S3wM4Q=| ExpireMatchTimerElapsed started
2016-02-27 02:38:36,783 [63] [INFO] |t4cdmaOb+qlaWTqOGtJFJNuUbno=| ExpireMatchTimerElapsed started
2016-02-27 02:43:39,025 [82] [INFO] |R7/5/l+f7feoA0aJi921KH2hevc=| ExpireMatchTimerElapsed started
2016-02-27 02:48:40,231 [6] [INFO] |593sLhD+giCxBfN6nx8U6gdoVqY=| ExpireMatchTimerElapsed started
2016-02-27 02:53:50,445 [80] [INFO] |3qfpX2sd7Dz2tRF21Ra8sAyCzDs=| ExpireMatchTimerElapsed started
2016-02-27 02:59:04,770 [72] [INFO] |MzQTO+g8hCYiyFHYjmftNikHHXo=| ExpireMatchTimerElapsed started
2016-02-27 03:04:10,394 [30] [INFO] |z2xB1Cdx9LbNp/y/MsL/6SBoKk4=| ExpireMatchTimerElapsed started
2016-02-27 03:09:12,798 [81] [INFO] |yjnCMAOe4a2Je80xMDR0P94m7LQ=| ExpireMatchTimerElapsed started
2016-02-27 03:14:13,018 [48] [INFO] |Mra06LzKzD+d/zIN7oKTr+Nr6cI=| ExpireMatchTimerElapsed started
2016-02-27 03:19:13,505 [80] [INFO] |e8eUCw3WIKKU/xjVQk/Mh82ajSA=| ExpireMatchTimerElapsed started
2016-02-27 03:24:14,125 [67] [INFO] |8e4IdAv0vMsZSSCADrqCo40QAWs=| ExpireMatchTimerElapsed started
2016-02-27 03:29:13,895 [72] [INFO] |lU78Qjx8Tu39Oy29QWEqUgeks4s=| ExpireMatchTimerElapsed started
2016-02-27 03:34:13,736 [47] [INFO] |+TCCWQ2xxapqZ4kEfNh8p7rfJ6Q=| ExpireMatchTimerElapsed started
2016-02-27 03:39:13,963 [8] [INFO] |SzF1j36fzE6pn78DH0itllMTMV8=| ExpireMatchTimerElapsed started
2016-02-27 03:44:14,094 [8] [INFO] |NXYv5vQ9O1NtEIJQGFIfk/+BZBo=| ExpireMatchTimerElapsed started
2016-02-27 03:49:13,720 [48] [INFO] |/CD0P2XQHh3GvcyW47UlwjUFP3Q=| ExpireMatchTimerElapsed started
2016-02-27 03:54:13,812 [54] [INFO] |prz2sh9qwoVoX8qa2kf0a8WN7ZU=| ExpireMatchTimerElapsed started
2016-02-27 03:59:14,110 [20] [INFO] |lNp6IiS1ZbjACPq0NASQJV+RjQg=| ExpireMatchTimerElapsed started
2016-02-27 04:04:13,666 [68] [INFO] |5Z5KH+Yzrf1fI2wKub7p1HFSZmE=| ExpireMatchTimerElapsed started
2016-02-27 04:09:13,559 [34] [INFO] |LE4SnMgXPzUy7SzWiUdm6lWqiA8=| ExpireMatchTimerElapsed started
2016-02-27 04:14:13,681 [17] [INFO] |TM6t/osf0Nhcc+LI9EiOm1LFppk=| ExpireMatchTimerElapsed started
2016-02-27 04:19:13,663 [67] [INFO] |jQhXHPoIEgF2/f+/aTTEAiO3T8U=| ExpireMatchTimerElapsed started
2016-02-27 04:24:13,401 [69] [INFO] |z+KH9QG3mZSsXB6Q2aRMaURBCBc=| ExpireMatchTimerElapsed started
2016-02-27 04:29:13,465 [18] [INFO] |AvJNoiOTgv3zSkm2FRHxwBtyy/I=| ExpireMatchTimerElapsed started
2016-02-27 04:34:13,638 [66] [INFO] |2Tiy0VglmvBrVt2OggwpI8x0HLg=| ExpireMatchTimerElapsed started
2016-02-27 04:39:13,333 [55] [INFO] |iP/H4e+xnSc7hh123VejCBOaWyU=| ExpireMatchTimerElapsed started
2016-02-27 04:44:13,360 [31] [INFO] |IBHHEAtPVpOgbMbsa7Y5+LBF9zQ=| ExpireMatchTimerElapsed started
2016-02-27 04:49:13,420 [21] [INFO] |tHx0sCyttaDL/21EgYjegOqc5Fk=| ExpireMatchTimerElapsed started
2016-02-27 04:54:13,466 [27] [INFO] |ptTEAlDcUoeHRF3t/KLt2WIQ/AM=| ExpireMatchTimerElapsed started
2016-02-27 04:59:13,364 [68] [INFO] |mCjcP0dI+zousNIfeZ55xiGrOSU=| ExpireMatchTimerElapsed started
2016-02-27 05:04:13,424 [27] [INFO] |YaL9KgatCPg3PVtUtx3fJcV2u/A=| ExpireMatchTimerElapsed started
2016-02-27 05:09:13,516 [70] [INFO] |wSbftBEJR6w3YjuGGqQ583pmuwQ=| ExpireMatchTimerElapsed started
2016-02-27 05:14:13,415 [71] [INFO] |1XJ8hM1HcqwwtrWcC+5xiuP3ZRk=| ExpireMatchTimerElapsed started
2016-02-27 05:19:13,441 [29] [INFO] |3YEBvwtHimVsMysn7GsjYy885wo=| ExpireMatchTimerElapsed started
2016-02-27 05:24:13,538 [80] [INFO] |24Hfwn0IyYRm80PKWd48V4GXwqM=| ExpireMatchTimerElapsed started
2016-02-27 05:29:13,619 [80] [INFO] |p2VBZCJJqoNZYyhdLTPEDnHzn+I=| ExpireMatchTimerElapsed started
2016-02-27 05:34:13,713 [73] [INFO] |LFkQYds+NbF1g/6vG/poiyy3W0w=| ExpireMatchTimerElapsed started
2016-02-27 05:39:13,806 [31] [INFO] |rSCu9H8fr1tZs6VPyRQjMNTVOYo=| ExpireMatchTimerElapsed started
2016-02-27 05:44:13,744 [45] [INFO] |jwjotQS2ZJWJgaHDlqlY+a2HYmU=| ExpireMatchTimerElapsed started
2016-02-27 05:49:13,503 [31] [INFO] |MvSmOWuNrYmXlSni/YkOAK+XZkc=| ExpireMatchTimerElapsed started
2016-02-27 05:54:13,457 [51] [INFO] |zqAVYcoX9IX8EEbytQtajO7xwAw=| ExpireMatchTimerElapsed started
2016-02-27 05:59:13,488 [71] [INFO] |Qrw7b53FQncouA3P/HLhwYWSlIU=| ExpireMatchTimerElapsed started
2016-02-27 06:04:13,567 [80] [INFO] |dbJi1DylI+O+Rx9IKo0Z5u+MjjY=| ExpireMatchTimerElapsed started
2016-02-27 06:09:13,629 [76] [INFO] |WvAzzOv/juR2ay/VexP1Gsc7NLU=| ExpireMatchTimerElapsed started
2016-02-27 06:14:13,772 [16] [INFO] |/gQVPhm29Da0O47fvqdI8l8VHh8=| ExpireMatchTimerElapsed started
2016-02-27 06:19:13,702 [41] [INFO] |qmJw2y62odqr+2ct/GKrOuJ1Bpg=| ExpireMatchTimerElapsed started
2016-02-27 06:24:13,573 [32] [INFO] |maWKpG0eqdF5YeS28gWjlgZY/oI=| ExpireMatchTimerElapsed started
2016-02-27 06:29:13,597 [32] [INFO] |RjVPu1GOdTPcrxF23qwe0MTrEzk=| ExpireMatchTimerElapsed started
2016-02-27 06:34:13,636 [78] [INFO] |BDxsqwK3ozPvoYEGlhRb303g91A=| ExpireMatchTimerElapsed started
2016-02-27 06:39:13,708 [70] [INFO] |5i2BTx7Ym1YOkQOLwHWAf4DnjJI=| ExpireMatchTimerElapsed started
2016-02-27 06:44:13,740 [65] [INFO] |YhTMWjzOxJD6efCqVYncvN2IyCY=| ExpireMatchTimerElapsed started
2016-02-27 06:49:13,807 [63] [INFO] |zfUqp9DNRPUUJ70jpIujpQeJ6hg=| ExpireMatchTimerElapsed started
2016-02-27 06:54:13,783 [63] [INFO] |eJREniwCUTlNa/E/+LCEawfW5LQ=| ExpireMatchTimerElapsed started
2016-02-27 06:59:13,662 [75] [INFO] |OVA0Zppt4Uc6Luo8U36JIwCdReM=| ExpireMatchTimerElapsed started
2016-02-27 07:04:13,697 [44] [INFO] |1EMXvTSF5DMB2aCkjnAN94jdVWA=| ExpireMatchTimerElapsed started
2016-02-27 07:09:13,737 [66] [INFO] |DPvK8LcW6G9zL0FSeOCvwrUfxfA=| ExpireMatchTimerElapsed started
2016-02-27 07:14:13,788 [32] [INFO] |UQsUe5vFxDC2y4VAjyausT7IDO8=| ExpireMatchTimerElapsed started
2016-02-27 07:19:13,936 [26] [INFO] |2AYxD+8LcBZ7EyWwA/pgf2qKYss=| ExpireMatchTimerElapsed started
2016-02-27 07:24:13,929 [32] [INFO] |L0N8J0w/Jg++hB1aTgOzm0Uzv98=| ExpireMatchTimerElapsed started
2016-02-27 07:29:13,919 [71] [INFO] |58bL/CECzbzdYKi0MvTWH10Pn48=| ExpireMatchTimerElapsed started
2016-02-27 07:34:13,957 [44] [INFO] |mvmRJVheEgYDQ2+VAOGK7L/4FqQ=| ExpireMatchTimerElapsed started
2016-02-27 07:39:14,023 [66] [INFO] |wVmgSfjtHGM4a69FgyJ9R2krW98=| ExpireMatchTimerElapsed started
2016-02-27 07:44:14,101 [44] [INFO] |pRW1ximF2jvYSD+HDaJq5IWjOuc=| ExpireMatchTimerElapsed started
2016-02-27 07:49:14,162 [36] [INFO] |J0je09rusQc/mb58srd6/gPypVU=| ExpireMatchTimerElapsed started
2016-02-27 07:54:14,182 [36] [INFO] |uHcHjXGbkE6HZXi2fKc8QOcBovE=| ExpireMatchTimerElapsed started
2016-02-27 07:59:14,247 [43] [INFO] |+Lxk/dwKqxv4WNvxGMN4r6FM04c=| ExpireMatchTimerElapsed started
2016-02-27 08:04:14,152 [33] [INFO] |n5W/vo1AhMXUkl0mVmzXa6PY3GQ=| ExpireMatchTimerElapsed started
2016-02-27 08:09:14,179 [38] [INFO] |nSA4YCMwC16Ra7mX0eDwaqB+e9s=| ExpireMatchTimerElapsed started
2016-02-27 08:14:14,230 [71] [INFO] |JPs1uKoviJC2TEr+Mxb/D1nhFvk=| ExpireMatchTimerElapsed started
2016-02-27 08:19:14,253 [60] [INFO] |sBP3YeabvOICw+aganfdpCiW19Q=| ExpireMatchTimerElapsed started
2016-02-27 08:24:14,316 [21] [INFO] |FISUfwJJTMRb/8xGXahRwbdRMQc=| ExpireMatchTimerElapsed started
2016-02-27 08:29:14,410 [57] [INFO] |pTAVQNs6cJIOftcFebb21A0JDRw=| ExpireMatchTimerElapsed started
2016-02-27 08:34:14,362 [6] [INFO] |SMN9MG1s0mJK03C+H8uIoUqtKNw=| ExpireMatchTimerElapsed started
2016-02-27 08:39:14,262 [16] [INFO] |yPgKz0uDAJ0Mku6Pj1apRO7+GKU=| ExpireMatchTimerElapsed started
2016-02-27 08:44:14,353 [52] [INFO] |GoqKaylFN1rZNPJkHlF6wBd3jwo=| ExpireMatchTimerElapsed started
2016-02-27 08:49:14,311 [25] [INFO] |H40sMGizv07QHXtRgW8BGaoATTc=| ExpireMatchTimerElapsed started
2016-02-27 08:54:14,314 [36] [INFO] |Pq1olWrOGhBKmuD2k4W6KY6I9qA=| ExpireMatchTimerElapsed started
2016-02-27 08:59:14,299 [57] [INFO] |+i3uwIGghi0IS8eSCkwOyoAoh1s=| ExpireMatchTimerElapsed started
2016-02-27 09:04:14,315 [83] [INFO] |h9xZI9qntP0sTXvQnBZQ5eNYSbU=| ExpireMatchTimerElapsed started
2016-02-27 09:09:14,367 [21] [INFO] |0Ywoki3YFxZcLL3Pm5FeYxwoMXA=| ExpireMatchTimerElapsed started
2016-02-27 09:14:14,407 [68] [INFO] |ir3asXz6ngLV3koKhouGeK4xglw=| ExpireMatchTimerElapsed started
2016-02-27 09:19:14,453 [58] [INFO] |4L7WSMphEjcVQ0fpblpsP0alTwg=| ExpireMatchTimerElapsed started
2016-02-27 09:24:14,465 [54] [INFO] |NFT/cMO2XSKuIPKcO6e/QZsxmPw=| ExpireMatchTimerElapsed started
2016-02-27 09:29:14,517 [17] [INFO] |qLqmNA4khjqoTQMpoRfbcY5VaDU=| ExpireMatchTimerElapsed started
2016-02-27 09:34:14,539 [61] [INFO] |gx5lWL9EFKmEvIlTN7u2OKN5e8A=| ExpireMatchTimerElapsed started
2016-02-27 09:39:14,580 [76] [INFO] |uyvp6DFTvSYk1q6F+mLyjcGK9t4=| ExpireMatchTimerElapsed started
2016-02-27 09:44:14,535 [76] [INFO] |/Fm5CcljFA+J6n3e0sxiN+D75cY=| ExpireMatchTimerElapsed started
2016-02-27 09:49:14,500 [79] [INFO] |mVRzwrXpbc4O/9+B9ZCE/rdwM8U=| ExpireMatchTimerElapsed started
2016-02-27 09:54:14,502 [47] [INFO] |jmRIWquJH+F6XpVTEyPr3cRWpRQ=| ExpireMatchTimerElapsed started
2016-02-27 09:59:14,537 [82] [INFO] |B67SLqX2HYeG3+jOTnzPRFygUgM=| ExpireMatchTimerElapsed started
2016-02-27 10:04:14,623 [47] [INFO] |uIKRPBC6BOnufLpL9wSLiiZnc4M=| ExpireMatchTimerElapsed started
2016-02-27 10:09:14,616 [37] [INFO] |ezA3xpudehzbQ2WllRqnJq2UdNQ=| ExpireMatchTimerElapsed started
2016-02-27 10:14:14,664 [37] [INFO] |7ckeO8vDhOa0EZSdb6+ynZH2AQQ=| ExpireMatchTimerElapsed started
2016-02-27 10:19:14,676 [60] [INFO] |ylzbcoWRQ2fWLEbrDzf/8fjY7Cc=| ExpireMatchTimerElapsed started
2016-02-27 10:24:14,746 [51] [INFO] |tt4mfK3ywj7Ivmf3F8Ug38Sz7kU=| ExpireMatchTimerElapsed started
2016-02-27 10:29:14,766 [26] [INFO] |hx+L6WoGMAvO/RpEg22Y4GZsUkg=| ExpireMatchTimerElapsed started
2016-02-27 10:34:14,806 [31] [INFO] |LqoNXGxzRYKnmjZsiMb/Zg8ajNc=| ExpireMatchTimerElapsed started
2016-02-27 10:39:14,869 [77] [INFO] |FwXzBIK54F51crUHHIcTNgSS5fw=| ExpireMatchTimerElapsed started
2016-02-27 10:44:15,006 [39] [INFO] |gZXi1wmkyHQVUjNay0TuG76mJzw=| ExpireMatchTimerElapsed started
2016-02-27 10:49:15,114 [74] [INFO] |6BxuvoLsIRi68YkFE2fYQ9By1Ao=| ExpireMatchTimerElapsed started
2016-02-27 10:54:14,827 [60] [INFO] |y25gs/E1LWFtOVjbGn11C9Pn74Q=| ExpireMatchTimerElapsed started
2016-02-27 10:59:14,783 [53] [INFO] |egGi+Zmdw8Cv9iU1juA1tG84VPE=| ExpireMatchTimerElapsed started
2016-02-27 11:04:14,745 [20] [INFO] |2SJD0MUruyKuTJhjLm6OmpFWNns=| ExpireMatchTimerElapsed started
2016-02-27 11:09:14,815 [20] [INFO] |gmhxaqSyVkAkjYrm3eyfGfhUWls=| ExpireMatchTimerElapsed started
2016-02-27 11:14:14,779 [73] [INFO] |6MJyt9Q2sWupgd9kOEOprgBFK5s=| ExpireMatchTimerElapsed started
2016-02-27 11:19:14,790 [71] [INFO] |pZ+SJcJl1nGnSXfQEqWBSmimH7g=| ExpireMatchTimerElapsed started
2016-02-27 11:24:14,807 [73] [INFO] |+I6Gig6vo6gjF3l3IjQLotCC2oE=| ExpireMatchTimerElapsed started
2016-02-27 11:29:14,813 [20] [INFO] |HAsSqkGpizzJBBxofEn0J7KswGo=| ExpireMatchTimerElapsed started
2016-02-27 11:34:14,829 [42] [INFO] |Dg8NdTVSaPgRsNJY9xnUqUcZ86I=| ExpireMatchTimerElapsed started
2016-02-27 11:39:14,880 [61] [INFO] |MDJc6MecEjXCeaTKcsNwRaEbxRk=| ExpireMatchTimerElapsed started
2016-02-27 11:44:14,886 [37] [INFO] |eAHGiHiKixkjRxYEj80o9cAL6wY=| ExpireMatchTimerElapsed started
2016-02-27 11:49:14,894 [69] [INFO] |o4rCJ4z6l7Ra3aPW7fc3dZszbGY=| ExpireMatchTimerElapsed started
2016-02-27 11:54:14,946 [71] [INFO] |qYXfP62N/YaNtNr09BryZBWiYcQ=| ExpireMatchTimerElapsed started
2016-02-27 11:59:15,005 [65] [INFO] |YGT7tgqOtVqorMKNjlopEmNw8Po=| ExpireMatchTimerElapsed started
2016-02-27 12:04:15,132 [73] [INFO] |hsr22POKpEpnm5iWz+K+T+PKG+Y=| ExpireMatchTimerElapsed started
2016-02-27 12:09:15,173 [61] [INFO] |vFpPbtlKKXdEmz/gnVAXSERE3kU=| ExpireMatchTimerElapsed started
2016-02-27 12:14:15,251 [6] [INFO] |RCsZhab2Rac52y4LW9lSO127P+E=| ExpireMatchTimerElapsed started
2016-02-27 12:19:15,315 [62] [INFO] |ARM2hHLfG8qSgXZSx1Srfc4dJdk=| ExpireMatchTimerElapsed started
2016-02-27 12:24:15,304 [49] [INFO] |mNz84J9a6pap34jEMtrYDpfh0N0=| ExpireMatchTimerElapsed started
2016-02-27 12:29:15,352 [61] [INFO] |pZBmmUtx5VO7dr8Suup5eQ+zyYU=| ExpireMatchTimerElapsed started
2016-02-27 12:34:15,409 [49] [INFO] |EwqHYu389K1t2nDBYm+RjUqES0U=| ExpireMatchTimerElapsed started
2016-02-27 12:39:15,391 [70] [INFO] |TkYIETccE8f8V9mQq2qauZX00EM=| ExpireMatchTimerElapsed started
2016-02-27 12:44:15,437 [76] [INFO] |x77xTLHZPUJEdbcDVzg7dNGvt40=| ExpireMatchTimerElapsed started
2016-02-27 12:49:15,456 [75] [INFO] |VkasEueIZdo0zHgN7YpeRymsjyw=| ExpireMatchTimerElapsed started
2016-02-27 12:54:15,478 [43] [INFO] |amdtjoYgI0nalzXx4oQiAflncx8=| ExpireMatchTimerElapsed started
2016-02-27 12:59:15,513 [25] [INFO] |bALTyf/JvmvAqGy1/hGrWRVk7bQ=| ExpireMatchTimerElapsed started
2016-02-27 13:04:15,532 [44] [INFO] |6+k/sbWz1eOzS7nmErnSytgi6SY=| ExpireMatchTimerElapsed started
2016-02-27 13:09:15,606 [37] [INFO] |a25JckJ2CSNK6l5p5lJxYPWUH/c=| ExpireMatchTimerElapsed started
2016-02-27 13:14:15,585 [41] [INFO] |eG314iQC1Lamt+4fBdxFr+mmfKE=| ExpireMatchTimerElapsed started
2016-02-27 13:19:15,588 [42] [INFO] |9kWTw1rVWfgiHxACKqFT2YRBQ6A=| ExpireMatchTimerElapsed started
2016-02-27 13:24:15,660 [27] [INFO] |NwTsWYJeiW5X7PpEUyMh3wGK1fs=| ExpireMatchTimerElapsed started
2016-02-27 13:29:15,700 [74] [INFO] |yxPkgV262uctnOMlPzQ/jpKVNOY=| ExpireMatchTimerElapsed started
2016-02-27 13:34:15,664 [72] [INFO] |2Ln1WDUl5urGdbzqyW4+V2u/Tc8=| ExpireMatchTimerElapsed started
2016-02-27 13:39:15,712 [51] [INFO] |wXE/TlON42PxFzrbXfNX1zs7lI8=| ExpireMatchTimerElapsed started
2016-02-27 13:44:15,742 [92] [INFO] |LW/vJe9qCpyRD6Q+5DHLcbPR3m8=| ExpireMatchTimerElapsed started
2016-02-27 13:49:15,763 [44] [INFO] |7QRKJUZ6VCR41UKmb8rHFWWqnEc=| ExpireMatchTimerElapsed started
2016-02-27 13:54:15,815 [41] [INFO] |vG33J3gAUXaPu+XLTk6uty/pe7M=| ExpireMatchTimerElapsed started
2016-02-27 13:59:15,859 [41] [INFO] |0GjqrP33nG92MweMBHDbCqlv1B4=| ExpireMatchTimerElapsed started
2016-02-27 14:04:15,892 [34] [INFO] |ij4RBV6wjuawW75wde6U/wTri28=| ExpireMatchTimerElapsed started
2016-02-27 14:09:15,907 [65] [INFO] |5Y1CpgCLFzoMZX3u2L1Oy0IHC9g=| ExpireMatchTimerElapsed started
2016-02-27 14:14:15,938 [77] [INFO] |5cV5Hoo9zk1VlYMQLn1GKFAgNf0=| ExpireMatchTimerElapsed started
2016-02-27 14:19:15,929 [19] [INFO] |zdYg2AvvkLdSFRBqC6i+/yII2Iw=| ExpireMatchTimerElapsed started
2016-02-27 14:24:15,904 [77] [INFO] |6Mwjc1AO+j4YHz/irQ3QJkBVqRs=| ExpireMatchTimerElapsed started
2016-02-27 14:29:15,909 [39] [INFO] |idP1kcV4KBE1wD0tRBFp3lbN01I=| ExpireMatchTimerElapsed started
2016-02-27 14:34:15,916 [79] [INFO] |OSt7/hgDLIkB+YrvJDeSUKdgdII=| ExpireMatchTimerElapsed started
2016-02-27 14:39:16,022 [32] [INFO] |GBYhkdnKgqTVp9TenBPQumVIwuY=| ExpireMatchTimerElapsed started
2016-02-27 14:44:16,054 [19] [INFO] |JoR3zka5WXX2bUpJmQwFnzF120U=| ExpireMatchTimerElapsed started
2016-02-27 14:49:16,096 [50] [INFO] |amDRAUmCDiI/hG6XB3Mx3+o001Q=| ExpireMatchTimerElapsed started
2016-02-27 14:54:16,126 [17] [INFO] |WlumaPf0RS3wDscDv8RhaZMGThE=| ExpireMatchTimerElapsed started
2016-02-27 14:59:16,128 [51] [INFO] |LgxxnJpBC9QKw9zXxXXA4uOzezI=| ExpireMatchTimerElapsed started
2016-02-27 15:04:16,178 [51] [INFO] |w/KULTdx/1uZgdt69gvB7aRB58k=| ExpireMatchTimerElapsed started
2016-02-27 15:09:16,250 [47] [INFO] |qMw/G4OiOcs4B7E9K4PoiZgO1Tw=| ExpireMatchTimerElapsed started
2016-02-27 15:14:16,245 [69] [INFO] |eyqjSvRDHgQQMGg4TGvqU0UE8Jo=| ExpireMatchTimerElapsed started
2016-02-27 15:19:16,254 [28] [INFO] |j9szAOjwT2cmPZx2EngVX+iI+gY=| ExpireMatchTimerElapsed started
2016-02-27 15:24:16,224 [62] [INFO] |Cckl7qDsftvxjZ1jVUvVfs3D2Fc=| ExpireMatchTimerElapsed started
2016-02-27 15:29:16,121 [38] [INFO] |f5Xx0MDWHZ4ilmn2N5rBY9AmpKY=| ExpireMatchTimerElapsed started
2016-02-27 15:34:16,076 [62] [INFO] |ySNnoseeWL06+UDbQ26uooCGrMc=| ExpireMatchTimerElapsed started
2016-02-27 15:39:16,103 [39] [INFO] |L8fnf0iJV3qZkKkLPKOGt+ijAJE=| ExpireMatchTimerElapsed started
2016-02-27 15:44:16,131 [62] [INFO] |/5jbqUz5Pkf4k4oR+ieSjEZfy3k=| ExpireMatchTimerElapsed started
2016-02-27 15:49:16,160 [74] [INFO] |jWTSauF2RRG7S310qLrGtXN/je8=| ExpireMatchTimerElapsed started
2016-02-27 15:54:16,183 [17] [INFO] |F0wDDCWsWscpIel482DTNftZ9Rs=| ExpireMatchTimerElapsed started
2016-02-27 15:59:16,196 [16] [INFO] |I8VxH/MN4kPcPjFjKi26tTBtn+c=| ExpireMatchTimerElapsed started
2016-02-27 16:04:16,197 [47] [INFO] |1lngyNCgBtuEDJHDcP/BS3i2FVY=| ExpireMatchTimerElapsed started
2016-02-27 16:09:16,219 [29] [INFO] |PWMgQyoNDAqNqNgmuiQDbokplFo=| ExpireMatchTimerElapsed started
2016-02-27 16:14:16,231 [16] [INFO] |c+G8nZURW36gAPLgCdEeTZbQdQY=| ExpireMatchTimerElapsed started
2016-02-27 16:19:16,238 [20] [INFO] |rsbPIeG+ja/C0sw0V3dKtvnjcts=| ExpireMatchTimerElapsed started
2016-02-27 16:24:16,259 [32] [INFO] |Lo+jEEtTYkNr5+vD56vCeJw3UNA=| ExpireMatchTimerElapsed started
2016-02-27 16:29:16,334 [72] [INFO] |wD+Y/HXvE8tt8bbVuYVOAu2wEHU=| ExpireMatchTimerElapsed started
2016-02-27 16:34:16,363 [60] [INFO] |G7ipv1Hf9kLH1F68pM4nsPs3PQ4=| ExpireMatchTimerElapsed started
2016-02-27 16:39:16,383 [82] [INFO] |GS/SWqHmny71F8mZJHqDI7FOrVU=| ExpireMatchTimerElapsed started
2016-02-27 16:44:16,414 [52] [INFO] |CTDdmsY96TuIoADBzuCXM7VWqGQ=| ExpireMatchTimerElapsed started
2016-02-27 16:49:16,432 [61] [INFO] |p+I0zWylTwlb4bNQn+ngjZ9GQFg=| ExpireMatchTimerElapsed started
2016-02-27 16:54:16,435 [67] [INFO] |sRMtBrfVNR29Nn+ffAx6N5iZB7Y=| ExpireMatchTimerElapsed started
2016-02-27 16:59:16,486 [75] [INFO] |RWbleJmAlIBenDPvSCHQTC3ie8g=| ExpireMatchTimerElapsed started
2016-02-27 17:04:16,481 [67] [INFO] |YHKTxLka9A0UiGq94etjqaUIGpw=| ExpireMatchTimerElapsed started
2016-02-27 17:09:16,492 [17] [INFO] |83mGyy/uCw4hdtA15bNNfFa/6ls=| ExpireMatchTimerElapsed started
2016-02-27 17:14:16,580 [38] [INFO] |dVaDH/VquwndFz0WEPqVDpeT95Y=| ExpireMatchTimerElapsed started
2016-02-27 17:19:16,660 [41] [INFO] |SCumjbh0J//6z9F1RYaXED7M7w8=| ExpireMatchTimerElapsed started
2016-02-27 17:24:16,654 [30] [INFO] |Qmxzs4MR2N6Cx15R+kEixR07wiU=| ExpireMatchTimerElapsed started
2016-02-27 17:29:16,693 [79] [INFO] |oVmIBwI6OBjc/DqC/R9lET2xx88=| ExpireMatchTimerElapsed started
2016-02-27 17:34:16,699 [79] [INFO] |uAWX6r23RVax0lg/SsHEWE50fyg=| ExpireMatchTimerElapsed started
2016-02-27 17:39:16,727 [79] [INFO] |PYSELtspRLOCWPydO5br72yd+5M=| ExpireMatchTimerElapsed started
2016-02-27 17:44:16,751 [40] [INFO] |fDn2vBjovtH0rOvcu/78N/ECd3Y=| ExpireMatchTimerElapsed started
2016-02-27 17:49:16,785 [27] [INFO] |5qko60SkOKbbZI8A2W4dn8OfOzA=| ExpireMatchTimerElapsed started
2016-02-27 17:54:16,803 [62] [INFO] |H6zmuuZ/Am6CQ2MLFUzWHLKAfaU=| ExpireMatchTimerElapsed started
2016-02-27 17:59:16,858 [70] [INFO] |80nUPeFwIRsafhOMNdgM8WAfPR4=| ExpireMatchTimerElapsed started
2016-02-27 18:04:16,838 [39] [INFO] |X52FihDs2pPgREn2SJqL0RrFl8E=| ExpireMatchTimerElapsed started
2016-02-27 18:09:16,820 [36] [INFO] |RkMtiLej9TeuaqLvt4D6LO/eea4=| ExpireMatchTimerElapsed started
2016-02-27 18:14:16,871 [36] [INFO] |JGYGCRMrQwVjbFDufUX4ukrzOvA=| ExpireMatchTimerElapsed started
2016-02-27 18:19:16,854 [70] [INFO] |+tzlcZRJDzUobvsXM8sdsHlVnhU=| ExpireMatchTimerElapsed started
2016-02-27 18:24:16,863 [70] [INFO] |4EWlw0PP1QBcV9zJvh18fNum6NE=| ExpireMatchTimerElapsed started
2016-02-27 18:29:16,884 [26] [INFO] |eBNsWJeC0+BDUFCF81VQz8r73Mg=| ExpireMatchTimerElapsed started
2016-02-27 18:34:16,916 [34] [INFO] |/TbIDXGcO7pEJR2RECk09+2DbLA=| ExpireMatchTimerElapsed started
2016-02-27 18:39:16,966 [37] [INFO] |mEgGdACUS7dmcNJNZcYLdmvoWaY=| ExpireMatchTimerElapsed started
2016-02-27 18:44:17,026 [6] [INFO] |hakUlB99ZRoTtx44Je0YNpE47UY=| ExpireMatchTimerElapsed started
2016-02-27 18:49:17,038 [45] [INFO] |+SJd2WGA7gzS+EOmR8GDVhxAz6c=| ExpireMatchTimerElapsed started
2016-02-27 18:54:17,025 [45] [INFO] |FAB/liLENWK6bXN1YdaPH0vfw2k=| ExpireMatchTimerElapsed started
2016-02-27 18:59:17,169 [45] [INFO] |TX/U0g5B+6L9/JeV6C/hnInq2HQ=| ExpireMatchTimerElapsed started
2016-02-27 19:04:17,185 [67] [INFO] |eHbKa0NsA1FX6BuCO3oEt1dy/kk=| ExpireMatchTimerElapsed started
2016-02-27 19:09:14,196 [16] [INFO] |Tpa3+9eym+d5aSu4WfVezimt+uM=| Daily timer for SDK version 2.3.6.0 - system uptime 2.05:48:02.0470000, process uptime 1.00:17:49.2778696
2016-02-27 19:09:17,201 [65] [INFO] |pfVirH0/bEoScU8pu6xehGMOnTI=| ExpireMatchTimerElapsed started
2016-02-27 19:14:17,196 [51] [INFO] |gsFxlmueeWzZXrETM+KZOqD4j6o=| ExpireMatchTimerElapsed started
2016-02-27 19:19:17,241 [20] [INFO] |sTORKQ8UGMyrloiWf5T5R+infS0=| ExpireMatchTimerElapsed started
2016-02-27 19:24:17,276 [26] [INFO] |xIGY5brSmC/lFkTWYPWBfXiSMWI=| ExpireMatchTimerElapsed started
2016-02-27 19:29:17,302 [42] [INFO] |SQzlToTDfwcXl/wZrmlHfV/X5RM=| ExpireMatchTimerElapsed started
2016-02-27 19:34:17,348 [45] [INFO] |MWa1gTnacP4ieECAruG5DF4elv0=| ExpireMatchTimerElapsed started
2016-02-27 19:39:17,355 [20] [INFO] |DWvbx4ZjxzAlxxE5ppQBAeGDqYg=| ExpireMatchTimerElapsed started
2016-02-27 19:44:17,424 [25] [INFO] |BMd5NV1/5yT38Xh0rYyOP96GEeU=| ExpireMatchTimerElapsed started
2016-02-27 19:49:17,453 [69] [INFO] |LCmuXSaSldypcX3tT2ZTz1QuoAU=| ExpireMatchTimerElapsed started
2016-02-27 19:54:17,463 [67] [INFO] |bP8YrtEZD713nXajSnicS34L340=| ExpireMatchTimerElapsed started
2016-02-27 19:59:17,516 [56] [INFO] |pKBiDzKBIatCib0tCt7NTdOK5YQ=| ExpireMatchTimerElapsed started
2016-02-27 20:04:17,514 [79] [INFO] |cEKB2VCeM68w8+nT1zpRsGvqBf0=| ExpireMatchTimerElapsed started
2016-02-27 20:09:17,535 [66] [INFO] |g8yVdU4BCClD1SMSGI4PWOh1vis=| ExpireMatchTimerElapsed started
2016-02-27 20:14:17,569 [41] [INFO] |AGXMPj4cFkzcPS3zMouaneRdpIw=| ExpireMatchTimerElapsed started
2016-02-27 20:19:17,681 [30] [INFO] |NDv+E6BzUufBACcGU7ZC5fJqxb0=| ExpireMatchTimerElapsed started
2016-02-27 20:24:17,646 [19] [INFO] |9VYitPqRKd7a8hLOwhJn/vPt4xM=| ExpireMatchTimerElapsed started
2016-02-27 20:29:17,760 [19] [INFO] |A5e+wmHT6qpPbWClYJWh0V9RYSY=| ExpireMatchTimerElapsed started
2016-02-27 20:34:17,752 [74] [INFO] |8r4ibrl5TDKEpTv1xByaIBnM67w=| ExpireMatchTimerElapsed started
2016-02-27 20:39:17,763 [28] [INFO] |TsLjwIzC4erGSSaDpmMfFczpG+A=| ExpireMatchTimerElapsed started
2016-02-27 20:44:17,759 [39] [INFO] |I8dLd51Cv8AHcRbtnQmd53uUWwk=| ExpireMatchTimerElapsed started
2016-02-27 20:49:17,783 [6] [INFO] |ezykyA3AmYlrJS6YS7wtGxFahwQ=| ExpireMatchTimerElapsed started
2016-02-27 20:54:17,840 [32] [INFO] |YnYATM1cdKRnX8LJuPRgCS0qup8=| ExpireMatchTimerElapsed started
2016-02-27 20:59:17,814 [80] [INFO] |HBgx6JzEWuAKEWj6McsTZHTvZKU=| ExpireMatchTimerElapsed started
2016-02-27 21:04:17,825 [73] [INFO] |c9qvJN522j4Mlp24E3a3ytfHmcc=| ExpireMatchTimerElapsed started
2016-02-27 21:09:17,845 [72] [INFO] |usvzH6SHOu0xis85fGB7Un9ccCs=| ExpireMatchTimerElapsed started
2016-02-27 21:14:17,867 [17] [INFO] |nuMqHmsEHajgC8DzE3wi5uRg0FM=| ExpireMatchTimerElapsed started
2016-02-27 21:19:17,907 [17] [INFO] |vjyWxhFh97wutzj6rc3Rd71jhxg=| ExpireMatchTimerElapsed started
2016-02-27 21:24:17,931 [43] [INFO] |kuA3W+EiBvo0udlW9Iw92SlHL8M=| ExpireMatchTimerElapsed started
2016-02-27 21:29:17,986 [43] [INFO] |uYL0GJf7r+WkAL2XwOSH+0E0tnM=| ExpireMatchTimerElapsed started
2016-02-27 21:34:18,084 [70] [INFO] |D+wiue1DXkmoVXQ4orkoJA+Hh30=| ExpireMatchTimerElapsed started
2016-02-27 21:39:18,108 [37] [INFO] |h68G6ovujoS54BvrDTux75vZHHQ=| ExpireMatchTimerElapsed started
2016-02-27 21:44:18,126 [68] [INFO] |oEGw2Lh1qpJ1ov9EIV/OSr5pSq4=| ExpireMatchTimerElapsed started
2016-02-27 21:49:18,231 [51] [INFO] |FF7CILNNd6cmX3VI6BDqpYsht2g=| ExpireMatchTimerElapsed started
2016-02-27 21:54:18,289 [43] [INFO] |FDQzVJlQwmlX92E7s/N7K7tflxw=| ExpireMatchTimerElapsed started
2016-02-27 21:59:18,325 [28] [INFO] |PS+CKvlKprGiptqcSSlNcHxLn/k=| ExpireMatchTimerElapsed started
2016-02-27 22:04:18,318 [66] [INFO] |PY7fR7eCGdvzY0f5FUNnjXTYbWo=| ExpireMatchTimerElapsed started
2016-02-27 22:09:18,348 [36] [INFO] |FPrPmSHFrOAvLSPcT0K1RpoAP+g=| ExpireMatchTimerElapsed started
2016-02-27 22:14:18,332 [44] [INFO] |hseAaI/kkheeXzE8hqo8/JgdRMg=| ExpireMatchTimerElapsed started
2016-02-27 22:19:18,430 [74] [INFO] |5moNkHOpXuwy6yCttI5/O0d7WPo=| ExpireMatchTimerElapsed started
2016-02-27 22:24:18,416 [65] [INFO] |RCxfgEaqJu9I3paI3gyGndRy5uc=| ExpireMatchTimerElapsed started
2016-02-27 22:29:18,463 [74] [INFO] |LI2pco15ej3K0WpXFhridGbpbLk=| ExpireMatchTimerElapsed started
2016-02-27 22:34:18,482 [63] [INFO] |cvqy+3fn9edO95+S2FAANSVnCUM=| ExpireMatchTimerElapsed started
2016-02-27 22:39:18,546 [54] [INFO] |eDO7T2oTxvxYYCbxDHe1CMkxgeM=| ExpireMatchTimerElapsed started
2016-02-27 22:44:18,560 [54] [INFO] |qTMOWe7oAsdcVhOsYJKGivkDzws=| ExpireMatchTimerElapsed started
2016-02-27 22:49:18,602 [54] [INFO] |2V2E8K+X/wkiCImTzI4kFaG4EIs=| ExpireMatchTimerElapsed started
2016-02-27 22:54:18,572 [58] [INFO] |bGrTQOSxYKEdyP2hIxWW4WobNDI=| ExpireMatchTimerElapsed started
2016-02-27 22:59:18,577 [58] [INFO] |EFXuytvmjOoluEoQZnvrLMCQwmw=| ExpireMatchTimerElapsed started
2016-02-27 23:04:18,596 [48] [INFO] |FUzggvHnU66iZ5kOMksmCaf1VEw=| ExpireMatchTimerElapsed started
2016-02-27 23:09:18,671 [37] [INFO] |XPiAx95OqduPbHVc6RHvOtFbEp0=| ExpireMatchTimerElapsed started
2016-02-27 23:14:18,681 [58] [INFO] |bNiAaWwUEvLrJn3RCDcoUhlL8Do=| ExpireMatchTimerElapsed started
2016-02-27 23:19:18,697 [35] [INFO] |DnngBsJ9G9BN87a4fbVMt856ABg=| ExpireMatchTimerElapsed started
2016-02-27 23:24:18,728 [51] [INFO] |gn85ioFJ/TiS9gK8R60QXcEQfmE=| ExpireMatchTimerElapsed started
2016-02-27 23:29:18,767 [78] [INFO] |uIAsUJ9F5kHCkt90kPzNGwQISG8=| ExpireMatchTimerElapsed started
2016-02-27 23:34:18,775 [75] [INFO] |Zdlije9K+TaeQPZE6YQ73sxG3vo=| ExpireMatchTimerElapsed started
2016-02-27 23:39:18,823 [6] [INFO] |vf8UjUbNYZhRT2jPHLDEILK5+Z4=| ExpireMatchTimerElapsed started
2016-02-27 23:44:18,905 [6] [INFO] |j98KzzDvCcDk7q4ZGPsXry98y3I=| ExpireMatchTimerElapsed started
2016-02-27 23:49:18,910 [77] [INFO] |eb4GOecpr7ExBvAI88rc+ePEQGg=| ExpireMatchTimerElapsed started
2016-02-27 23:54:18,949 [37] [INFO] |R/CuJLR0bl+7RyHUnSz8W10lqjM=| ExpireMatchTimerElapsed started
2016-02-27 23:59:18,921 [27] [INFO] |iRVIbfd7mnbPH14d0GxJA3U0Exs=| ExpireMatchTimerElapsed started
