2016-02-27 00:09:09,714 [8] [INFO] |Xkhf748B1uQXk94rKDYl+SjgQnE=| Next configuration update will be in 01:00:00
2016-02-27 01:09:09,746 [38] [INFO] |xp5P4pOB8ji7gqSMvK0dEkjj4F0=| Next configuration update will be in 01:00:00
2016-02-27 02:09:09,834 [29] [INFO] |q5hY6/k13DkqI8QDgrFEDP9pAec=| Next configuration update will be in 01:00:00
2016-02-27 03:09:10,645 [54] [INFO] |mCzTBrp/cwmIiAfhWf7xC6JEr+A=| Next configuration update will be in 01:00:00
2016-02-27 04:09:11,075 [68] [INFO] |uR/rUkrom6kr+iljKGNZ/H6WYpk=| Next configuration update will be in 01:00:00
2016-02-27 05:09:10,752 [53] [INFO] |vbsGoSFG7bd7qJQoTmmhAvrJymo=| Next configuration update will be in 01:00:00
2016-02-27 06:09:10,664 [80] [INFO] |Drkj8wZeMz6jKhLRy6mfhTiDZjE=| Next configuration update will be in 01:00:00
2016-02-27 07:09:10,587 [8] [INFO] |MkCGF7S6MRoDjJpzRSiPFttQxkk=| Next configuration update will be in 01:00:00
2016-02-27 08:09:10,630 [61] [INFO] |+bU8SmTW23f2YMp0KuukBWuz6yE=| Next configuration update will be in 01:00:00
2016-02-27 09:09:10,581 [21] [INFO] |0eIH56SHVPpS/aJBQ7dq82Jp8fI=| Next configuration update will be in 01:00:00
2016-02-27 10:09:10,687 [32] [INFO] |pqzGKOIzPNeHIcZ0yi793wvwm70=| Next configuration update will be in 01:00:00
2016-02-27 11:09:10,435 [20] [INFO] |OySQ/3Mz94Ruu8Ogsp/AHjCVtlI=| Next configuration update will be in 01:00:00
2016-02-27 12:09:10,585 [6] [INFO] |N1CtbBomNmRJg6ImcQ3FgkP1SSA=| Next configuration update will be in 01:00:00
2016-02-27 13:09:10,688 [40] [INFO] |OUIJ1ooE4b2y90tB0Zn/cBq4Xv0=| Next configuration update will be in 01:00:00
2016-02-27 14:09:10,755 [31] [INFO] |mTIkhTBtKySt7P6D2gLYdeJwOoA=| Next configuration update will be in 01:00:00
2016-02-27 15:09:10,757 [37] [INFO] |cBb0HdO5od+OJBShMLRXOOIEUb8=| Next configuration update will be in 01:00:00
2016-02-27 16:09:10,585 [69] [INFO] |exC+clvy/IJktsiKrcNjJ20fTrE=| Next configuration update will be in 01:00:00
2016-02-27 17:09:10,595 [39] [INFO] |34uheKjmudXD3jQLHPE2ZLH/wMo=| Next configuration update will be in 01:00:00
2016-02-27 18:09:10,611 [72] [INFO] |axn5RVeQSM5EdcNo0TPNJh9trRE=| Next configuration update will be in 01:00:00
2016-02-27 19:09:10,718 [65] [INFO] |iles8cSkZiZv3FtWA1PeHX/pMus=| Next configuration update will be in 01:00:00
2016-02-27 20:09:10,748 [41] [INFO] |AWdAlyc/Ss3pYKeCBzLAp7dTj64=| Next configuration update will be in 01:00:00
2016-02-27 21:09:10,761 [72] [INFO] |pdzwxWCzMk1cr1A94NMQUcCz+Z0=| Next configuration update will be in 01:00:00
2016-02-27 22:09:10,797 [42] [INFO] |FsIHsgRD8ttFGZvU6qnw3JDS4y8=| Next configuration update will be in 01:00:00
2016-02-27 23:09:10,719 [37] [INFO] |fTaQiZcQPsDEqoVMiYvGA+9XgHs=| Next configuration update will be in 01:00:00
