2016-02-26 12:21:12,625 [10] [INFO] |O7aehTtNF6pRUUHRwX0rFampQgk=| Next configuration update will be in 01:00:00
2016-02-26 12:22:20,681 [9] [INFO] |csHPj9iZ9+yJdQccetc4cNfbvhM=| Next configuration update will be in 01:00:00
2016-02-26 12:23:33,071 [10] [INFO] |ZHgcCoAR9oVsufFK9NegCLZOxbI=| Next configuration update will be in 01:00:00
2016-02-26 12:24:49,771 [11] [INFO] |c7Lw+INzArZGQskdmVsuCunwN64=| Next configuration update will be in 01:00:00
2016-02-26 16:01:15,262 [10] [INFO] |QHv5bZXUYiRkHMHsyvqn3FvzN20=| Next configuration update will be in 01:00:00
2016-02-26 16:03:02,889 [9] [INFO] |3OunNqkhd7BPuXddkQIa/wLEWnc=| Next configuration update will be in 01:00:00
2016-02-26 16:03:55,045 [9] [INFO] |KrfLRkGtVJ9nQFjRkMeRRcek2ig=| Next configuration update will be in 01:00:00
2016-02-26 16:06:02,932 [10] [INFO] |fwsZR2z0bz4jQWJhfKxbAC8fsSg=| Next configuration update will be in 01:00:00
2016-02-26 16:07:04,275 [10] [INFO] |qxOm6JlfXc+O+l4zctNTxU+k3Eo=| Next configuration update will be in 01:00:00
2016-02-26 16:09:05,676 [8] [INFO] |FoO+AEjm8YeTzZhzPfaZ70xduyE=| Next configuration update will be in 01:00:00
2016-02-26 16:09:35,915 [10] [INFO] |Su+MSc1Am3dzqUp1RM1rxUvKgdM=| Next configuration update will be in 01:00:00
2016-02-26 16:13:05,161 [9] [INFO] |aXOjqTvxZAK9QH9Z899NnLVdNPA=| Next configuration update will be in 01:00:00
2016-02-26 16:17:00,546 [10] [INFO] |VRkRVFn2GP2sY9pKYUlSGN4Gm1o=| Next configuration update will be in 01:00:00
2016-02-26 16:17:36,056 [9] [INFO] |xYSqshZJgagrt00sCGyDDTFOSw8=| Next configuration update will be in 01:00:00
2016-02-26 16:18:41,597 [9] [INFO] |5XqkRd6nDbBAC4hGtX04Akmw3J0=| Next configuration update will be in 01:00:00
2016-02-26 16:18:59,794 [10] [INFO] |vKEtDWaDdljpeahTVYMe8Chxh7A=| Next configuration update will be in 01:00:00
2016-02-26 16:19:55,169 [9] [INFO] |YZDxVhCDfGX89MflTmjYDE/I5gM=| Next configuration update will be in 01:00:00
2016-02-26 16:20:20,820 [9] [INFO] |uYY1xcPMY/Fil4zaLUPTH6EKo6A=| Next configuration update will be in 01:00:00
2016-02-26 16:21:12,461 [10] [INFO] |Cc6iStwOZ3sRQhYCznfSRssMK3c=| Next configuration update will be in 01:00:00
2016-02-26 16:21:48,760 [9] [INFO] |Doph5yqf1ka5VPykZn7SmSl3KxA=| Next configuration update will be in 01:00:00
2016-02-26 17:09:07,351 [9] [INFO] |A9o12RJVpjM7NrJBoRp+a4y4WfM=| Next configuration update will be in 01:00:00
2016-02-26 17:13:35,311 [1] [INFO] |hwo2n9iQkoLfd653+UC+FCx4Nw4=| Next configuration update will be in 01:00:00
2016-02-26 17:17:11,107 [9] [INFO] |Yt4xJqSiHzKUgEKFyFcAEyVO6RA=| Next configuration update will be in 01:00:00
2016-02-26 17:19:27,860 [9] [INFO] |z8wzQKp+MKwmcwS32YjEKaZMoRg=| Next configuration update will be in 01:00:00
2016-02-26 17:25:36,593 [9] [INFO] |CbOtbNWeqfTnkM65HF7Mv/iXCGM=| Next configuration update will be in 01:00:00
2016-02-26 17:34:23,052 [11] [INFO] |GRnCRGyqPi3VfJtXiNLfV6EYxsw=| Next configuration update will be in 01:00:00
2016-02-26 17:39:28,815 [8] [INFO] |8naSDlVwp43vz2B13N3EtVDwAd4=| Next configuration update will be in 01:00:00
2016-02-26 17:40:25,757 [10] [INFO] |C8sJLstc4O69smLunygv3CwUvCI=| Next configuration update will be in 01:00:00
2016-02-26 17:42:04,773 [9] [INFO] |waRwOQhpUyG78cbZsZKawJib8k4=| Next configuration update will be in 01:00:00
2016-02-26 17:43:24,467 [8] [INFO] |LbWE4s96olkgd5zKO0CRiauTKX4=| Next configuration update will be in 01:00:00
2016-02-26 17:55:12,203 [8] [INFO] |nMBZSX6MHqUfNps0pxX5mhZFwfQ=| Next configuration update will be in 01:00:00
2016-02-26 18:10:01,284 [9] [INFO] |R1h722DSQ4R4ePbbr/ajRAYPXxU=| Next configuration update will be in 01:00:00
2016-02-26 18:19:45,503 [9] [INFO] |04Sm4lwbyjy35CoxsmYg9QxFuHo=| Next configuration update will be in 01:00:00
2016-02-26 18:47:26,644 [10] [INFO] |CRvtiOtxILFr+G/FbLwK/e7paZ0=| Next configuration update will be in 01:00:00
2016-02-26 18:49:47,134 [9] [INFO] |msmez2n0DATEWX++X54KpaXAC0M=| Next configuration update will be in 01:00:00
2016-02-26 19:09:10,008 [10] [INFO] |bqKVoTzkXkLEANM7nhkSMPvIi+k=| Next configuration update will be in 01:00:00
2016-02-26 20:09:10,146 [32] [INFO] |bqKVoTzkXkLEANM7nhkSMPvIi+k=| Next configuration update will be in 01:00:00
2016-02-26 21:09:10,305 [34] [INFO] |xp/dBYYuLVbleopa/IZx4ApLhYM=| Next configuration update will be in 01:00:00
2016-02-26 22:09:09,794 [8] [INFO] |lFkN1Gxm3DDEZWZhmJCR4aF8bIk=| Next configuration update will be in 01:00:00
2016-02-26 23:09:09,833 [69] [INFO] |QsgHJmYkTBM236yjvL2Up0fsQvU=| Next configuration update will be in 01:00:00
