2016-02-28 00:09:10,795 [29] [INFO] |NrpyohBkeIbiA6VQVgLiXhOlW58=| Next configuration update will be in 01:00:00
2016-02-28 01:09:10,713 [79] [INFO] |bIwZFB9ym2V1rlLCelvVnDB4/1k=| Next configuration update will be in 01:00:00
2016-02-28 02:09:10,815 [20] [INFO] |VFU8dOFTsPt6ud/JDQCcQs0NtDE=| Next configuration update will be in 01:00:00
2016-02-28 03:09:09,117 [63] [INFO] |FjdAG6JVZSbkdQFVO9FVmXw5w8w=| Next configuration update will be in 01:00:00
2016-02-28 04:09:09,039 [38] [INFO] |azfKhNuyOYaSMGR3aq0xtKTS5+0=| Next configuration update will be in 01:00:00
2016-02-28 05:09:10,608 [26] [INFO] |z1V6446S8Af0CY+en5n0NxXV5mk=| Next configuration update will be in 01:00:00
2016-02-28 06:09:11,267 [38] [INFO] |hLikAN7rFB+rmPOXYv4dELhM1P4=| Next configuration update will be in 01:00:00
2016-02-28 07:09:11,343 [46] [INFO] |YMIdhrbYejJfIZfhvwCY97GGhyM=| Next configuration update will be in 01:00:00
2016-02-28 08:09:11,572 [32] [INFO] |GvM8Qf42CI7nXt6mD2FDYfDmSAg=| Next configuration update will be in 01:00:00
2016-02-28 09:09:11,684 [67] [INFO] |zHwdq3IVhdP2pAhJbv7Sj2Acw30=| Next configuration update will be in 01:00:00
2016-02-28 10:09:11,224 [20] [INFO] |FmqLHfTm16Orsr45L5jNWoXNfUs=| Next configuration update will be in 01:00:00
2016-02-28 11:09:11,302 [8] [INFO] |ovG8VLTbMxI1Yh/cs9JOEqBxCLo=| Next configuration update will be in 01:00:00
2016-02-28 12:09:11,362 [66] [INFO] |wqxznnK9T8jXGyv+vTbw31f+y4k=| Next configuration update will be in 01:00:00
2016-02-28 13:09:11,478 [78] [INFO] |mYFSbGC5tvTjzPKJZNei+W6S1O8=| Next configuration update will be in 01:00:00
2016-02-28 14:09:11,521 [93] [INFO] |KAq3r+pwHc0vZByXmqIOTRAFUNQ=| Next configuration update will be in 01:00:00
2016-02-28 15:09:11,365 [62] [INFO] |/n+pWreQhagq2h//MwwX0QjnOMs=| Next configuration update will be in 01:00:00
2016-02-28 16:09:11,403 [76] [INFO] |MSSvlK8d2MzJI70KxBfKCC+VOnA=| Next configuration update will be in 01:00:00
2016-02-28 17:09:11,508 [81] [INFO] |M+nn8WrSS5LWhhvREjA1w9FrNG8=| Next configuration update will be in 01:00:00
2016-02-28 18:09:11,614 [26] [INFO] |jjEhvr3GKYdru2BilUCOWgzdTPQ=| Next configuration update will be in 01:00:00
2016-02-28 19:09:11,388 [21] [INFO] |iYxEUUwy9xeT7yER5hL7483AHS4=| Next configuration update will be in 01:00:00
2016-02-28 20:09:11,479 [61] [INFO] |/hhtOaQP7XV1W8UIO7p9DT89nGg=| Next configuration update will be in 01:00:00
2016-02-28 21:09:11,541 [32] [INFO] |Nc5UNm6HPLiTtMbz8XR+pfIo48M=| Next configuration update will be in 01:00:00
2016-02-28 22:09:11,620 [30] [INFO] |pG5c8hBarfWwtJDvi1Gu95NepgI=| Next configuration update will be in 01:00:00
2016-02-28 23:09:11,678 [62] [INFO] |njuT4msAzcahY6CWx6PGjFmQaIs=| Next configuration update will be in 01:00:00
