2016-03-02 11:42:24,990 [10] [INFO] |qSriJWnzpBcJ7FZ5mjuysORUgLA=| Next configuration update will be in 01:00:00
2016-03-02 11:59:58,241 [9] [INFO] |SNiS3YPwW7iHlhr7rkfCvHTSiUg=| Next configuration update will be in 01:00:00
2016-03-02 12:02:08,447 [10] [INFO] |/N3yTQeP/Z1EdLU2m2tqsB2SyFU=| Next configuration update will be in 01:00:00
2016-03-02 12:04:01,017 [9] [INFO] |z4wOodJf3A7tPHZKl/d0lcSFihU=| Next configuration update will be in 01:00:00
2016-03-02 12:07:08,493 [9] [INFO] |AWKTSwsL00zaHzhNB4F/R/Hhuno=| Next configuration update will be in 01:00:00
2016-03-02 12:07:37,801 [9] [INFO] |Cbs8SzhKfb8QbHb42+jr/17PIj8=| Next configuration update will be in 01:00:00
2016-03-02 12:08:08,343 [10] [INFO] |drR4LPqPqraxJ1iUCLIwG/dEEBM=| Next configuration update will be in 01:00:00
2016-03-02 12:09:25,048 [10] [INFO] |3JAR25n1aoMsxEZc+ufspnMJNf4=| Next configuration update will be in 01:00:00
2016-03-02 12:12:53,713 [9] [INFO] |ZEbzBvDYaeizpIQBr1Z8Oh9xD9w=| Next configuration update will be in 01:00:00
2016-03-02 12:14:01,000 [10] [INFO] |7mZFCILG2F2a80JD2rZT5q2dqLY=| Next configuration update will be in 01:00:00
2016-03-02 12:15:40,471 [9] [INFO] |Y2jg2TSpyTagAgaukQ+1XzYq4W0=| Next configuration update will be in 01:00:00
2016-03-02 12:30:16,932 [10] [INFO] |IBgikSUKaI+qyxTOSfT9ggeRLd4=| Next configuration update will be in 01:00:00
2016-03-02 12:38:23,523 [9] [INFO] |gr6guKEb1VRdFr4KPX4sJoNq0Ik=| Next configuration update will be in 01:00:00
2016-03-02 12:42:03,914 [10] [INFO] |Xj6VYCTVlWouN+aNNXd3POpCvRY=| Next configuration update will be in 01:00:00
2016-03-02 12:51:27,240 [9] [INFO] |pVV2dz0fBLERQ8UwEvKDMZCiGUc=| Next configuration update will be in 01:00:00
2016-03-02 12:57:32,880 [10] [INFO] |fMO4Bun7elFSwzUPztRe/TUJp6g=| Next configuration update will be in 01:00:00
2016-03-02 13:36:02,849 [9] [INFO] |VSsritt7nDQU8+7vUeroh3B0klk=| Next configuration update will be in 01:00:00
2016-03-02 13:54:13,098 [9] [INFO] |TDzB06tOsRFoPacepph/dkuS0qY=| Next configuration update will be in 01:00:00
2016-03-02 14:43:11,424 [10] [INFO] |oukPUr5k0z29XW8aGH3GggWBBzU=| Next configuration update will be in 01:00:00
2016-03-02 14:57:35,094 [9] [INFO] |e6bzZRwTyMKVvF0r8YNV6/0qXuU=| Next configuration update will be in 01:00:00
2016-03-02 15:02:43,854 [9] [INFO] |9rwA0gaxB08mgH5B0Q/cAVsbeKY=| Next configuration update will be in 01:00:00
2016-03-02 15:06:09,930 [9] [INFO] |xD+v7qu+aF5ejKJVHIxWFOjLsdo=| Next configuration update will be in 01:00:00
2016-03-02 15:07:31,850 [9] [INFO] |eYQZ9jAlOkNKWelxQ05B5yFkFkY=| Next configuration update will be in 01:00:00
2016-03-02 15:08:48,310 [8] [INFO] |yqDjKKOYFHgg+5/3ozIyMu6LrQs=| Next configuration update will be in 01:00:00
2016-03-02 15:47:20,939 [10] [INFO] |xwZk1a9h1WtPYrnhuDHrnAYPkz8=| Next configuration update will be in 01:00:00
2016-03-02 16:01:55,317 [9] [INFO] |WDUGG+GYcIyY27EwIWmn0/FV6e8=| Next configuration update will be in 01:00:00
2016-03-02 16:10:16,637 [9] [INFO] |R5km+TcHyjzZ2bkowtWhRqzvixk=| Next configuration update will be in 01:00:00
2016-03-02 16:28:24,253 [9] [INFO] |x+0JnZBlyN+adIYGm7tcegH6b6Q=| Next configuration update will be in 01:00:00
2016-03-02 16:36:23,130 [9] [INFO] |p2NdNmNLj/61Cu7XnXT5kwkXPJc=| Next configuration update will be in 01:00:00
2016-03-02 16:41:22,042 [10] [INFO] |P1W3l1aoPGGqj7j9VQYcSPX5fGo=| Next configuration update will be in 01:00:00
2016-03-02 16:45:32,997 [9] [INFO] |trmzLk/Qk7ldgGoWQa6ca5BC1tE=| Next configuration update will be in 01:00:00
2016-03-02 16:52:18,913 [9] [INFO] |3d6k1H1kfe8fL4/Rr88h0rXVpQs=| Next configuration update will be in 01:00:00
2016-03-02 17:06:41,250 [9] [INFO] |qGKC4Ipl9yCWsKDOd7obtW3CqfA=| Next configuration update will be in 01:00:00
2016-03-02 17:17:32,367 [9] [INFO] |LVSC3fp+m9IXvn7CIUqaoWT45gU=| Next configuration update will be in 01:00:00
2016-03-02 17:21:25,531 [9] [INFO] |3Q3eO45IDb0XkQoIw+jnyQjQrw4=| Next configuration update will be in 01:00:00
2016-03-02 17:47:10,437 [9] [INFO] |6kYnssBHCcl36DYJxOr7hyfGFwI=| Next configuration update will be in 01:00:00
2016-03-02 17:48:22,737 [9] [INFO] |n4H5B5ZBBd17QbzM9Ej9xsHFxA0=| Next configuration update will be in 01:00:00
2016-03-02 17:48:53,946 [11] [INFO] |pMk6ZQrB1xpMUHb8DY6Sag9q4Cs=| Next configuration update will be in 01:00:00
2016-03-02 17:51:26,619 [10] [INFO] |7ooCYNswAchdDlila3QMENpMTDg=| Next configuration update will be in 01:00:00
2016-03-02 17:53:18,122 [10] [INFO] |vp+zJPNCB5k0/WIlLeayiKR+dBs=| Next configuration update will be in 01:00:00
2016-03-02 18:16:45,746 [9] [INFO] |RLfSMytkW9pcfvt4peG21oABgMM=| Next configuration update will be in 01:00:00
2016-03-02 18:19:31,324 [9] [INFO] |iz6ANQwTjomRsDwIrZ9OmDpKz+0=| Next configuration update will be in 01:00:00
2016-03-02 18:22:31,796 [9] [INFO] |4HHycCxPwCvuAKfkJ9MPXPEeiig=| Next configuration update will be in 01:00:00
2016-03-02 18:23:43,365 [9] [INFO] |Kgs3czrQ0FjEw0+G6sfbeHrcrY0=| Next configuration update will be in 01:00:00
2016-03-02 18:24:54,848 [9] [INFO] |YpMpJOOhobgd4OveAUvSlpGacSE=| Next configuration update will be in 01:00:00
2016-03-02 18:31:13,544 [10] [INFO] |0uCyMPi9lfrWzCRskMDKWz7qpHs=| Next configuration update will be in 01:00:00
2016-03-02 18:38:24,639 [9] [INFO] |zMsm6V5/BD35815KORy8lmXgXJU=| Next configuration update will be in 01:00:00
2016-03-02 18:39:52,158 [9] [INFO] |Hzno8VE4OwpySewl/xsVuJtll20=| Next configuration update will be in 01:00:00
2016-03-02 18:41:36,198 [10] [INFO] |AyXofEQVUDnnbRlXUgUlSEeaUt8=| Next configuration update will be in 01:00:00
2016-03-02 18:43:15,890 [9] [INFO] |hcVEtAb687komZa0dFn8pLlO9Zw=| Next configuration update will be in 01:00:00
2016-03-02 18:45:20,495 [9] [INFO] |oKFBlZ+IvSOrezFQofn6wbpCKlI=| Next configuration update will be in 01:00:00
2016-03-02 18:46:27,944 [9] [INFO] |WEIERg/8pH4UO5M0d7JqbOqXz+c=| Next configuration update will be in 01:00:00
2016-03-02 18:47:32,987 [9] [INFO] |G5JxrM7/j51nB0H6JjQ3PuSbTZY=| Next configuration update will be in 01:00:00
2016-03-02 18:50:02,424 [8] [INFO] |PvddBoDC4Hika5OB94W8b7045Rc=| Next configuration update will be in 01:00:00
2016-03-02 18:55:00,160 [9] [INFO] |W3hAEc01QcukXMEt3G/QR6SmI4A=| Next configuration update will be in 01:00:00
2016-03-02 18:57:36,507 [10] [INFO] |jbkyV0f+xRaaxGOzMYcVv6uuIAI=| Next configuration update will be in 01:00:00
2016-03-02 18:58:19,829 [9] [INFO] |e116FSSyISa2RgJ8337MJRVDJ6A=| Next configuration update will be in 01:00:00
2016-03-02 18:59:38,139 [9] [INFO] |mEp87mns137N7aVZmu0vHAMTa64=| Next configuration update will be in 01:00:00
2016-03-02 19:22:56,976 [10] [INFO] |6qN/tdGuSJRgKKZWxbahjilL+Ec=| Next configuration update will be in 01:00:00
2016-03-02 19:24:39,553 [10] [INFO] |Bgn075P2/fzAKEKC8GFP7tVlwOE=| Next configuration update will be in 01:00:00
