2016-03-03 11:55:00,266 [1] [INFO] |6ztCAPVgnTtuzxkblLcHpXn5Jw0=| Next configuration update will be in 01:00:00
2016-03-03 12:09:00,597 [10] [INFO] |QemwWgOKoMaGUL+o3RRjHkkSiLc=| Next configuration update will be in 01:00:00
2016-03-03 12:11:39,844 [8] [INFO] |SAambg5anU5yjHiF8MCVpHKx8RI=| Next configuration update will be in 01:00:00
2016-03-03 12:29:29,374 [9] [INFO] |SHPDnS24p8lzXMrxgVXcU4w16uU=| Next configuration update will be in 01:00:00
2016-03-03 13:43:46,868 [9] [INFO] |SoO+uNon70BkT1Ux1KloNrLGD4s=| Next configuration update will be in 01:00:00
2016-03-03 13:54:57,865 [10] [INFO] |aoM7/nvMXQOwypjJXDtCMPnWbEI=| Next configuration update will be in 01:00:00
2016-03-03 13:56:25,101 [9] [INFO] |JA/KdSqHQQgmOd/rshaMr6n1xNQ=| Next configuration update will be in 01:00:00
2016-03-03 13:58:03,396 [9] [INFO] |eo8q9jVkLfotMbSYbfb+U7nOz7A=| Next configuration update will be in 01:00:00
2016-03-03 14:53:31,332 [10] [INFO] |wSWd/CdtuZc3KJJ7A+SpwuT2OWE=| Next configuration update will be in 01:00:00
2016-03-03 15:14:10,308 [9] [INFO] |xn7WlLcP8GcDZXO7xnGjYv9rHIg=| Next configuration update will be in 01:00:00
2016-03-03 15:18:29,871 [10] [INFO] |ZIh4anQusON6Q0BuvUoFwRUUAUo=| Next configuration update will be in 01:00:00
2016-03-03 15:24:33,027 [9] [INFO] |KsjwLTf95FpxblEMfn7/XXv7Stw=| Next configuration update will be in 01:00:00
2016-03-03 15:27:51,494 [9] [INFO] |hZSxP/ET30GkaQe46Em2ArLrBD4=| Next configuration update will be in 01:00:00
2016-03-03 15:28:50,876 [9] [INFO] |iZ7QEQ/Lubv4WQABV2GxZrTDR1E=| Next configuration update will be in 01:00:00
2016-03-03 15:29:45,105 [9] [INFO] |up0bxMazbD1jlSU31iTp3krR9yc=| Next configuration update will be in 01:00:00
2016-03-03 15:30:36,111 [10] [INFO] |HXdmuAADq4ikwjfKVcMGi4MpzSo=| Next configuration update will be in 01:00:00
2016-03-03 15:40:11,445 [9] [INFO] |qm174MYFcStr+yUO/tnXe3Ok7Bc=| Next configuration update will be in 01:00:00
2016-03-03 16:28:41,401 [9] [INFO] |zaSU5k7okzoIgSGPMpICZhFMkSc=| Next configuration update will be in 01:00:00
2016-03-03 16:29:17,350 [10] [INFO] |DeZnaoaWrPDuq3JH2ahjtnnTeG0=| Next configuration update will be in 01:00:00
2016-03-03 16:30:48,308 [9] [INFO] |ne4LZh36lMt2GqOmlLEN4mnNDA8=| Next configuration update will be in 01:00:00
2016-03-03 16:32:03,180 [9] [INFO] |YWSwn5HAUlzup8gvGGUgFMJexWs=| Next configuration update will be in 01:00:00
2016-03-03 16:44:01,213 [9] [INFO] |Gx+MI+bHNDTMHdQ9qpDCSIupNVk=| Next configuration update will be in 01:00:00
2016-03-03 16:46:09,875 [10] [INFO] |AN4obzzHhI1utpecfZaiDC3E8es=| Next configuration update will be in 01:00:00
2016-03-03 17:09:53,117 [9] [INFO] |nhx2tvkJqXKm9/u6kFa7OWQTLQY=| Next configuration update will be in 01:00:00
2016-03-03 17:11:05,515 [8] [INFO] |unEHLka0D/C5zlnRczWeXAURts0=| Next configuration update will be in 01:00:00
2016-03-03 17:13:02,508 [10] [INFO] |VC8ptXQvpV31gLKKh7l5uEM7gDk=| Next configuration update will be in 01:00:00
2016-03-03 17:23:10,040 [10] [INFO] |otVMpce1G/Jt+t2LCafnWHQoKy0=| Next configuration update will be in 01:00:00
2016-03-03 17:26:24,912 [9] [INFO] |F5jiByBxi9cr93r0SEGXcnYuG0Y=| Next configuration update will be in 01:00:00
2016-03-03 17:45:15,477 [9] [INFO] |wPXGgI2gKlVKZ+5NqGp2hvxfPG0=| Next configuration update will be in 01:00:00
2016-03-03 17:46:39,865 [9] [INFO] |fjuy+/Yqaa3ztVBpaK9rwhqeBLQ=| Next configuration update will be in 01:00:00
2016-03-03 17:53:18,795 [9] [INFO] |KKZ+J5JyH+rGX9j5QPn92tvTyNU=| Next configuration update will be in 01:00:00
2016-03-03 17:54:45,850 [9] [INFO] |IU3zbDjk7K44UuMzCYG3IUNEBfQ=| Next configuration update will be in 01:00:00
