2016-03-04 11:45:29,033 [9] [INFO] |i3JQHC4zJbTLAd+dtrW5kA4PQ9E=| Next configuration update will be in 01:00:00
2016-03-04 11:47:56,383 [10] [INFO] |ZqtUWRogKHyO3omroM8PvpDLoP8=| Next configuration update will be in 01:00:00
2016-03-04 11:55:22,503 [9] [INFO] |lKfSEF2+vP+6zpR+jjkypJgHu74=| Next configuration update will be in 01:00:00
2016-03-04 12:21:08,169 [10] [INFO] |iqQ/Z7m0OXK5eo4Vzb+SH9SUBCo=| Next configuration update will be in 01:00:00
2016-03-04 12:22:14,543 [9] [INFO] |J5G8tr/SqcmSbMH5JYBXpV/Am+E=| Next configuration update will be in 01:00:00
2016-03-04 12:38:59,911 [9] [INFO] |VVIokAqT7Q5De20VMY8dDcp3a2c=| Next configuration update will be in 01:00:00
2016-03-04 12:45:01,192 [9] [INFO] |89AjCtglqPYFy9/sDI5PDb6eAmE=| Next configuration update will be in 01:00:00
2016-03-04 12:59:37,054 [9] [INFO] |ruHsIjweBSS/5um/bRMvN1Pr0Aw=| Next configuration update will be in 01:00:00
2016-03-04 13:01:39,064 [8] [INFO] |MrwWFab/7PJUmtFtlOlXherCySE=| Next configuration update will be in 01:00:00
2016-03-04 13:03:06,873 [9] [INFO] |A8j01GOBKQ75ERyLoz3Y/Bw/Ma0=| Next configuration update will be in 01:00:00
2016-03-04 13:46:20,992 [10] [INFO] |ky/UNokrCUMhjMshxvZVeXAHtK8=| Next configuration update will be in 01:00:00
2016-03-04 16:01:35,974 [9] [INFO] |8BhWcSjd6bmUCeTkpN/9p8f4Ctw=| Next configuration update will be in 01:00:00
2016-03-04 16:14:20,657 [10] [INFO] |DxR//t3eWelolGk+GCYRB8I30No=| Next configuration update will be in 01:00:00
2016-03-04 16:24:56,659 [10] [INFO] |Lq9x3JnXhXQ7pO8wTapNl3D9YUs=| Next configuration update will be in 01:00:00
2016-03-04 16:30:47,709 [10] [INFO] |pclK2A9ZH3Pp4dH7X7WuRAHNjqw=| Next configuration update will be in 01:00:00
2016-03-04 16:31:29,009 [9] [INFO] |FGWtmtV0Lw1RJhbx8bPnDypQc1c=| Next configuration update will be in 01:00:00
2016-03-04 16:31:48,337 [10] [INFO] |AOa3u3nQcv+RXnmqgByzf8xkdgk=| Next configuration update will be in 01:00:00
2016-03-04 16:38:19,985 [9] [INFO] |jJ3yX4Ta4dO7evwW94J7X3Ejqw8=| Next configuration update will be in 01:00:00
2016-03-04 16:38:53,106 [10] [INFO] |qVwaFRjPo1y0Q5fMAj0TsnDy3Cw=| Next configuration update will be in 01:00:00
2016-03-04 16:39:53,458 [10] [INFO] |W8aVsmgDG5ZLPSuSbW4ppHDB9Do=| Next configuration update will be in 01:00:00
2016-03-04 16:42:06,812 [9] [INFO] |BOlH38dGnNKeDLWmSvzjFAJLmto=| Next configuration update will be in 01:00:00
2016-03-04 16:43:02,171 [9] [INFO] |ydlpKRjAKemTD2HzRspR2Ct3eRc=| Next configuration update will be in 01:00:00
2016-03-04 16:44:39,554 [9] [INFO] |xLB4OMFPlmoFfwLDSlk+YcRls2U=| Next configuration update will be in 01:00:00
2016-03-04 16:46:34,521 [9] [INFO] |ylmPjfgMAz7ohVG5nVtuZNtpn7k=| Next configuration update will be in 01:00:00
2016-03-04 16:51:14,039 [9] [INFO] |nzixYu7ozx9Ab2g00dQrMYmOoZg=| Next configuration update will be in 01:00:00
2016-03-04 16:53:37,257 [9] [INFO] |Qh+zHlQrZFOxXkxqDpGB0PdGy40=| Next configuration update will be in 01:00:00
2016-03-04 17:01:48,693 [10] [INFO] |abSKvsv0Ix2wnMbXmfrIlOUqYbA=| Next configuration update will be in 01:00:00
2016-03-04 18:20:51,831 [1] [INFO] |GDbFpIZLQLHuLgITsD6SM9130BY=| Next configuration update will be in 01:00:00
2016-03-04 18:45:03,454 [9] [INFO] |hO6xc3cuKZ2krz0RXNWQvYuqBxg=| Next configuration update will be in 01:00:00
2016-03-04 18:57:08,332 [9] [INFO] |EqYZJ49l75HqOYlqhF6uMoSXJ4s=| Next configuration update will be in 01:00:00
2016-03-04 18:58:10,986 [9] [INFO] |td7ZophxgwxXv40/ftZnUzg4etA=| Next configuration update will be in 01:00:00
2016-03-04 19:05:29,622 [10] [INFO] |tbbZK1BsyfLjwOLEgn1nFVjGFuI=| Next configuration update will be in 01:00:00
