2016-02-29 00:09:11,547 [36] [INFO] |ucGcIYvAH0PGbAXPF2cbIAac+Bs=| Next configuration update will be in 01:00:00
2016-02-29 01:09:11,621 [44] [INFO] |pSIRGmCiD4X41x8XHmyqNIcD52g=| Next configuration update will be in 01:00:00
2016-02-29 02:09:11,727 [71] [INFO] |2oX7OnFG+ZU53gNuv9sewXtHhw8=| Next configuration update will be in 01:00:00
2016-02-29 03:09:11,831 [37] [INFO] |0/OaZr7+3oDhLqPigKctAi3DzZk=| Next configuration update will be in 01:00:00
2016-02-29 04:09:11,600 [71] [INFO] |DUeX8jAx1dt7gTIIk98PVRJj9kk=| Next configuration update will be in 01:00:00
2016-02-29 05:09:11,717 [71] [INFO] |/FBqS+vYm3jGxfuGbOJka20VJ2Q=| Next configuration update will be in 01:00:00
2016-02-29 06:09:11,772 [25] [INFO] |C8OT4D0xUxX53OgUa7mYBgLI8+U=| Next configuration update will be in 01:00:00
2016-02-29 07:09:11,938 [25] [INFO] |nO/5acjHtHmiTVGGF4NITQ3cTX4=| Next configuration update will be in 01:00:00
2016-02-29 08:09:12,029 [71] [INFO] |/EVGJIQM0DVdJjryFAnSC38tPbI=| Next configuration update will be in 01:00:00
2016-02-29 09:09:11,841 [25] [INFO] |gqmedTSQg6y+JIZ5Dh0j0YlAY/k=| Next configuration update will be in 01:00:00
2016-02-29 12:21:05,769 [1] [INFO] |E/aPf2nH5Myo+UlIQ62ZPC/dYzo=| Next configuration update will be in 01:00:00
2016-02-29 12:44:49,379 [9] [INFO] |D36X5bL7gr0HrXoxTDSwlTRvXDo=| Next configuration update will be in 01:00:00
2016-02-29 14:38:22,175 [9] [INFO] |nI+Uf6h4lQAq1dzh3uuntdJ4oys=| Next configuration update will be in 01:00:00
2016-02-29 14:40:32,860 [8] [INFO] |ImdKv6i9/2mA7wn5zS8dDhyi5JU=| Next configuration update will be in 01:00:00
2016-02-29 15:11:52,003 [10] [INFO] |DfBL3mrBtnv1Eze8tqR306uokAc=| Next configuration update will be in 01:00:00
2016-02-29 15:16:06,806 [10] [INFO] |NZdeBAwq6lrGuaKKcxLlGT5CbmE=| Next configuration update will be in 01:00:00
2016-02-29 15:48:30,800 [9] [INFO] |JzjGhlJiyDftm4yvztHk1OxHbQE=| Next configuration update will be in 01:00:00
2016-02-29 15:49:17,026 [10] [INFO] |VzJZ9YPY4DWtkcMr8nBzffIiOLs=| Next configuration update will be in 01:00:00
2016-02-29 15:50:34,644 [9] [INFO] |9y+upZkTDrtyqHYV7NXBwylb9/s=| Next configuration update will be in 01:00:00
2016-02-29 15:52:39,642 [9] [INFO] |ye9e3E5CloACwzbANBvIwAAk70I=| Next configuration update will be in 01:00:00
2016-02-29 15:54:14,943 [9] [INFO] |riWAn5vsncEy/YzwV9vQ93p76uQ=| Next configuration update will be in 01:00:00
2016-02-29 17:44:13,732 [1] [INFO] |bbyYPyDXizZufl1C8MVoHRsp3uM=| Next configuration update will be in 01:00:00
2016-02-29 18:14:47,186 [9] [INFO] |z723hv7kuSxxbJ0rWhAZaPUkAY4=| Next configuration update will be in 01:00:00
2016-02-29 18:39:49,174 [9] [INFO] |WQ0cXtBvu5MH/VsvVtbr/kaspGs=| Next configuration update will be in 01:00:00
2016-02-29 18:43:29,746 [8] [INFO] |YoHbLc9EghL+1IxNGBzP+5hz9fs=| Next configuration update will be in 01:00:00
2016-02-29 18:44:08,932 [8] [INFO] |A52hV5i1NnvO5iFsEmg2dCgDxCQ=| Next configuration update will be in 01:00:00
2016-02-29 18:49:38,404 [9] [INFO] |nKx/lAHUcsgf9HC6ms1pd2J0Cgk=| Next configuration update will be in 01:00:00
