2016-03-01 11:34:18,743 [10] [INFO] |3P5xsp0fgV0yVzk3YSWJZygSJTE=| Next configuration update will be in 01:00:00
2016-03-01 11:48:52,253 [9] [INFO] |Ox1KrjYnLhvwMojceCXlsEYUDUQ=| Next configuration update will be in 01:00:00
2016-03-01 11:54:41,708 [8] [INFO] |Av+GqJSTvrHuXTvNLO+GwfX8jjA=| Next configuration update will be in 01:00:00
2016-03-01 11:58:56,364 [10] [INFO] |jNsgjotKJWYML+i6dy7hzWqzmOc=| Next configuration update will be in 01:00:00
2016-03-01 12:16:14,835 [9] [INFO] |AIgCPnLxeIRw4b7+Zb3fBHx7pkE=| Next configuration update will be in 01:00:00
2016-03-01 12:17:50,224 [9] [INFO] |gNAgZG5+EPnGq1745JxYy6zckbw=| Next configuration update will be in 01:00:00
2016-03-01 12:18:16,019 [9] [INFO] |uQIRCeAgxCCX/Uhi8Lni6U/CJJQ=| Next configuration update will be in 01:00:00
2016-03-01 12:41:47,697 [9] [INFO] |GAiMJmo5uvo1s0CyndZvKE0B9gw=| Next configuration update will be in 01:00:00
2016-03-01 12:44:34,555 [9] [INFO] |ydkLFpDjibjMFdPcVZ1MhnBQjlg=| Next configuration update will be in 01:00:00
2016-03-01 12:45:10,903 [9] [INFO] |9yaglQ+QSO4CWWwOuoqZEHX4mwU=| Next configuration update will be in 01:00:00
2016-03-01 12:53:10,665 [10] [INFO] |W4OU+Y01s0xoA7nLrUbsXCsuWfs=| Next configuration update will be in 01:00:00
2016-03-01 13:24:17,726 [10] [INFO] |zZWg4UmDv2iJ5hBjA3z/sbBlqhc=| Next configuration update will be in 01:00:00
2016-03-01 13:31:46,497 [10] [INFO] |VTqxXYPZsFbBkxg6X7tSoCaR/No=| Next configuration update will be in 01:00:00
2016-03-01 13:41:25,667 [10] [INFO] |LCt3Tu+z+uJLABmPihbA9yiru2k=| Next configuration update will be in 01:00:00
2016-03-01 13:53:06,388 [10] [INFO] |VLQGIjfGkhZSjB4pr3cCIOiP8AE=| Next configuration update will be in 01:00:00
2016-03-01 14:07:22,622 [9] [INFO] |5QpRFLFNoBo0nV5QARQBMpZgZ1w=| Next configuration update will be in 01:00:00
2016-03-01 15:30:17,148 [10] [INFO] |Y1DvxOrZWuSxl50PD3cAiSrvb+k=| Next configuration update will be in 01:00:00
2016-03-01 15:36:30,039 [9] [INFO] |4Pqb5C0+vNTM0yA1rUHYhwasX7A=| Next configuration update will be in 01:00:00
2016-03-01 15:54:53,884 [9] [INFO] |DpPKeePRKK5SxKgM0ggTZYZ4nnA=| Next configuration update will be in 01:00:00
2016-03-01 15:58:55,817 [9] [INFO] |9Xy3FDpe6fRc6GXbD5LhY0u9k5E=| Next configuration update will be in 01:00:00
2016-03-01 16:05:02,165 [8] [INFO] |c+4ZsZ5O6ToKv7bUSIdC7mLWxBg=| Next configuration update will be in 01:00:00
2016-03-01 16:05:39,973 [9] [INFO] |2xyk4A0eb7t6BISBN0W4mjY9l5A=| Next configuration update will be in 01:00:00
2016-03-01 16:07:50,267 [10] [INFO] |l3pC8+2lNI8Savlga28pqxdQCnI=| Next configuration update will be in 01:00:00
2016-03-01 16:08:43,214 [8] [INFO] |msSHYSMpNTsRayhvEtFITqtR34A=| Next configuration update will be in 01:00:00
2016-03-01 16:58:33,694 [8] [INFO] |wnN4rTnbqSfNq0ONFJ6UCUXUNx0=| Next configuration update will be in 01:00:00
2016-03-01 17:03:15,443 [9] [INFO] |w2sQBmAqY80h9ZEGtFipyiRk2IM=| Next configuration update will be in 01:00:00
2016-03-01 17:04:06,305 [10] [INFO] |QTy5n1S0jjgJFPrEKQESInxkGXs=| Next configuration update will be in 01:00:00
2016-03-01 17:05:12,983 [9] [INFO] |DuRB9IRfCYvWiCmUjX4qi1XGR3o=| Next configuration update will be in 01:00:00
2016-03-01 17:10:22,444 [9] [INFO] |PB5M07Rt3TDEL3HX005i+ftBnOY=| Next configuration update will be in 01:00:00
2016-03-01 17:13:59,606 [10] [INFO] |bq5ZLtYZvuPBSEqpC/C0YjObRQc=| Next configuration update will be in 01:00:00
2016-03-01 17:14:55,198 [10] [INFO] |QFCpgl8RUoxmLDT+AjD9mBsHY7E=| Next configuration update will be in 01:00:00
2016-03-01 17:17:48,012 [8] [INFO] |VUy/OoIQfoaJcnKtT5clV/RWWlA=| Next configuration update will be in 01:00:00
2016-03-01 17:42:42,618 [9] [INFO] |aWPhSOXKFiJ/sMmx6Bo5YFdKidY=| Next configuration update will be in 01:00:00
2016-03-01 19:00:23,860 [10] [INFO] |2xfriAfI2O8dfXAwNVPnxy6vzVc=| Next configuration update will be in 01:00:00
2016-03-01 19:00:58,419 [10] [INFO] |v7Q4j9SnIvdxYZ3u/HGzB7bU+l0=| Next configuration update will be in 01:00:00
2016-03-01 19:02:02,863 [10] [INFO] |1mKgJU5n50VkiAAdn+NiSHXBgqo=| Next configuration update will be in 01:00:00
