2016-03-02 11:43:25,092 [16] [DEBUG] |tvUHBcZQALUwCWIWKX5W3q0zaEc=| DispatcherQueue2-Minutely stats:
ItemsInQueue : Min 0, Max 50, Avg 19
TimeInQueue : Min 00:00:00, Max 00:00:07.0141526, Avg 00:00:01.2190000
TimeToProcess : Min 00:00:00.0002008, Max 00:00:07.0038018, Avg 00:00:00.1350000
AvgEnqueueRate : 1,47/s
AvgDequeueRate : 1,47/s
TotalDropped : 0
TotalEnqueued : 88
TotalDequeued : 88
2016-03-02 11:43:25,092 [21] [DEBUG] |dZBZweFSJmxfy46G6L72JQGWG3I=| -Minutely stats:
ItemsInQueue : Min , Max , Avg 
TimeInQueue : Min , Max , Avg 
TimeToProcess : Min , Max , Avg 
AvgEnqueueRate : 0,00/s
AvgDequeueRate : 0,00/s
TotalDropped : 0
TotalEnqueued : 0
TotalDequeued : 0
2016-03-02 11:43:25,092 [20] [DEBUG] |wscWCA9gm2+HatGVMV9r2Sb7gjM=| DispatcherQueue3-Minutely stats:
ItemsInQueue : Min 0, Max 59, Avg 21
TimeInQueue : Min 00:00:00, Max 00:00:37.5027734, Avg 00:00:01.9820000
TimeToProcess : Min 00:00:00.0001967, Max 00:00:37.4854535, Avg 00:00:00.4040000
AvgEnqueueRate : 1,80/s
AvgDequeueRate : 1,80/s
TotalDropped : 0
TotalEnqueued : 108
TotalDequeued : 108
2016-03-02 11:43:25,092 [22] [DEBUG] |ZBuP45IwH+YaFZsJmuZIeq3QeBY=| -Minutely stats:
ItemsInQueue : Min , Max , Avg 
TimeInQueue : Min , Max , Avg 
TimeToProcess : Min , Max , Avg 
AvgEnqueueRate : 0,00/s
AvgDequeueRate : 0,00/s
TotalDropped : 0
TotalEnqueued : 0
TotalDequeued : 0
2016-03-02 11:43:25,092 [21] [DEBUG] |iIsls+zHcWjwePqjUEbwLzTtyFo=| DispatcherQueue1-Minutely stats:
ItemsInQueue : Min 0, Max 50, Avg 19
TimeInQueue : Min 00:00:00, Max 00:00:28.6135829, Avg 00:00:01.8050000
TimeToProcess : Min 00:00:00.0002617, Max 00:00:28.5899229, Avg 00:00:00.3800000
AvgEnqueueRate : 1,72/s
AvgDequeueRate : 1,72/s
TotalDropped : 0
TotalEnqueued : 103
TotalDequeued : 103
2016-03-02 11:43:25,092 [19] [DEBUG] |2KqYLG6MS3Tb1I+TZtql+iEvN+c=| -Minutely stats:
ItemsInQueue : Min , Max , Avg 
TimeInQueue : Min , Max , Avg 
TimeToProcess : Min , Max , Avg 
AvgEnqueueRate : 0,00/s
AvgDequeueRate : 0,00/s
TotalDropped : 0
TotalEnqueued : 0
TotalDequeued : 0
2016-03-02 12:39:27,823 [39] [DEBUG] |LfhYT7wyRfIAPQv2aQ42rLnKDKQ=| DispatcherQueue1-Minutely stats:
ItemsInQueue : Min 0, Max 5, Avg 1
TimeInQueue : Min 00:00:00, Max 00:00:00.1800036, Avg 00:00:00.0170000
TimeToProcess : Min 00:00:00.0002066, Max 00:00:00.0652355, Avg 00:00:00.0060000
AvgEnqueueRate : 1,67/s
AvgDequeueRate : 1,65/s
TotalDropped : 0
TotalEnqueued : 107
TotalDequeued : 106
2016-03-02 12:39:26,820 [38] [DEBUG] |LUgBPca1zhZpQgffkzwwzTEq3VM=| -Minutely stats:
ItemsInQueue : Min , Max , Avg 
TimeInQueue : Min , Max , Avg 
TimeToProcess : Min , Max , Avg 
AvgEnqueueRate : 0,00/s
AvgDequeueRate : 0,00/s
TotalDropped : 0
TotalEnqueued : 0
TotalDequeued : 0
2016-03-02 12:39:24,325 [35] [DEBUG] |5keVjzSltVqSQFUrBCFri4tru7Y=| DispatcherQueue3-Minutely stats:
ItemsInQueue : Min 0, Max 11, Avg 1
TimeInQueue : Min 00:00:00, Max 00:00:18.8803888, Avg 00:00:00.3470000
TimeToProcess : Min 00:00:00.0002073, Max 00:00:18.8802799, Avg 00:00:00.1960000
AvgEnqueueRate : 1,86/s
AvgDequeueRate : 1,86/s
TotalDropped : 0
TotalEnqueued : 113
TotalDequeued : 113
2016-03-02 12:39:25,321 [36] [DEBUG] |siJrnjSNipo3Vz3bKGRXoJf4LOY=| -Minutely stats:
ItemsInQueue : Min , Max , Avg 
TimeInQueue : Min , Max , Avg 
TimeToProcess : Min , Max , Avg 
AvgEnqueueRate : 0,00/s
AvgDequeueRate : 0,00/s
TotalDropped : 0
TotalEnqueued : 0
TotalDequeued : 0
2016-03-02 12:39:23,819 [34] [DEBUG] |E8bpNaic43RKwWay0pwDPZewAIU=| -Minutely stats:
ItemsInQueue : Min , Max , Avg 
TimeInQueue : Min , Max , Avg 
TimeToProcess : Min , Max , Avg 
AvgEnqueueRate : 0,00/s
AvgDequeueRate : 0,00/s
TotalDropped : 0
TotalEnqueued : 0
TotalDequeued : 0
2016-03-02 12:39:26,319 [37] [DEBUG] |PLFJWBYFVDEK6WVBa+QNyM07au4=| DispatcherQueue2-Minutely stats:
ItemsInQueue : Min 0, Max 9, Avg 1
TimeInQueue : Min 00:00:00, Max 00:00:12.9152675, Avg 00:00:00.3200000
TimeToProcess : Min 00:00:00.0002189, Max 00:00:10.9825006, Avg 00:00:00.1220000
AvgEnqueueRate : 1,98/s
AvgDequeueRate : 1,98/s
TotalDropped : 0
TotalEnqueued : 124
TotalDequeued : 124
2016-03-02 12:52:30,836 [41] [DEBUG] |UyMMDPKShF0p1O7naA+WwgtI+zQ=| -Minutely stats:
ItemsInQueue : Min , Max , Avg 
TimeInQueue : Min , Max , Avg 
TimeToProcess : Min , Max , Avg 
AvgEnqueueRate : 0,00/s
AvgDequeueRate : 0,00/s
TotalDropped : 0
TotalEnqueued : 0
TotalDequeued : 0
2016-03-02 12:52:27,343 [37] [DEBUG] |jnKyCDWBg2ZIATSExd8VqiCigXo=| -Minutely stats:
ItemsInQueue : Min , Max , Avg 
TimeInQueue : Min , Max , Avg 
TimeToProcess : Min , Max , Avg 
AvgEnqueueRate : 0,00/s
AvgDequeueRate : 0,00/s
TotalDropped : 0
TotalEnqueued : 0
TotalDequeued : 0
2016-03-02 12:52:29,838 [40] [DEBUG] |XLBnK1mBTNZKUS/70O6ApHNVO60=| DispatcherQueue2-Minutely stats:
ItemsInQueue : Min 0, Max 17, Avg 1
TimeInQueue : Min 00:00:00, Max 00:00:06.1411293, Avg 00:00:00.2760000
TimeToProcess : Min 00:00:00.0002227, Max 00:00:06.1300749, Avg 00:00:00.0660000
AvgEnqueueRate : 1,68/s
AvgDequeueRate : 1,62/s
TotalDropped : 0
TotalEnqueued : 105
TotalDequeued : 101
2016-03-02 12:52:31,839 [42] [DEBUG] |U8s67uc29dIFOXFiBYo6hS86yqA=| DispatcherQueue1-Minutely stats:
ItemsInQueue : Min 0, Max 10, Avg 1
TimeInQueue : Min 00:00:00, Max 00:00:20.9534305, Avg 00:00:00.4750000
TimeToProcess : Min 00:00:00.0002165, Max 00:00:20.9403448, Avg 00:00:00.2220000
AvgEnqueueRate : 1,52/s
AvgDequeueRate : 1,50/s
TotalDropped : 0
TotalEnqueued : 98
TotalDequeued : 97
2016-03-02 12:52:28,335 [38] [DEBUG] |/QuWUsDMSFxCPNfVq1x3U1WS6/Y=| DispatcherQueue3-Minutely stats:
ItemsInQueue : Min 0, Max 13, Avg 1
TimeInQueue : Min 00:00:00, Max 00:00:04.4060934, Avg 00:00:00.2660000
TimeToProcess : Min 00:00:00.0002093, Max 00:00:04.3877636, Avg 00:00:00.0480000
AvgEnqueueRate : 1,71/s
AvgDequeueRate : 1,66/s
TotalDropped : 0
TotalEnqueued : 104
TotalDequeued : 101
2016-03-02 12:52:29,335 [39] [DEBUG] |pc7MkgJprWy4n9Xcj3/lQtt5PoY=| -Minutely stats:
ItemsInQueue : Min , Max , Avg 
TimeInQueue : Min , Max , Avg 
TimeToProcess : Min , Max , Avg 
AvgEnqueueRate : 0,00/s
AvgDequeueRate : 0,00/s
TotalDropped : 0
TotalEnqueued : 0
TotalDequeued : 0
2016-03-02 14:44:11,558 [17] [DEBUG] |R7nf0zV7oxuAcUF+m+4mLtOMfSc=| -Minutely stats:
ItemsInQueue : Min , Max , Avg 
TimeInQueue : Min , Max , Avg 
TimeToProcess : Min , Max , Avg 
AvgEnqueueRate : 0,00/s
AvgDequeueRate : 0,00/s
TotalDropped : 0
TotalEnqueued : 0
TotalDequeued : 0
2016-03-02 14:44:11,558 [16] [DEBUG] |Al1DfDNaoIbo7Yu4e1YfM0zJ1SU=| DispatcherQueue3-Minutely stats:
ItemsInQueue : Min 0, Max 44, Avg 7
TimeInQueue : Min 00:00:00, Max 00:00:01.2849385, Avg 00:00:00.3440000
TimeToProcess : Min 00:00:00.0002004, Max 00:00:00.3535583, Avg 00:00:00.0250000
AvgEnqueueRate : 2,60/s
AvgDequeueRate : 2,60/s
TotalDropped : 0
TotalEnqueued : 156
TotalDequeued : 156
2016-03-02 14:44:11,558 [23] [DEBUG] |7HFqTmqgmN01H1hO6Chj98XkVlc=| -Minutely stats:
ItemsInQueue : Min , Max , Avg 
TimeInQueue : Min , Max , Avg 
TimeToProcess : Min , Max , Avg 
AvgEnqueueRate : 0,00/s
AvgDequeueRate : 0,00/s
TotalDropped : 0
TotalEnqueued : 0
TotalDequeued : 0
2016-03-02 14:44:11,558 [18] [DEBUG] |atkfBWTVbOK2+Lz1cNSapln1AzE=| -Minutely stats:
ItemsInQueue : Min , Max , Avg 
TimeInQueue : Min , Max , Avg 
TimeToProcess : Min , Max , Avg 
AvgEnqueueRate : 0,00/s
AvgDequeueRate : 0,00/s
TotalDropped : 0
TotalEnqueued : 0
TotalDequeued : 0
2016-03-02 14:44:11,558 [20] [DEBUG] |JtVLI6MMUHMm90KNlFk+jRZmX4E=| DispatcherQueue1-Minutely stats:
ItemsInQueue : Min 0, Max 39, Avg 6
TimeInQueue : Min 00:00:00, Max 00:00:01.0739485, Avg 00:00:00.2640000
TimeToProcess : Min 00:00:00.0002083, Max 00:00:00.3208565, Avg 00:00:00.0260000
AvgEnqueueRate : 2,61/s
AvgDequeueRate : 2,60/s
TotalDropped : 0
TotalEnqueued : 157
TotalDequeued : 156
2016-03-02 14:44:11,558 [22] [DEBUG] |GDvIZTUjme6pxtKOaalEfxz35n0=| DispatcherQueue2-Minutely stats:
ItemsInQueue : Min 0, Max 48, Avg 8
TimeInQueue : Min 00:00:00, Max 00:00:01.3449355, Avg 00:00:00.3370000
TimeToProcess : Min 00:00:00.0002056, Max 00:00:00.3611256, Avg 00:00:00.0230000
AvgEnqueueRate : 2,97/s
AvgDequeueRate : 2,97/s
TotalDropped : 0
TotalEnqueued : 178
TotalDequeued : 178
2016-03-02 16:37:41,201 [16] [DEBUG] |DCropvjOpxuvh3clo+C0eiKQ3fk=| -Minutely stats:
ItemsInQueue : Min , Max , Avg 
TimeInQueue : Min , Max , Avg 
TimeToProcess : Min , Max , Avg 
AvgEnqueueRate : 0,00/s
AvgDequeueRate : 0,00/s
TotalDropped : 0
TotalEnqueued : 0
TotalDequeued : 0
2016-03-02 16:37:41,211 [15] [DEBUG] |XjxfVRd8NT9x/ZswpgzWe0je6pU=| DispatcherQueue2-Minutely stats:
ItemsInQueue : Min 1, Max 109, Avg 57
TimeInQueue : Min 00:00:00.4419958, Max 00:00:19.1038100, Avg 00:00:10.3900000
TimeToProcess : Min 00:00:00.1178313, Max 00:00:13.2771079, Avg 00:00:00.6060000
AvgEnqueueRate : 1,81/s
AvgDequeueRate : 0,47/s
TotalDropped : 0
TotalEnqueued : 141
TotalDequeued : 37
2016-03-02 16:37:41,211 [20] [DEBUG] |1VYAVt6nZrDQtKO0LbtOsC0VKk8=| -Minutely stats:
ItemsInQueue : Min , Max , Avg 
TimeInQueue : Min , Max , Avg 
TimeToProcess : Min , Max , Avg 
AvgEnqueueRate : 0,00/s
AvgDequeueRate : 0,00/s
TotalDropped : 0
TotalEnqueued : 0
TotalDequeued : 0
2016-03-02 16:37:41,211 [15] [DEBUG] |UfQ1dhoN9I1pZjjtNK3jdtm6EpM=| DispatcherQueue1-Minutely stats:
ItemsInQueue : Min 0, Max 123, Avg 62
TimeInQueue : Min 00:00:00.1499985, Max 00:01:05.3613544, Avg 00:00:10.2970000
TimeToProcess : Min 00:00:00.1195333, Max 00:00:46.1816974, Avg 00:00:01.8840000
AvgEnqueueRate : 2,00/s
AvgDequeueRate : 0,46/s
TotalDropped : 0
TotalEnqueued : 156
TotalDequeued : 36
2016-03-02 16:37:41,211 [30] [DEBUG] |BAsclY+nvbGwYZARH3oUb3zO3i0=| DispatcherQueue3-Minutely stats:
ItemsInQueue : Min 1, Max 101, Avg 53
TimeInQueue : Min 00:00:00.3719965, Max 00:01:04.9013590, Avg 00:00:11.1710000
TimeToProcess : Min 00:00:00.0732192, Max 00:00:46.0979732, Avg 00:00:01.7130000
AvgEnqueueRate : 1,73/s
AvgDequeueRate : 0,51/s
TotalDropped : 0
TotalEnqueued : 135
TotalDequeued : 40
2016-03-02 16:37:41,211 [16] [DEBUG] |sdZML9MDLSx7lRCgy+NLLE3PJ44=| -Minutely stats:
ItemsInQueue : Min , Max , Avg 
TimeInQueue : Min , Max , Avg 
TimeToProcess : Min , Max , Avg 
AvgEnqueueRate : 0,00/s
AvgDequeueRate : 0,00/s
TotalDropped : 0
TotalEnqueued : 0
TotalDequeued : 0
2016-03-02 16:42:44,449 [67] [DEBUG] |zXbi8xPMU2/7hYhZsScnYRC4+j4=| -Minutely stats:
ItemsInQueue : Min , Max , Avg 
TimeInQueue : Min , Max , Avg 
TimeToProcess : Min , Max , Avg 
AvgEnqueueRate : 0,00/s
AvgDequeueRate : 0,00/s
TotalDropped : 0
TotalEnqueued : 0
TotalDequeued : 0
2016-03-02 16:42:44,469 [67] [DEBUG] |ap+N61WYe3W8QcSD4Y+keWWzuh4=| -Minutely stats:
ItemsInQueue : Min , Max , Avg 
TimeInQueue : Min , Max , Avg 
TimeToProcess : Min , Max , Avg 
AvgEnqueueRate : 0,00/s
AvgDequeueRate : 0,00/s
TotalDropped : 0
TotalEnqueued : 0
TotalDequeued : 0
2016-03-02 16:42:44,469 [67] [DEBUG] |/cIl3blSj3WdPkG+BiMNQHKR1rU=| -Minutely stats:
ItemsInQueue : Min , Max , Avg 
TimeInQueue : Min , Max , Avg 
TimeToProcess : Min , Max , Avg 
AvgEnqueueRate : 0,00/s
AvgDequeueRate : 0,00/s
TotalDropped : 0
TotalEnqueued : 0
TotalDequeued : 0
2016-03-02 16:42:44,469 [67] [DEBUG] |fCYhzHNI7oGQ1JXPdrIDd0+sTko=| DispatcherQueue1-Minutely stats:
ItemsInQueue : Min 0, Max 96, Avg 50
TimeInQueue : Min 00:00:00.1599984, Max 00:01:14.6672570, Avg 00:00:05.8740000
TimeToProcess : Min 00:00:00.1583768, Max 00:01:08.1609036, Avg 00:00:02.0460000
AvgEnqueueRate : 1,61/s
AvgDequeueRate : 0,47/s
TotalDropped : 0
TotalEnqueued : 129
TotalDequeued : 38
2016-03-02 16:42:44,469 [64] [DEBUG] |vXADMTGC/E4UAZPcZOmvw5ZExaA=| DispatcherQueue3-Minutely stats:
ItemsInQueue : Min 1, Max 101, Avg 53
TimeInQueue : Min 00:00:00.5039956, Max 00:01:14.8252556, Avg 00:00:05.9620000
TimeToProcess : Min 00:00:00.1518457, Max 00:01:08.2599825, Avg 00:00:02.1550000
AvgEnqueueRate : 1,70/s
AvgDequeueRate : 0,45/s
TotalDropped : 0
TotalEnqueued : 136
TotalDequeued : 36
2016-03-02 16:42:44,469 [19] [DEBUG] |mQBbiCpkXplVZA9Y5tzIl9umfWI=| DispatcherQueue2-Minutely stats:
ItemsInQueue : Min 1, Max 93, Avg 49
TimeInQueue : Min 00:00:00.4939957, Max 00:00:06.5729349, Avg 00:00:03.8770000
TimeToProcess : Min 00:00:00.1385601, Max 00:00:00.4908314, Avg 00:00:00.2510000
AvgEnqueueRate : 1,63/s
AvgDequeueRate : 0,47/s
TotalDropped : 0
TotalEnqueued : 131
TotalDequeued : 38
2016-03-02 19:00:48,020 [20] [DEBUG] |bgWxqE4lDUHUXwK6T8ooodU6TMU=| -Minutely stats:
ItemsInQueue : Min , Max , Avg 
TimeInQueue : Min , Max , Avg 
TimeToProcess : Min , Max , Avg 
AvgEnqueueRate : 0,00/s
AvgDequeueRate : 0,00/s
TotalDropped : 0
TotalEnqueued : 0
TotalDequeued : 0
2016-03-02 19:00:48,040 [31] [DEBUG] |U5xZ3HyrbuXU2nJLPRWZWC0D7Y8=| -Minutely stats:
ItemsInQueue : Min , Max , Avg 
TimeInQueue : Min , Max , Avg 
TimeToProcess : Min , Max , Avg 
AvgEnqueueRate : 0,00/s
AvgDequeueRate : 0,00/s
TotalDropped : 0
TotalEnqueued : 0
TotalDequeued : 0
2016-03-02 19:00:52,677 [16] [DEBUG] |ftesz2nXzGqRI2s0iubUd6QKGGs=| DispatcherQueue3-Minutely stats:
ItemsInQueue : Min 1, Max 102, Avg 51
TimeInQueue : Min 00:00:00.3290073, Max 00:00:43.8749298, Avg 00:00:09.0420000
TimeToProcess : Min 00:00:00.1417652, Max 00:00:20.6973382, Avg 00:00:00.4230000
AvgEnqueueRate : 2,86/s
AvgDequeueRate : 1,76/s
TotalDropped : 0
TotalEnqueued : 213
TotalDequeued : 131
2016-03-02 19:01:40,850 [20] [DEBUG] |RLN5QyH2CZS2yFKRe+FgJJZup1M=| -Minutely stats:
ItemsInQueue : Min , Max , Avg 
TimeInQueue : Min , Max , Avg 
TimeToProcess : Min , Max , Avg 
AvgEnqueueRate : 0,00/s
AvgDequeueRate : 0,00/s
TotalDropped : 0
TotalEnqueued : 0
TotalDequeued : 0
2016-03-02 19:01:40,882 [16] [DEBUG] |6PkV9ERC4o5/bXvjBAbjHqR0E/w=| DispatcherQueue2-Minutely stats:
ItemsInQueue : Min 1, Max 105, Avg 58
TimeInQueue : Min 00:00:00.5090109, Max 00:00:43.8349290, Avg 00:00:09.1020000
TimeToProcess : Min 00:00:00.1299319, Max 00:00:20.6326671, Avg 00:00:00.4210000
AvgEnqueueRate : 1,79/s
AvgDequeueRate : 1,08/s
TotalDropped : 0
TotalEnqueued : 220
TotalDequeued : 132
2016-03-02 19:01:40,902 [20] [DEBUG] |a35HWzNcPX84jQuEY6/NLQ/cszA=| DispatcherQueue1-Minutely stats:
ItemsInQueue : Min 0, Max 113, Avg 59
TimeInQueue : Min 00:00:00.1700034, Max 00:00:43.6239239, Avg 00:00:08.7220000
TimeToProcess : Min 00:00:00.1066339, Max 00:00:23.7936635, Avg 00:00:00.4070000
AvgEnqueueRate : 1,94/s
AvgDequeueRate : 1,11/s
TotalDropped : 0
TotalEnqueued : 238
TotalDequeued : 136
2016-03-02 19:02:09,288 [20] [DEBUG] |BbAJJ3JNQKwRSefuPAwB0xThsiA=| -Minutely stats:
ItemsInQueue : Min , Max , Avg 
TimeInQueue : Min , Max , Avg 
TimeToProcess : Min , Max , Avg 
AvgEnqueueRate : 0,00/s
AvgDequeueRate : 0,00/s
TotalDropped : 0
TotalEnqueued : 0
TotalDequeued : 0
2016-03-02 19:02:09,288 [16] [DEBUG] |7MnvWodmrPYtT9wQaLumkHpXqlc=| DispatcherQueue3-Minutely stats:
ItemsInQueue : Min 83, Max 108, Avg 95
TimeInQueue : Min 00:01:49.0083006, Max 00:01:49.0083006, Avg 00:01:49.0080000
TimeToProcess : Min 00:01:05.1544299, Max 00:01:05.1544299, Avg 00:01:05.1540000
AvgEnqueueRate : 0,35/s
AvgDequeueRate : 0,01/s
TotalDropped : 0
TotalEnqueued : 27
TotalDequeued : 1
2016-03-02 19:02:12,945 [10] [DEBUG] |DS/Z5FPZEKnS1OI8s59IGwqsm1c=| -Minutely stats:
ItemsInQueue : Min , Max , Avg 
TimeInQueue : Min , Max , Avg 
TimeToProcess : Min , Max , Avg 
AvgEnqueueRate : 0,00/s
AvgDequeueRate : 0,00/s
TotalDropped : 0
TotalEnqueued : 0
TotalDequeued : 0
2016-03-02 19:02:12,945 [16] [DEBUG] |o1emqu7I5plrsVdWOLpmngaQUHw=| DispatcherQueue2-Minutely stats:
ItemsInQueue : Min 88, Max 109, Avg 98
TimeInQueue : Min 00:01:49.0493015, Max 00:02:21.0409694, Avg 00:02:05.0450000
TimeToProcess : Min 00:00:32.0223725, Max 00:01:05.2113332, Avg 00:00:48.6170000
AvgEnqueueRate : 0,69/s
AvgDequeueRate : 0,06/s
TotalDropped : 0
TotalEnqueued : 22
TotalDequeued : 2
2016-03-02 19:02:13,751 [16] [DEBUG] |jzifT0rPY/WsO00DrfSEUV4rpuI=| DispatcherQueue1-Minutely stats:
ItemsInQueue : Min 103, Max 124, Avg 113
TimeInQueue : Min 00:01:55.7154417, Max 00:01:55.7154417, Avg 00:01:55.7150000
TimeToProcess : Min 00:01:12.0925060, Max 00:01:12.0925060, Avg 00:01:12.0930000
AvgEnqueueRate : 0,70/s
AvgDequeueRate : 0,03/s
TotalDropped : 0
TotalEnqueued : 23
TotalDequeued : 1
2016-03-02 19:02:13,751 [10] [DEBUG] |sK1KIqMR5p2Zh6DfposxpmUn9pM=| -Minutely stats:
ItemsInQueue : Min , Max , Avg 
TimeInQueue : Min , Max , Avg 
TimeToProcess : Min , Max , Avg 
AvgEnqueueRate : 0,00/s
AvgDequeueRate : 0,00/s
TotalDropped : 0
TotalEnqueued : 0
TotalDequeued : 0
